[0.211s] Invoking command in '/home/dynepanch/ros2_ws3/ros2_ws/build/person_msgs': CMAKE_PREFIX_PATH=/home/dynepanch/ros2_ws3/ros2_ws/install/mypkg:/opt/ros/humble /usr/bin/cmake /home/dynepanch/ros2_ws3/ros2_ws/person_msgs -DCMAKE_INSTALL_PREFIX=/home/dynepanch/ros2_ws3/ros2_ws/install/person_msgs
[0.219s] -- Found ament_cmake: 1.3.2 (/opt/ros/humble/share/ament_cmake/cmake)
[0.330s] -- Found rosidl_default_generators: 1.2.0 (/opt/ros/humble/share/rosidl_default_generators/cmake)
[0.332s] -- Using all available rosidl_typesupport_c: rosidl_typesupport_fastrtps_c;rosidl_typesupport_introspection_c
[0.334s] -- Found rosidl_adapter: 3.1.3 (/opt/ros/humble/share/rosidl_adapter/cmake)
[0.473s] -- Using all available rosidl_typesupport_cpp: rosidl_typesupport_fastrtps_cpp;rosidl_typesupport_introspection_cpp
[0.709s] -- Found ament_cmake_ros: 0.10.0 (/opt/ros/humble/share/ament_cmake_ros/cmake)
[0.882s] -- Using all available rosidl_typesupport_c: rosidl_typesupport_fastrtps_c;rosidl_typesupport_introspection_c
[1.078s] -- Using all available rosidl_typesupport_cpp: rosidl_typesupport_fastrtps_cpp;rosidl_typesupport_introspection_cpp
[1.184s] -- Found PythonInterp: /usr/bin/python3 (found suitable version "3.10.6", minimum required is "3.6") 
[1.186s] -- Found python_cmake_module: 0.10.0 (/opt/ros/humble/share/python_cmake_module/cmake)
[1.512s] -- Found PythonLibs: /usr/lib/x86_64-linux-gnu/libpython3.10.so (found suitable version "3.10.6", minimum required is "3.5") 
[1.512s] -- Using PYTHON_EXECUTABLE: /usr/bin/python3
[1.512s] -- Using PYTHON_INCLUDE_DIRS: /usr/include/python3.10
[1.513s] -- Using PYTHON_LIBRARIES: /usr/lib/x86_64-linux-gnu/libpython3.10.so
[1.531s] -- Found PythonExtra: .so  
[1.589s] -- Found ament_lint_auto: 0.12.4 (/opt/ros/humble/share/ament_lint_auto/cmake)
[1.615s] -- Added test 'lint_cmake' to check CMake code style
[1.616s] -- Added test 'xmllint' to check XML markup files
[1.619s] -- Configuring done
[1.640s] -- Generating done
[1.641s] -- Build files have been written to: /home/dynepanch/ros2_ws3/ros2_ws/build/person_msgs
[1.647s] Invoked command in '/home/dynepanch/ros2_ws3/ros2_ws/build/person_msgs' returned '0': CMAKE_PREFIX_PATH=/home/dynepanch/ros2_ws3/ros2_ws/install/mypkg:/opt/ros/humble /usr/bin/cmake /home/dynepanch/ros2_ws3/ros2_ws/person_msgs -DCMAKE_INSTALL_PREFIX=/home/dynepanch/ros2_ws3/ros2_ws/install/person_msgs
[1.649s] Invoking command in '/home/dynepanch/ros2_ws3/ros2_ws/build/person_msgs': CMAKE_PREFIX_PATH=/home/dynepanch/ros2_ws3/ros2_ws/install/mypkg:/opt/ros/humble /usr/bin/cmake --build /home/dynepanch/ros2_ws3/ros2_ws/build/person_msgs -- -j12 -l12
[1.674s] [  3%] [34m[1mGenerating C code for ROS interfaces[0m
[1.680s] [  6%] [34m[1mGenerating C++ code for ROS interfaces[0m
[1.686s] [  6%] Built target ament_cmake_python_copy_person_msgs
[1.897s] [  9%] [32mBuilding C object CMakeFiles/person_msgs__rosidl_generator_c.dir/rosidl_generator_c/person_msgs/msg/detail/person__functions.c.o[0m
[1.911s] running egg_info
[1.911s] [  9%] Built target person_msgs__cpp
[1.911s] creating person_msgs.egg-info
[1.911s] writing person_msgs.egg-info/PKG-INFO
[1.912s] writing dependency_links to person_msgs.egg-info/dependency_links.txt
[1.912s] writing top-level names to person_msgs.egg-info/top_level.txt
[1.912s] writing manifest file 'person_msgs.egg-info/SOURCES.txt'
[1.914s] reading manifest file 'person_msgs.egg-info/SOURCES.txt'
[1.914s] writing manifest file 'person_msgs.egg-info/SOURCES.txt'
[1.917s] [ 16%] [34m[1mGenerating C++ introspection for ROS interfaces[0m
[1.918s] [ 16%] [34m[1mGenerating C++ type support dispatch for ROS interfaces[0m
[1.918s] [ 19%] [34m[1mGenerating C++ type support for eProsima Fast-RTPS[0m
[1.943s] [ 19%] Built target ament_cmake_python_build_person_msgs_egg
[1.982s] [ 22%] [32m[1mLinking C shared library libperson_msgs__rosidl_generator_c.so[0m
[2.075s] [ 22%] Built target person_msgs__rosidl_generator_c
[2.082s] [ 25%] [34m[1mGenerating C type support dispatch for ROS interfaces[0m
[2.082s] [ 29%] [34m[1mGenerating C introspection for ROS interfaces[0m
[2.084s] [ 32%] [34m[1mGenerating C type support for eProsima Fast-RTPS[0m
[2.127s] [ 35%] [32mBuilding CXX object CMakeFiles/person_msgs__rosidl_typesupport_cpp.dir/rosidl_typesupport_cpp/person_msgs/msg/person__type_support.cpp.o[0m
[2.164s] [ 38%] [32mBuilding CXX object CMakeFiles/person_msgs__rosidl_typesupport_introspection_cpp.dir/rosidl_typesupport_introspection_cpp/person_msgs/msg/detail/person__type_support.cpp.o[0m
[2.167s] [ 41%] [32mBuilding CXX object CMakeFiles/person_msgs__rosidl_typesupport_fastrtps_cpp.dir/rosidl_typesupport_fastrtps_cpp/person_msgs/msg/detail/dds_fastrtps/person__type_support.cpp.o[0m
[2.318s] [ 45%] [32mBuilding CXX object CMakeFiles/person_msgs__rosidl_typesupport_c.dir/rosidl_typesupport_c/person_msgs/msg/person__type_support.cpp.o[0m
[2.346s] [ 48%] [32mBuilding C object CMakeFiles/person_msgs__rosidl_typesupport_introspection_c.dir/rosidl_typesupport_introspection_c/person_msgs/msg/detail/person__type_support.c.o[0m
[2.346s] [ 51%] [32m[1mLinking CXX shared library libperson_msgs__rosidl_typesupport_c.so[0m
[2.354s] [ 54%] [32mBuilding CXX object CMakeFiles/person_msgs__rosidl_typesupport_fastrtps_c.dir/rosidl_typesupport_fastrtps_c/person_msgs/msg/detail/person__type_support_c.cpp.o[0m
[2.379s] [ 58%] [32m[1mLinking C shared library libperson_msgs__rosidl_typesupport_introspection_c.so[0m
[2.471s] [ 61%] [32m[1mLinking CXX shared library libperson_msgs__rosidl_typesupport_cpp.so[0m
[2.473s] [ 61%] Built target person_msgs__rosidl_typesupport_c
[2.495s] [ 61%] Built target person_msgs__rosidl_typesupport_introspection_c
[2.578s] [ 61%] Built target person_msgs__rosidl_typesupport_cpp
[2.608s] [ 64%] [32m[1mLinking CXX shared library libperson_msgs__rosidl_typesupport_introspection_cpp.so[0m
[2.628s] [ 67%] [32m[1mLinking CXX shared library libperson_msgs__rosidl_typesupport_fastrtps_cpp.so[0m
[2.742s] [ 70%] [32m[1mLinking CXX shared library libperson_msgs__rosidl_typesupport_fastrtps_c.so[0m
[2.754s] [ 70%] Built target person_msgs__rosidl_typesupport_introspection_cpp
[2.769s] [ 70%] Built target person_msgs__rosidl_typesupport_fastrtps_cpp
[2.858s] [ 70%] Built target person_msgs__rosidl_typesupport_fastrtps_c
[2.872s] [ 70%] Built target person_msgs
[2.883s] [ 74%] [34m[1mGenerating Python code for ROS interfaces[0m
[3.214s] [ 74%] Built target person_msgs__py
[3.226s] [ 77%] [32mBuilding C object CMakeFiles/person_msgs__rosidl_generator_py.dir/rosidl_generator_py/person_msgs/msg/_person_s.c.o[0m
[3.348s] [ 80%] [32m[1mLinking C shared library rosidl_generator_py/person_msgs/libperson_msgs__rosidl_generator_py.so[0m
[3.433s] [ 80%] Built target person_msgs__rosidl_generator_py
[3.450s] [ 90%] [32mBuilding C object CMakeFiles/person_msgs__rosidl_typesupport_introspection_c__pyext.dir/rosidl_generator_py/person_msgs/_person_msgs_s.ep.rosidl_typesupport_introspection_c.c.o[0m
[3.450s] [ 90%] [32mBuilding C object CMakeFiles/person_msgs__rosidl_typesupport_c__pyext.dir/rosidl_generator_py/person_msgs/_person_msgs_s.ep.rosidl_typesupport_c.c.o[0m
[3.450s] [ 90%] [32mBuilding C object CMakeFiles/person_msgs__rosidl_typesupport_fastrtps_c__pyext.dir/rosidl_generator_py/person_msgs/_person_msgs_s.ep.rosidl_typesupport_fastrtps_c.c.o[0m
[3.528s] [ 93%] [32m[1mLinking C shared library rosidl_generator_py/person_msgs/person_msgs_s__rosidl_typesupport_fastrtps_c.cpython-310-x86_64-linux-gnu.so[0m
[3.529s] [ 96%] [32m[1mLinking C shared library rosidl_generator_py/person_msgs/person_msgs_s__rosidl_typesupport_c.cpython-310-x86_64-linux-gnu.so[0m
[3.545s] [100%] [32m[1mLinking C shared library rosidl_generator_py/person_msgs/person_msgs_s__rosidl_typesupport_introspection_c.cpython-310-x86_64-linux-gnu.so[0m
[3.600s] [100%] Built target person_msgs__rosidl_typesupport_c__pyext
[3.604s] [100%] Built target person_msgs__rosidl_typesupport_fastrtps_c__pyext
[3.625s] [100%] Built target person_msgs__rosidl_typesupport_introspection_c__pyext
[3.633s] Invoked command in '/home/dynepanch/ros2_ws3/ros2_ws/build/person_msgs' returned '0': CMAKE_PREFIX_PATH=/home/dynepanch/ros2_ws3/ros2_ws/install/mypkg:/opt/ros/humble /usr/bin/cmake --build /home/dynepanch/ros2_ws3/ros2_ws/build/person_msgs -- -j12 -l12
[3.673s] Invoking command in '/home/dynepanch/ros2_ws3/ros2_ws/build/person_msgs': CMAKE_PREFIX_PATH=/home/dynepanch/ros2_ws3/ros2_ws/install/mypkg:/opt/ros/humble /usr/bin/cmake --install /home/dynepanch/ros2_ws3/ros2_ws/build/person_msgs
[3.678s] -- Install configuration: ""
[3.678s] -- Installing: /home/dynepanch/ros2_ws3/ros2_ws/install/person_msgs/share/ament_index/resource_index/rosidl_interfaces/person_msgs
[3.678s] -- Installing: /home/dynepanch/ros2_ws3/ros2_ws/install/person_msgs/include/person_msgs/person_msgs
[3.678s] -- Installing: /home/dynepanch/ros2_ws3/ros2_ws/install/person_msgs/include/person_msgs/person_msgs/msg
[3.678s] -- Installing: /home/dynepanch/ros2_ws3/ros2_ws/install/person_msgs/include/person_msgs/person_msgs/msg/person.h
[3.679s] -- Installing: /home/dynepanch/ros2_ws3/ros2_ws/install/person_msgs/include/person_msgs/person_msgs/msg/rosidl_generator_c__visibility_control.h
[3.679s] -- Installing: /home/dynepanch/ros2_ws3/ros2_ws/install/person_msgs/include/person_msgs/person_msgs/msg/detail
[3.679s] -- Installing: /home/dynepanch/ros2_ws3/ros2_ws/install/person_msgs/include/person_msgs/person_msgs/msg/detail/person__functions.c
[3.679s] -- Installing: /home/dynepanch/ros2_ws3/ros2_ws/install/person_msgs/include/person_msgs/person_msgs/msg/detail/person__type_support.h
[3.680s] -- Installing: /home/dynepanch/ros2_ws3/ros2_ws/install/person_msgs/include/person_msgs/person_msgs/msg/detail/person__functions.h
[3.680s] -- Installing: /home/dynepanch/ros2_ws3/ros2_ws/install/person_msgs/include/person_msgs/person_msgs/msg/detail/person__struct.h
[3.680s] -- Installing: /home/dynepanch/ros2_ws3/ros2_ws/install/person_msgs/share/person_msgs/environment/library_path.sh
[3.680s] -- Installing: /home/dynepanch/ros2_ws3/ros2_ws/install/person_msgs/share/person_msgs/environment/library_path.dsv
[3.680s] -- Installing: /home/dynepanch/ros2_ws3/ros2_ws/install/person_msgs/lib/libperson_msgs__rosidl_generator_c.so
[3.680s] -- Set runtime path of "/home/dynepanch/ros2_ws3/ros2_ws/install/person_msgs/lib/libperson_msgs__rosidl_generator_c.so" to ""
[3.681s] -- Up-to-date: /home/dynepanch/ros2_ws3/ros2_ws/install/person_msgs/include/person_msgs/person_msgs
[3.681s] -- Up-to-date: /home/dynepanch/ros2_ws3/ros2_ws/install/person_msgs/include/person_msgs/person_msgs/msg
[3.681s] -- Installing: /home/dynepanch/ros2_ws3/ros2_ws/install/person_msgs/include/person_msgs/person_msgs/msg/rosidl_typesupport_fastrtps_c__visibility_control.h
[3.681s] -- Up-to-date: /home/dynepanch/ros2_ws3/ros2_ws/install/person_msgs/include/person_msgs/person_msgs/msg/detail
[3.682s] -- Installing: /home/dynepanch/ros2_ws3/ros2_ws/install/person_msgs/include/person_msgs/person_msgs/msg/detail/person__rosidl_typesupport_fastrtps_c.h
[3.682s] -- Installing: /home/dynepanch/ros2_ws3/ros2_ws/install/person_msgs/lib/libperson_msgs__rosidl_typesupport_fastrtps_c.so
[3.682s] -- Set runtime path of "/home/dynepanch/ros2_ws3/ros2_ws/install/person_msgs/lib/libperson_msgs__rosidl_typesupport_fastrtps_c.so" to ""
[3.682s] -- Up-to-date: /home/dynepanch/ros2_ws3/ros2_ws/install/person_msgs/include/person_msgs/person_msgs
[3.682s] -- Up-to-date: /home/dynepanch/ros2_ws3/ros2_ws/install/person_msgs/include/person_msgs/person_msgs/msg
[3.682s] -- Installing: /home/dynepanch/ros2_ws3/ros2_ws/install/person_msgs/include/person_msgs/person_msgs/msg/rosidl_typesupport_introspection_c__visibility_control.h
[3.682s] -- Up-to-date: /home/dynepanch/ros2_ws3/ros2_ws/install/person_msgs/include/person_msgs/person_msgs/msg/detail
[3.683s] -- Installing: /home/dynepanch/ros2_ws3/ros2_ws/install/person_msgs/include/person_msgs/person_msgs/msg/detail/person__type_support.c
[3.683s] -- Installing: /home/dynepanch/ros2_ws3/ros2_ws/install/person_msgs/include/person_msgs/person_msgs/msg/detail/person__rosidl_typesupport_introspection_c.h
[3.683s] -- Installing: /home/dynepanch/ros2_ws3/ros2_ws/install/person_msgs/lib/libperson_msgs__rosidl_typesupport_introspection_c.so
[3.683s] -- Set runtime path of "/home/dynepanch/ros2_ws3/ros2_ws/install/person_msgs/lib/libperson_msgs__rosidl_typesupport_introspection_c.so" to ""
[3.683s] -- Installing: /home/dynepanch/ros2_ws3/ros2_ws/install/person_msgs/lib/libperson_msgs__rosidl_typesupport_c.so
[3.683s] -- Set runtime path of "/home/dynepanch/ros2_ws3/ros2_ws/install/person_msgs/lib/libperson_msgs__rosidl_typesupport_c.so" to ""
[3.684s] -- Up-to-date: /home/dynepanch/ros2_ws3/ros2_ws/install/person_msgs/include/person_msgs/person_msgs
[3.684s] -- Up-to-date: /home/dynepanch/ros2_ws3/ros2_ws/install/person_msgs/include/person_msgs/person_msgs/msg
[3.684s] -- Installing: /home/dynepanch/ros2_ws3/ros2_ws/install/person_msgs/include/person_msgs/person_msgs/msg/person.hpp
[3.684s] -- Up-to-date: /home/dynepanch/ros2_ws3/ros2_ws/install/person_msgs/include/person_msgs/person_msgs/msg/detail
[3.684s] -- Installing: /home/dynepanch/ros2_ws3/ros2_ws/install/person_msgs/include/person_msgs/person_msgs/msg/detail/person__builder.hpp
[3.684s] -- Installing: /home/dynepanch/ros2_ws3/ros2_ws/install/person_msgs/include/person_msgs/person_msgs/msg/detail/person__traits.hpp
[3.685s] -- Installing: /home/dynepanch/ros2_ws3/ros2_ws/install/person_msgs/include/person_msgs/person_msgs/msg/detail/person__struct.hpp
[3.685s] -- Up-to-date: /home/dynepanch/ros2_ws3/ros2_ws/install/person_msgs/include/person_msgs/person_msgs
[3.685s] -- Up-to-date: /home/dynepanch/ros2_ws3/ros2_ws/install/person_msgs/include/person_msgs/person_msgs/msg
[3.685s] -- Installing: /home/dynepanch/ros2_ws3/ros2_ws/install/person_msgs/include/person_msgs/person_msgs/msg/rosidl_typesupport_fastrtps_cpp__visibility_control.h
[3.685s] -- Up-to-date: /home/dynepanch/ros2_ws3/ros2_ws/install/person_msgs/include/person_msgs/person_msgs/msg/detail
[3.685s] -- Installing: /home/dynepanch/ros2_ws3/ros2_ws/install/person_msgs/include/person_msgs/person_msgs/msg/detail/dds_fastrtps
[3.686s] -- Installing: /home/dynepanch/ros2_ws3/ros2_ws/install/person_msgs/include/person_msgs/person_msgs/msg/detail/person__rosidl_typesupport_fastrtps_cpp.hpp
[3.686s] -- Installing: /home/dynepanch/ros2_ws3/ros2_ws/install/person_msgs/lib/libperson_msgs__rosidl_typesupport_fastrtps_cpp.so
[3.686s] -- Set runtime path of "/home/dynepanch/ros2_ws3/ros2_ws/install/person_msgs/lib/libperson_msgs__rosidl_typesupport_fastrtps_cpp.so" to ""
[3.686s] -- Up-to-date: /home/dynepanch/ros2_ws3/ros2_ws/install/person_msgs/include/person_msgs/person_msgs
[3.686s] -- Up-to-date: /home/dynepanch/ros2_ws3/ros2_ws/install/person_msgs/include/person_msgs/person_msgs/msg
[3.686s] -- Up-to-date: /home/dynepanch/ros2_ws3/ros2_ws/install/person_msgs/include/person_msgs/person_msgs/msg/detail
[3.686s] -- Installing: /home/dynepanch/ros2_ws3/ros2_ws/install/person_msgs/include/person_msgs/person_msgs/msg/detail/person__rosidl_typesupport_introspection_cpp.hpp
[3.686s] -- Installing: /home/dynepanch/ros2_ws3/ros2_ws/install/person_msgs/include/person_msgs/person_msgs/msg/detail/person__type_support.cpp
[3.686s] -- Installing: /home/dynepanch/ros2_ws3/ros2_ws/install/person_msgs/lib/libperson_msgs__rosidl_typesupport_introspection_cpp.so
[3.686s] -- Set runtime path of "/home/dynepanch/ros2_ws3/ros2_ws/install/person_msgs/lib/libperson_msgs__rosidl_typesupport_introspection_cpp.so" to ""
[3.686s] -- Installing: /home/dynepanch/ros2_ws3/ros2_ws/install/person_msgs/lib/libperson_msgs__rosidl_typesupport_cpp.so
[3.686s] -- Set runtime path of "/home/dynepanch/ros2_ws3/ros2_ws/install/person_msgs/lib/libperson_msgs__rosidl_typesupport_cpp.so" to ""
[3.686s] -- Installing: /home/dynepanch/ros2_ws3/ros2_ws/install/person_msgs/share/person_msgs/environment/pythonpath.sh
[3.687s] -- Installing: /home/dynepanch/ros2_ws3/ros2_ws/install/person_msgs/share/person_msgs/environment/pythonpath.dsv
[3.687s] -- Installing: /home/dynepanch/ros2_ws3/ros2_ws/install/person_msgs/local/lib/python3.10/dist-packages/person_msgs-0.0.0-py3.10.egg-info
[3.687s] -- Installing: /home/dynepanch/ros2_ws3/ros2_ws/install/person_msgs/local/lib/python3.10/dist-packages/person_msgs-0.0.0-py3.10.egg-info/top_level.txt
[3.687s] -- Installing: /home/dynepanch/ros2_ws3/ros2_ws/install/person_msgs/local/lib/python3.10/dist-packages/person_msgs-0.0.0-py3.10.egg-info/dependency_links.txt
[3.687s] -- Installing: /home/dynepanch/ros2_ws3/ros2_ws/install/person_msgs/local/lib/python3.10/dist-packages/person_msgs-0.0.0-py3.10.egg-info/SOURCES.txt
[3.687s] -- Installing: /home/dynepanch/ros2_ws3/ros2_ws/install/person_msgs/local/lib/python3.10/dist-packages/person_msgs-0.0.0-py3.10.egg-info/PKG-INFO
[3.687s] -- Installing: /home/dynepanch/ros2_ws3/ros2_ws/install/person_msgs/local/lib/python3.10/dist-packages/person_msgs
[3.687s] -- Installing: /home/dynepanch/ros2_ws3/ros2_ws/install/person_msgs/local/lib/python3.10/dist-packages/person_msgs/libperson_msgs__rosidl_generator_py.so
[3.687s] -- Installing: /home/dynepanch/ros2_ws3/ros2_ws/install/person_msgs/local/lib/python3.10/dist-packages/person_msgs/_person_msgs_s.ep.rosidl_typesupport_introspection_c.c
[3.687s] -- Installing: /home/dynepanch/ros2_ws3/ros2_ws/install/person_msgs/local/lib/python3.10/dist-packages/person_msgs/_person_msgs_s.ep.rosidl_typesupport_c.c
[3.687s] -- Installing: /home/dynepanch/ros2_ws3/ros2_ws/install/person_msgs/local/lib/python3.10/dist-packages/person_msgs/person_msgs_s__rosidl_typesupport_fastrtps_c.cpython-310-x86_64-linux-gnu.so
[3.687s] -- Installing: /home/dynepanch/ros2_ws3/ros2_ws/install/person_msgs/local/lib/python3.10/dist-packages/person_msgs/msg
[3.687s] -- Installing: /home/dynepanch/ros2_ws3/ros2_ws/install/person_msgs/local/lib/python3.10/dist-packages/person_msgs/msg/_person.py
[3.687s] -- Installing: /home/dynepanch/ros2_ws3/ros2_ws/install/person_msgs/local/lib/python3.10/dist-packages/person_msgs/msg/_person_s.c
[3.687s] -- Installing: /home/dynepanch/ros2_ws3/ros2_ws/install/person_msgs/local/lib/python3.10/dist-packages/person_msgs/msg/__init__.py
[3.687s] -- Installing: /home/dynepanch/ros2_ws3/ros2_ws/install/person_msgs/local/lib/python3.10/dist-packages/person_msgs/person_msgs_s__rosidl_typesupport_introspection_c.cpython-310-x86_64-linux-gnu.so
[3.687s] -- Installing: /home/dynepanch/ros2_ws3/ros2_ws/install/person_msgs/local/lib/python3.10/dist-packages/person_msgs/person_msgs_s__rosidl_typesupport_c.cpython-310-x86_64-linux-gnu.so
[3.687s] -- Installing: /home/dynepanch/ros2_ws3/ros2_ws/install/person_msgs/local/lib/python3.10/dist-packages/person_msgs/_person_msgs_s.ep.rosidl_typesupport_fastrtps_c.c
[3.687s] -- Installing: /home/dynepanch/ros2_ws3/ros2_ws/install/person_msgs/local/lib/python3.10/dist-packages/person_msgs/__init__.py
[3.714s] Listing '/home/dynepanch/ros2_ws3/ros2_ws/install/person_msgs/local/lib/python3.10/dist-packages/person_msgs'...
[3.714s] Compiling '/home/dynepanch/ros2_ws3/ros2_ws/install/person_msgs/local/lib/python3.10/dist-packages/person_msgs/__init__.py'...
[3.714s] Listing '/home/dynepanch/ros2_ws3/ros2_ws/install/person_msgs/local/lib/python3.10/dist-packages/person_msgs/msg'...
[3.714s] Compiling '/home/dynepanch/ros2_ws3/ros2_ws/install/person_msgs/local/lib/python3.10/dist-packages/person_msgs/msg/__init__.py'...
[3.715s] Compiling '/home/dynepanch/ros2_ws3/ros2_ws/install/person_msgs/local/lib/python3.10/dist-packages/person_msgs/msg/_person.py'...
[3.719s] -- Installing: /home/dynepanch/ros2_ws3/ros2_ws/install/person_msgs/local/lib/python3.10/dist-packages/person_msgs/person_msgs_s__rosidl_typesupport_fastrtps_c.cpython-310-x86_64-linux-gnu.so
[3.719s] -- Set runtime path of "/home/dynepanch/ros2_ws3/ros2_ws/install/person_msgs/local/lib/python3.10/dist-packages/person_msgs/person_msgs_s__rosidl_typesupport_fastrtps_c.cpython-310-x86_64-linux-gnu.so" to ""
[3.719s] -- Installing: /home/dynepanch/ros2_ws3/ros2_ws/install/person_msgs/local/lib/python3.10/dist-packages/person_msgs/person_msgs_s__rosidl_typesupport_introspection_c.cpython-310-x86_64-linux-gnu.so
[3.719s] -- Set runtime path of "/home/dynepanch/ros2_ws3/ros2_ws/install/person_msgs/local/lib/python3.10/dist-packages/person_msgs/person_msgs_s__rosidl_typesupport_introspection_c.cpython-310-x86_64-linux-gnu.so" to ""
[3.719s] -- Installing: /home/dynepanch/ros2_ws3/ros2_ws/install/person_msgs/local/lib/python3.10/dist-packages/person_msgs/person_msgs_s__rosidl_typesupport_c.cpython-310-x86_64-linux-gnu.so
[3.720s] -- Set runtime path of "/home/dynepanch/ros2_ws3/ros2_ws/install/person_msgs/local/lib/python3.10/dist-packages/person_msgs/person_msgs_s__rosidl_typesupport_c.cpython-310-x86_64-linux-gnu.so" to ""
[3.720s] -- Installing: /home/dynepanch/ros2_ws3/ros2_ws/install/person_msgs/lib/libperson_msgs__rosidl_generator_py.so
[3.720s] -- Set runtime path of "/home/dynepanch/ros2_ws3/ros2_ws/install/person_msgs/lib/libperson_msgs__rosidl_generator_py.so" to ""
[3.720s] -- Installing: /home/dynepanch/ros2_ws3/ros2_ws/install/person_msgs/share/person_msgs/msg/Person.idl
[3.720s] -- Installing: /home/dynepanch/ros2_ws3/ros2_ws/install/person_msgs/share/person_msgs/msg/Person.msg
[3.721s] -- Installing: /home/dynepanch/ros2_ws3/ros2_ws/install/person_msgs/share/ament_index/resource_index/package_run_dependencies/person_msgs
[3.721s] -- Installing: /home/dynepanch/ros2_ws3/ros2_ws/install/person_msgs/share/ament_index/resource_index/parent_prefix_path/person_msgs
[3.721s] -- Installing: /home/dynepanch/ros2_ws3/ros2_ws/install/person_msgs/share/person_msgs/environment/ament_prefix_path.sh
[3.721s] -- Installing: /home/dynepanch/ros2_ws3/ros2_ws/install/person_msgs/share/person_msgs/environment/ament_prefix_path.dsv
[3.721s] -- Installing: /home/dynepanch/ros2_ws3/ros2_ws/install/person_msgs/share/person_msgs/environment/path.sh
[3.721s] -- Installing: /home/dynepanch/ros2_ws3/ros2_ws/install/person_msgs/share/person_msgs/environment/path.dsv
[3.722s] -- Installing: /home/dynepanch/ros2_ws3/ros2_ws/install/person_msgs/share/person_msgs/local_setup.bash
[3.722s] -- Installing: /home/dynepanch/ros2_ws3/ros2_ws/install/person_msgs/share/person_msgs/local_setup.sh
[3.722s] -- Installing: /home/dynepanch/ros2_ws3/ros2_ws/install/person_msgs/share/person_msgs/local_setup.zsh
[3.722s] -- Installing: /home/dynepanch/ros2_ws3/ros2_ws/install/person_msgs/share/person_msgs/local_setup.dsv
[3.722s] -- Installing: /home/dynepanch/ros2_ws3/ros2_ws/install/person_msgs/share/person_msgs/package.dsv
[3.722s] -- Installing: /home/dynepanch/ros2_ws3/ros2_ws/install/person_msgs/share/ament_index/resource_index/packages/person_msgs
[3.723s] -- Installing: /home/dynepanch/ros2_ws3/ros2_ws/install/person_msgs/share/person_msgs/cmake/export_person_msgs__rosidl_generator_cExport.cmake
[3.723s] -- Installing: /home/dynepanch/ros2_ws3/ros2_ws/install/person_msgs/share/person_msgs/cmake/export_person_msgs__rosidl_generator_cExport-noconfig.cmake
[3.723s] -- Installing: /home/dynepanch/ros2_ws3/ros2_ws/install/person_msgs/share/person_msgs/cmake/export_person_msgs__rosidl_typesupport_fastrtps_cExport.cmake
[3.723s] -- Installing: /home/dynepanch/ros2_ws3/ros2_ws/install/person_msgs/share/person_msgs/cmake/export_person_msgs__rosidl_typesupport_fastrtps_cExport-noconfig.cmake
[3.723s] -- Installing: /home/dynepanch/ros2_ws3/ros2_ws/install/person_msgs/share/person_msgs/cmake/person_msgs__rosidl_typesupport_introspection_cExport.cmake
[3.724s] -- Installing: /home/dynepanch/ros2_ws3/ros2_ws/install/person_msgs/share/person_msgs/cmake/person_msgs__rosidl_typesupport_introspection_cExport-noconfig.cmake
[3.724s] -- Installing: /home/dynepanch/ros2_ws3/ros2_ws/install/person_msgs/share/person_msgs/cmake/person_msgs__rosidl_typesupport_cExport.cmake
[3.724s] -- Installing: /home/dynepanch/ros2_ws3/ros2_ws/install/person_msgs/share/person_msgs/cmake/person_msgs__rosidl_typesupport_cExport-noconfig.cmake
[3.724s] -- Installing: /home/dynepanch/ros2_ws3/ros2_ws/install/person_msgs/share/person_msgs/cmake/export_person_msgs__rosidl_generator_cppExport.cmake
[3.724s] -- Installing: /home/dynepanch/ros2_ws3/ros2_ws/install/person_msgs/share/person_msgs/cmake/export_person_msgs__rosidl_typesupport_fastrtps_cppExport.cmake
[3.724s] -- Installing: /home/dynepanch/ros2_ws3/ros2_ws/install/person_msgs/share/person_msgs/cmake/export_person_msgs__rosidl_typesupport_fastrtps_cppExport-noconfig.cmake
[3.724s] -- Installing: /home/dynepanch/ros2_ws3/ros2_ws/install/person_msgs/share/person_msgs/cmake/person_msgs__rosidl_typesupport_introspection_cppExport.cmake
[3.725s] -- Installing: /home/dynepanch/ros2_ws3/ros2_ws/install/person_msgs/share/person_msgs/cmake/person_msgs__rosidl_typesupport_introspection_cppExport-noconfig.cmake
[3.725s] -- Installing: /home/dynepanch/ros2_ws3/ros2_ws/install/person_msgs/share/person_msgs/cmake/person_msgs__rosidl_typesupport_cppExport.cmake
[3.725s] -- Installing: /home/dynepanch/ros2_ws3/ros2_ws/install/person_msgs/share/person_msgs/cmake/person_msgs__rosidl_typesupport_cppExport-noconfig.cmake
[3.725s] -- Installing: /home/dynepanch/ros2_ws3/ros2_ws/install/person_msgs/share/person_msgs/cmake/export_person_msgs__rosidl_generator_pyExport.cmake
[3.725s] -- Installing: /home/dynepanch/ros2_ws3/ros2_ws/install/person_msgs/share/person_msgs/cmake/export_person_msgs__rosidl_generator_pyExport-noconfig.cmake
[3.725s] -- Installing: /home/dynepanch/ros2_ws3/ros2_ws/install/person_msgs/share/person_msgs/cmake/rosidl_cmake-extras.cmake
[3.726s] -- Installing: /home/dynepanch/ros2_ws3/ros2_ws/install/person_msgs/share/person_msgs/cmake/ament_cmake_export_include_directories-extras.cmake
[3.726s] -- Installing: /home/dynepanch/ros2_ws3/ros2_ws/install/person_msgs/share/person_msgs/cmake/ament_cmake_export_libraries-extras.cmake
[3.726s] -- Installing: /home/dynepanch/ros2_ws3/ros2_ws/install/person_msgs/share/person_msgs/cmake/ament_cmake_export_targets-extras.cmake
[3.726s] -- Installing: /home/dynepanch/ros2_ws3/ros2_ws/install/person_msgs/share/person_msgs/cmake/rosidl_cmake_export_typesupport_targets-extras.cmake
[3.726s] -- Installing: /home/dynepanch/ros2_ws3/ros2_ws/install/person_msgs/share/person_msgs/cmake/ament_cmake_export_dependencies-extras.cmake
[3.726s] -- Installing: /home/dynepanch/ros2_ws3/ros2_ws/install/person_msgs/share/person_msgs/cmake/rosidl_cmake_export_typesupport_libraries-extras.cmake
[3.727s] -- Installing: /home/dynepanch/ros2_ws3/ros2_ws/install/person_msgs/share/person_msgs/cmake/person_msgsConfig.cmake
[3.727s] -- Installing: /home/dynepanch/ros2_ws3/ros2_ws/install/person_msgs/share/person_msgs/cmake/person_msgsConfig-version.cmake
[3.727s] -- Installing: /home/dynepanch/ros2_ws3/ros2_ws/install/person_msgs/share/person_msgs/package.xml
[3.731s] Invoked command in '/home/dynepanch/ros2_ws3/ros2_ws/build/person_msgs' returned '0': CMAKE_PREFIX_PATH=/home/dynepanch/ros2_ws3/ros2_ws/install/mypkg:/opt/ros/humble /usr/bin/cmake --install /home/dynepanch/ros2_ws3/ros2_ws/build/person_msgs
