[0.221s] Invoking command in '/home/dynepanch/ros2_ws3/ros2_ws/build/person_msgs': /usr/bin/cmake /home/dynepanch/ros2_ws3/ros2_ws/person_msgs -DCMAKE_INSTALL_PREFIX=/home/dynepanch/ros2_ws3/ros2_ws/install/person_msgs
[0.501s] -- The C compiler identification is GNU 11.3.0
[0.957s] -- The CXX compiler identification is GNU 11.3.0
[1.236s] -- Detecting C compiler ABI info
[1.352s] -- Detecting C compiler ABI info - done
[1.358s] -- Check for working C compiler: /usr/bin/cc - skipped
[1.358s] -- Detecting C compile features
[1.359s] -- Detecting C compile features - done
[1.366s] -- Detecting CXX compiler ABI info
[1.482s] -- Detecting CXX compiler ABI info - done
[1.488s] -- Check for working CXX compiler: /usr/bin/c++ - skipped
[1.488s] -- Detecting CXX compile features
[1.489s] -- Detecting CXX compile features - done
[1.495s] -- Found ament_cmake: 1.3.2 (/opt/ros/humble/share/ament_cmake/cmake)
[1.632s] -- Found Python3: /usr/bin/python3.10 (found version "3.10.6") found components: Interpreter 
[1.726s] [31mCMake Error at CMakeLists.txt:10 (rosidl_generate_interfaces):
[1.726s]   Unknown CMake command "rosidl_generate_interfaces".
[1.726s] 
[1.726s] [0m
[1.726s] -- Configuring incomplete, errors occurred!
[1.726s] See also "/home/dynepanch/ros2_ws3/ros2_ws/build/person_msgs/CMakeFiles/CMakeOutput.log".
[1.729s] Invoked command in '/home/dynepanch/ros2_ws3/ros2_ws/build/person_msgs' returned '1': /usr/bin/cmake /home/dynepanch/ros2_ws3/ros2_ws/person_msgs -DCMAKE_INSTALL_PREFIX=/home/dynepanch/ros2_ws3/ros2_ws/install/person_msgs
