[0.216s] Invoking command in '/home/dynepanch/ros2_ws3/ros2_ws/build/person_msgs': CMAKE_PREFIX_PATH=${CMAKE_PREFIX_PATH}:/home/dynepanch/ros2_ws3/ros2_ws/install/mypkg:/opt/ros/humble /usr/bin/cmake --build /home/dynepanch/ros2_ws3/ros2_ws/build/person_msgs -- -j12 -l12
[0.236s] -- Found ament_cmake: 1.3.2 (/opt/ros/humble/share/ament_cmake/cmake)
[0.350s] -- Found rosidl_default_generators: 1.2.0 (/opt/ros/humble/share/rosidl_default_generators/cmake)
[0.351s] -- Using all available rosidl_typesupport_c: rosidl_typesupport_fastrtps_c;rosidl_typesupport_introspection_c
[0.354s] -- Found rosidl_adapter: 3.1.3 (/opt/ros/humble/share/rosidl_adapter/cmake)
[0.494s] -- Using all available rosidl_typesupport_cpp: rosidl_typesupport_fastrtps_cpp;rosidl_typesupport_introspection_cpp
[0.721s] -- Found ament_cmake_ros: 0.10.0 (/opt/ros/humble/share/ament_cmake_ros/cmake)
[0.862s] -- Using all available rosidl_typesupport_c: rosidl_typesupport_fastrtps_c;rosidl_typesupport_introspection_c
[1.040s] -- Using all available rosidl_typesupport_cpp: rosidl_typesupport_fastrtps_cpp;rosidl_typesupport_introspection_cpp
[1.057s] -- Found python_cmake_module: 0.10.0 (/opt/ros/humble/share/python_cmake_module/cmake)
[1.074s] -- Using PYTHON_EXECUTABLE: /usr/bin/python3
[1.074s] -- Using PYTHON_INCLUDE_DIRS: /usr/include/python3.10
[1.074s] -- Using PYTHON_LIBRARIES: /usr/lib/x86_64-linux-gnu/libpython3.10.so
[1.082s] -- Found ament_lint_auto: 0.12.4 (/opt/ros/humble/share/ament_lint_auto/cmake)
[1.089s] -- Added test 'lint_cmake' to check CMake code style
[1.090s] -- Added test 'xmllint' to check XML markup files
[1.092s] -- Configuring done
[1.117s] -- Generating done
[1.121s] -- Build files have been written to: /home/dynepanch/ros2_ws3/ros2_ws/build/person_msgs
[1.138s] [  2%] [34m[1mGenerating C code for ROS interfaces[0m
[1.144s] [  5%] [34m[1mGenerating C++ code for ROS interfaces[0m
[1.151s] [  5%] Built target ament_cmake_python_copy_person_msgs
[1.365s] running egg_info
[1.366s] writing person_msgs.egg-info/PKG-INFO
[1.366s] writing dependency_links to person_msgs.egg-info/dependency_links.txt
[1.366s] writing top-level names to person_msgs.egg-info/top_level.txt
[1.370s] reading manifest file 'person_msgs.egg-info/SOURCES.txt'
[1.370s] writing manifest file 'person_msgs.egg-info/SOURCES.txt'
[1.396s] [  5%] Built target ament_cmake_python_build_person_msgs_egg
[1.416s] [  5%] Built target person_msgs__cpp
[1.423s] [ 10%] [34m[1mGenerating C++ introspection for ROS interfaces[0m
[1.423s] [ 10%] [34m[1mGenerating C++ type support dispatch for ROS interfaces[0m
[1.423s] [ 12%] [34m[1mGenerating C++ type support for eProsima Fast-RTPS[0m
[1.436s] [35m[1mConsolidate compiler generated dependencies of target person_msgs__rosidl_generator_c[0m
[1.444s] [ 15%] [32mBuilding C object CMakeFiles/person_msgs__rosidl_generator_c.dir/rosidl_generator_c/person_msgs/msg/detail/person__functions.c.o[0m
[1.445s] [ 17%] [32mBuilding C object CMakeFiles/person_msgs__rosidl_generator_c.dir/rosidl_generator_c/person_msgs/srv/detail/query__functions.c.o[0m
[1.497s] [ 20%] [32m[1mLinking C shared library libperson_msgs__rosidl_generator_c.so[0m
[1.584s] [ 20%] Built target person_msgs__rosidl_generator_c
[1.591s] [ 25%] [34m[1mGenerating C type support for eProsima Fast-RTPS[0m
[1.592s] [ 25%] [34m[1mGenerating C type support dispatch for ROS interfaces[0m
[1.593s] [ 28%] [34m[1mGenerating C introspection for ROS interfaces[0m
[1.666s] [35m[1mConsolidate compiler generated dependencies of target person_msgs__rosidl_typesupport_cpp[0m
[1.676s] [ 30%] [32mBuilding CXX object CMakeFiles/person_msgs__rosidl_typesupport_cpp.dir/rosidl_typesupport_cpp/person_msgs/msg/person__type_support.cpp.o[0m
[1.677s] [ 33%] [32mBuilding CXX object CMakeFiles/person_msgs__rosidl_typesupport_cpp.dir/rosidl_typesupport_cpp/person_msgs/srv/query__type_support.cpp.o[0m
[1.723s] [35m[1mConsolidate compiler generated dependencies of target person_msgs__rosidl_typesupport_introspection_cpp[0m
[1.734s] [ 35%] [32mBuilding CXX object CMakeFiles/person_msgs__rosidl_typesupport_introspection_cpp.dir/rosidl_typesupport_introspection_cpp/person_msgs/srv/detail/query__type_support.cpp.o[0m
[1.734s] [ 38%] [32mBuilding CXX object CMakeFiles/person_msgs__rosidl_typesupport_introspection_cpp.dir/rosidl_typesupport_introspection_cpp/person_msgs/msg/detail/person__type_support.cpp.o[0m
[1.750s] [35m[1mConsolidate compiler generated dependencies of target person_msgs__rosidl_typesupport_fastrtps_cpp[0m
[1.763s] [ 43%] [32mBuilding CXX object CMakeFiles/person_msgs__rosidl_typesupport_fastrtps_cpp.dir/rosidl_typesupport_fastrtps_cpp/person_msgs/srv/detail/dds_fastrtps/query__type_support.cpp.o[0m
[1.763s] [ 43%] [32mBuilding CXX object CMakeFiles/person_msgs__rosidl_typesupport_fastrtps_cpp.dir/rosidl_typesupport_fastrtps_cpp/person_msgs/msg/detail/dds_fastrtps/person__type_support.cpp.o[0m
[1.915s] [35m[1mConsolidate compiler generated dependencies of target person_msgs__rosidl_typesupport_c[0m
[1.925s] [ 46%] [32mBuilding CXX object CMakeFiles/person_msgs__rosidl_typesupport_c.dir/rosidl_typesupport_c/person_msgs/msg/person__type_support.cpp.o[0m
[1.942s] [ 48%] [32mBuilding CXX object CMakeFiles/person_msgs__rosidl_typesupport_c.dir/rosidl_typesupport_c/person_msgs/srv/query__type_support.cpp.o[0m
[1.977s] [35m[1mConsolidate compiler generated dependencies of target person_msgs__rosidl_typesupport_introspection_c[0m
[1.981s] [ 51%] [32m[1mLinking CXX shared library libperson_msgs__rosidl_typesupport_c.so[0m
[1.989s] [ 53%] [32mBuilding C object CMakeFiles/person_msgs__rosidl_typesupport_introspection_c.dir/rosidl_typesupport_introspection_c/person_msgs/msg/detail/person__type_support.c.o[0m
[1.991s] [ 56%] [32mBuilding C object CMakeFiles/person_msgs__rosidl_typesupport_introspection_c.dir/rosidl_typesupport_introspection_c/person_msgs/srv/detail/query__type_support.c.o[0m
[2.022s] [35m[1mConsolidate compiler generated dependencies of target person_msgs__rosidl_typesupport_fastrtps_c[0m
[2.033s] [ 58%] [32m[1mLinking C shared library libperson_msgs__rosidl_typesupport_introspection_c.so[0m
[2.035s] [ 64%] [32mBuilding CXX object CMakeFiles/person_msgs__rosidl_typesupport_fastrtps_c.dir/rosidl_typesupport_fastrtps_c/person_msgs/msg/detail/person__type_support_c.cpp.o[0m
[2.035s] [ 64%] [32mBuilding CXX object CMakeFiles/person_msgs__rosidl_typesupport_fastrtps_c.dir/rosidl_typesupport_fastrtps_c/person_msgs/srv/detail/query__type_support_c.cpp.o[0m
[2.050s] [ 66%] [32m[1mLinking CXX shared library libperson_msgs__rosidl_typesupport_cpp.so[0m
[2.131s] [ 66%] Built target person_msgs__rosidl_typesupport_c
[2.171s] [ 66%] Built target person_msgs__rosidl_typesupport_introspection_c
[2.194s] [ 66%] Built target person_msgs__rosidl_typesupport_cpp
[2.307s] [ 69%] [32m[1mLinking CXX shared library libperson_msgs__rosidl_typesupport_fastrtps_cpp.so[0m
[2.321s] [ 71%] [32m[1mLinking CXX shared library libperson_msgs__rosidl_typesupport_introspection_cpp.so[0m
[2.425s] [ 74%] [32m[1mLinking CXX shared library libperson_msgs__rosidl_typesupport_fastrtps_c.so[0m
[2.460s] [ 74%] Built target person_msgs__rosidl_typesupport_fastrtps_cpp
[2.464s] [ 74%] Built target person_msgs__rosidl_typesupport_introspection_cpp
[2.541s] [ 74%] Built target person_msgs__rosidl_typesupport_fastrtps_c
[2.553s] [ 74%] Built target person_msgs
[2.566s] [ 76%] [34m[1mGenerating Python code for ROS interfaces[0m
[2.973s] [ 76%] Built target person_msgs__py
[2.979s] [35m[1mConsolidate compiler generated dependencies of target person_msgs__rosidl_generator_py[0m
[2.987s] [ 79%] [32mBuilding C object CMakeFiles/person_msgs__rosidl_generator_py.dir/rosidl_generator_py/person_msgs/msg/_person_s.c.o[0m
[2.987s] [ 82%] [32mBuilding C object CMakeFiles/person_msgs__rosidl_generator_py.dir/rosidl_generator_py/person_msgs/srv/_query_s.c.o[0m
[3.062s] [ 84%] [32m[1mLinking C shared library rosidl_generator_py/person_msgs/libperson_msgs__rosidl_generator_py.so[0m
[3.144s] [ 84%] Built target person_msgs__rosidl_generator_py
[3.151s] [35m[1mConsolidate compiler generated dependencies of target person_msgs__rosidl_typesupport_fastrtps_c__pyext[0m
[3.151s] [35m[1mConsolidate compiler generated dependencies of target person_msgs__rosidl_typesupport_c__pyext[0m
[3.151s] [35m[1mConsolidate compiler generated dependencies of target person_msgs__rosidl_typesupport_introspection_c__pyext[0m
[3.159s] [ 87%] [32mBuilding C object CMakeFiles/person_msgs__rosidl_typesupport_fastrtps_c__pyext.dir/rosidl_generator_py/person_msgs/_person_msgs_s.ep.rosidl_typesupport_fastrtps_c.c.o[0m
[3.159s] [ 89%] [32mBuilding C object CMakeFiles/person_msgs__rosidl_typesupport_c__pyext.dir/rosidl_generator_py/person_msgs/_person_msgs_s.ep.rosidl_typesupport_c.c.o[0m
[3.163s] [ 92%] [32mBuilding C object CMakeFiles/person_msgs__rosidl_typesupport_introspection_c__pyext.dir/rosidl_generator_py/person_msgs/_person_msgs_s.ep.rosidl_typesupport_introspection_c.c.o[0m
[3.235s] [ 94%] [32m[1mLinking C shared library rosidl_generator_py/person_msgs/person_msgs_s__rosidl_typesupport_c.cpython-310-x86_64-linux-gnu.so[0m
[3.239s] [ 97%] [32m[1mLinking C shared library rosidl_generator_py/person_msgs/person_msgs_s__rosidl_typesupport_fastrtps_c.cpython-310-x86_64-linux-gnu.so[0m
[3.250s] [100%] [32m[1mLinking C shared library rosidl_generator_py/person_msgs/person_msgs_s__rosidl_typesupport_introspection_c.cpython-310-x86_64-linux-gnu.so[0m
[3.310s] [100%] Built target person_msgs__rosidl_typesupport_c__pyext
[3.313s] [100%] Built target person_msgs__rosidl_typesupport_fastrtps_c__pyext
[3.343s] [100%] Built target person_msgs__rosidl_typesupport_introspection_c__pyext
[3.351s] Invoked command in '/home/dynepanch/ros2_ws3/ros2_ws/build/person_msgs' returned '0': CMAKE_PREFIX_PATH=${CMAKE_PREFIX_PATH}:/home/dynepanch/ros2_ws3/ros2_ws/install/mypkg:/opt/ros/humble /usr/bin/cmake --build /home/dynepanch/ros2_ws3/ros2_ws/build/person_msgs -- -j12 -l12
[3.405s] Invoking command in '/home/dynepanch/ros2_ws3/ros2_ws/build/person_msgs': CMAKE_PREFIX_PATH=${CMAKE_PREFIX_PATH}:/home/dynepanch/ros2_ws3/ros2_ws/install/mypkg:/opt/ros/humble /usr/bin/cmake --install /home/dynepanch/ros2_ws3/ros2_ws/build/person_msgs
[3.412s] -- Install configuration: ""
[3.412s] -- Installing: /home/dynepanch/ros2_ws3/ros2_ws/install/person_msgs/share/ament_index/resource_index/rosidl_interfaces/person_msgs
[3.412s] -- Up-to-date: /home/dynepanch/ros2_ws3/ros2_ws/install/person_msgs/include/person_msgs/person_msgs
[3.412s] -- Installing: /home/dynepanch/ros2_ws3/ros2_ws/install/person_msgs/include/person_msgs/person_msgs/srv
[3.413s] -- Installing: /home/dynepanch/ros2_ws3/ros2_ws/install/person_msgs/include/person_msgs/person_msgs/srv/query.h
[3.413s] -- Installing: /home/dynepanch/ros2_ws3/ros2_ws/install/person_msgs/include/person_msgs/person_msgs/srv/detail
[3.413s] -- Installing: /home/dynepanch/ros2_ws3/ros2_ws/install/person_msgs/include/person_msgs/person_msgs/srv/detail/query__functions.c
[3.413s] -- Installing: /home/dynepanch/ros2_ws3/ros2_ws/install/person_msgs/include/person_msgs/person_msgs/srv/detail/query__type_support.h
[3.413s] -- Installing: /home/dynepanch/ros2_ws3/ros2_ws/install/person_msgs/include/person_msgs/person_msgs/srv/detail/query__functions.h
[3.414s] -- Installing: /home/dynepanch/ros2_ws3/ros2_ws/install/person_msgs/include/person_msgs/person_msgs/srv/detail/query__struct.h
[3.414s] -- Up-to-date: /home/dynepanch/ros2_ws3/ros2_ws/install/person_msgs/include/person_msgs/person_msgs/msg
[3.414s] -- Installing: /home/dynepanch/ros2_ws3/ros2_ws/install/person_msgs/include/person_msgs/person_msgs/msg/person.h
[3.414s] -- Up-to-date: /home/dynepanch/ros2_ws3/ros2_ws/install/person_msgs/include/person_msgs/person_msgs/msg/rosidl_generator_c__visibility_control.h
[3.414s] -- Up-to-date: /home/dynepanch/ros2_ws3/ros2_ws/install/person_msgs/include/person_msgs/person_msgs/msg/detail
[3.414s] -- Installing: /home/dynepanch/ros2_ws3/ros2_ws/install/person_msgs/include/person_msgs/person_msgs/msg/detail/person__functions.c
[3.414s] -- Installing: /home/dynepanch/ros2_ws3/ros2_ws/install/person_msgs/include/person_msgs/person_msgs/msg/detail/person__type_support.h
[3.415s] -- Installing: /home/dynepanch/ros2_ws3/ros2_ws/install/person_msgs/include/person_msgs/person_msgs/msg/detail/person__functions.h
[3.415s] -- Installing: /home/dynepanch/ros2_ws3/ros2_ws/install/person_msgs/include/person_msgs/person_msgs/msg/detail/person__struct.h
[3.415s] -- Installing: /home/dynepanch/ros2_ws3/ros2_ws/install/person_msgs/share/person_msgs/environment/library_path.sh
[3.415s] -- Installing: /home/dynepanch/ros2_ws3/ros2_ws/install/person_msgs/share/person_msgs/environment/library_path.dsv
[3.415s] -- Installing: /home/dynepanch/ros2_ws3/ros2_ws/install/person_msgs/lib/libperson_msgs__rosidl_generator_c.so
[3.416s] -- Set runtime path of "/home/dynepanch/ros2_ws3/ros2_ws/install/person_msgs/lib/libperson_msgs__rosidl_generator_c.so" to ""
[3.416s] -- Up-to-date: /home/dynepanch/ros2_ws3/ros2_ws/install/person_msgs/include/person_msgs/person_msgs
[3.416s] -- Up-to-date: /home/dynepanch/ros2_ws3/ros2_ws/install/person_msgs/include/person_msgs/person_msgs/srv
[3.416s] -- Up-to-date: /home/dynepanch/ros2_ws3/ros2_ws/install/person_msgs/include/person_msgs/person_msgs/srv/detail
[3.416s] -- Installing: /home/dynepanch/ros2_ws3/ros2_ws/install/person_msgs/include/person_msgs/person_msgs/srv/detail/query__rosidl_typesupport_fastrtps_c.h
[3.416s] -- Up-to-date: /home/dynepanch/ros2_ws3/ros2_ws/install/person_msgs/include/person_msgs/person_msgs/msg
[3.416s] -- Up-to-date: /home/dynepanch/ros2_ws3/ros2_ws/install/person_msgs/include/person_msgs/person_msgs/msg/rosidl_typesupport_fastrtps_c__visibility_control.h
[3.417s] -- Up-to-date: /home/dynepanch/ros2_ws3/ros2_ws/install/person_msgs/include/person_msgs/person_msgs/msg/detail
[3.417s] -- Installing: /home/dynepanch/ros2_ws3/ros2_ws/install/person_msgs/include/person_msgs/person_msgs/msg/detail/person__rosidl_typesupport_fastrtps_c.h
[3.417s] -- Installing: /home/dynepanch/ros2_ws3/ros2_ws/install/person_msgs/lib/libperson_msgs__rosidl_typesupport_fastrtps_c.so
[3.417s] -- Set runtime path of "/home/dynepanch/ros2_ws3/ros2_ws/install/person_msgs/lib/libperson_msgs__rosidl_typesupport_fastrtps_c.so" to ""
[3.417s] -- Up-to-date: /home/dynepanch/ros2_ws3/ros2_ws/install/person_msgs/include/person_msgs/person_msgs
[3.417s] -- Up-to-date: /home/dynepanch/ros2_ws3/ros2_ws/install/person_msgs/include/person_msgs/person_msgs/srv
[3.418s] -- Up-to-date: /home/dynepanch/ros2_ws3/ros2_ws/install/person_msgs/include/person_msgs/person_msgs/srv/detail
[3.418s] -- Installing: /home/dynepanch/ros2_ws3/ros2_ws/install/person_msgs/include/person_msgs/person_msgs/srv/detail/query__type_support.c
[3.418s] -- Installing: /home/dynepanch/ros2_ws3/ros2_ws/install/person_msgs/include/person_msgs/person_msgs/srv/detail/query__rosidl_typesupport_introspection_c.h
[3.418s] -- Up-to-date: /home/dynepanch/ros2_ws3/ros2_ws/install/person_msgs/include/person_msgs/person_msgs/msg
[3.418s] -- Up-to-date: /home/dynepanch/ros2_ws3/ros2_ws/install/person_msgs/include/person_msgs/person_msgs/msg/rosidl_typesupport_introspection_c__visibility_control.h
[3.418s] -- Up-to-date: /home/dynepanch/ros2_ws3/ros2_ws/install/person_msgs/include/person_msgs/person_msgs/msg/detail
[3.419s] -- Installing: /home/dynepanch/ros2_ws3/ros2_ws/install/person_msgs/include/person_msgs/person_msgs/msg/detail/person__type_support.c
[3.419s] -- Installing: /home/dynepanch/ros2_ws3/ros2_ws/install/person_msgs/include/person_msgs/person_msgs/msg/detail/person__rosidl_typesupport_introspection_c.h
[3.419s] -- Installing: /home/dynepanch/ros2_ws3/ros2_ws/install/person_msgs/lib/libperson_msgs__rosidl_typesupport_introspection_c.so
[3.419s] -- Set runtime path of "/home/dynepanch/ros2_ws3/ros2_ws/install/person_msgs/lib/libperson_msgs__rosidl_typesupport_introspection_c.so" to ""
[3.419s] -- Installing: /home/dynepanch/ros2_ws3/ros2_ws/install/person_msgs/lib/libperson_msgs__rosidl_typesupport_c.so
[3.419s] -- Set runtime path of "/home/dynepanch/ros2_ws3/ros2_ws/install/person_msgs/lib/libperson_msgs__rosidl_typesupport_c.so" to ""
[3.419s] -- Up-to-date: /home/dynepanch/ros2_ws3/ros2_ws/install/person_msgs/include/person_msgs/person_msgs
[3.420s] -- Up-to-date: /home/dynepanch/ros2_ws3/ros2_ws/install/person_msgs/include/person_msgs/person_msgs/srv
[3.420s] -- Installing: /home/dynepanch/ros2_ws3/ros2_ws/install/person_msgs/include/person_msgs/person_msgs/srv/query.hpp
[3.420s] -- Up-to-date: /home/dynepanch/ros2_ws3/ros2_ws/install/person_msgs/include/person_msgs/person_msgs/srv/detail
[3.420s] -- Installing: /home/dynepanch/ros2_ws3/ros2_ws/install/person_msgs/include/person_msgs/person_msgs/srv/detail/query__builder.hpp
[3.420s] -- Installing: /home/dynepanch/ros2_ws3/ros2_ws/install/person_msgs/include/person_msgs/person_msgs/srv/detail/query__struct.hpp
[3.421s] -- Installing: /home/dynepanch/ros2_ws3/ros2_ws/install/person_msgs/include/person_msgs/person_msgs/srv/detail/query__traits.hpp
[3.421s] -- Up-to-date: /home/dynepanch/ros2_ws3/ros2_ws/install/person_msgs/include/person_msgs/person_msgs/msg
[3.421s] -- Installing: /home/dynepanch/ros2_ws3/ros2_ws/install/person_msgs/include/person_msgs/person_msgs/msg/person.hpp
[3.421s] -- Up-to-date: /home/dynepanch/ros2_ws3/ros2_ws/install/person_msgs/include/person_msgs/person_msgs/msg/detail
[3.421s] -- Installing: /home/dynepanch/ros2_ws3/ros2_ws/install/person_msgs/include/person_msgs/person_msgs/msg/detail/person__builder.hpp
[3.421s] -- Installing: /home/dynepanch/ros2_ws3/ros2_ws/install/person_msgs/include/person_msgs/person_msgs/msg/detail/person__traits.hpp
[3.422s] -- Installing: /home/dynepanch/ros2_ws3/ros2_ws/install/person_msgs/include/person_msgs/person_msgs/msg/detail/person__struct.hpp
[3.422s] -- Up-to-date: /home/dynepanch/ros2_ws3/ros2_ws/install/person_msgs/include/person_msgs/person_msgs
[3.422s] -- Up-to-date: /home/dynepanch/ros2_ws3/ros2_ws/install/person_msgs/include/person_msgs/person_msgs/srv
[3.422s] -- Up-to-date: /home/dynepanch/ros2_ws3/ros2_ws/install/person_msgs/include/person_msgs/person_msgs/srv/detail
[3.422s] -- Installing: /home/dynepanch/ros2_ws3/ros2_ws/install/person_msgs/include/person_msgs/person_msgs/srv/detail/dds_fastrtps
[3.423s] -- Installing: /home/dynepanch/ros2_ws3/ros2_ws/install/person_msgs/include/person_msgs/person_msgs/srv/detail/query__rosidl_typesupport_fastrtps_cpp.hpp
[3.423s] -- Up-to-date: /home/dynepanch/ros2_ws3/ros2_ws/install/person_msgs/include/person_msgs/person_msgs/msg
[3.423s] -- Up-to-date: /home/dynepanch/ros2_ws3/ros2_ws/install/person_msgs/include/person_msgs/person_msgs/msg/rosidl_typesupport_fastrtps_cpp__visibility_control.h
[3.423s] -- Up-to-date: /home/dynepanch/ros2_ws3/ros2_ws/install/person_msgs/include/person_msgs/person_msgs/msg/detail
[3.423s] -- Up-to-date: /home/dynepanch/ros2_ws3/ros2_ws/install/person_msgs/include/person_msgs/person_msgs/msg/detail/dds_fastrtps
[3.423s] -- Installing: /home/dynepanch/ros2_ws3/ros2_ws/install/person_msgs/include/person_msgs/person_msgs/msg/detail/person__rosidl_typesupport_fastrtps_cpp.hpp
[3.423s] -- Installing: /home/dynepanch/ros2_ws3/ros2_ws/install/person_msgs/lib/libperson_msgs__rosidl_typesupport_fastrtps_cpp.so
[3.424s] -- Set runtime path of "/home/dynepanch/ros2_ws3/ros2_ws/install/person_msgs/lib/libperson_msgs__rosidl_typesupport_fastrtps_cpp.so" to ""
[3.424s] -- Up-to-date: /home/dynepanch/ros2_ws3/ros2_ws/install/person_msgs/include/person_msgs/person_msgs
[3.424s] -- Up-to-date: /home/dynepanch/ros2_ws3/ros2_ws/install/person_msgs/include/person_msgs/person_msgs/srv
[3.424s] -- Up-to-date: /home/dynepanch/ros2_ws3/ros2_ws/install/person_msgs/include/person_msgs/person_msgs/srv/detail
[3.424s] -- Installing: /home/dynepanch/ros2_ws3/ros2_ws/install/person_msgs/include/person_msgs/person_msgs/srv/detail/query__type_support.cpp
[3.424s] -- Installing: /home/dynepanch/ros2_ws3/ros2_ws/install/person_msgs/include/person_msgs/person_msgs/srv/detail/query__rosidl_typesupport_introspection_cpp.hpp
[3.425s] -- Up-to-date: /home/dynepanch/ros2_ws3/ros2_ws/install/person_msgs/include/person_msgs/person_msgs/msg
[3.425s] -- Up-to-date: /home/dynepanch/ros2_ws3/ros2_ws/install/person_msgs/include/person_msgs/person_msgs/msg/detail
[3.425s] -- Installing: /home/dynepanch/ros2_ws3/ros2_ws/install/person_msgs/include/person_msgs/person_msgs/msg/detail/person__rosidl_typesupport_introspection_cpp.hpp
[3.425s] -- Installing: /home/dynepanch/ros2_ws3/ros2_ws/install/person_msgs/include/person_msgs/person_msgs/msg/detail/person__type_support.cpp
[3.425s] -- Installing: /home/dynepanch/ros2_ws3/ros2_ws/install/person_msgs/lib/libperson_msgs__rosidl_typesupport_introspection_cpp.so
[3.425s] -- Set runtime path of "/home/dynepanch/ros2_ws3/ros2_ws/install/person_msgs/lib/libperson_msgs__rosidl_typesupport_introspection_cpp.so" to ""
[3.425s] -- Installing: /home/dynepanch/ros2_ws3/ros2_ws/install/person_msgs/lib/libperson_msgs__rosidl_typesupport_cpp.so
[3.425s] -- Set runtime path of "/home/dynepanch/ros2_ws3/ros2_ws/install/person_msgs/lib/libperson_msgs__rosidl_typesupport_cpp.so" to ""
[3.425s] -- Up-to-date: /home/dynepanch/ros2_ws3/ros2_ws/install/person_msgs/share/person_msgs/environment/pythonpath.sh
[3.425s] -- Installing: /home/dynepanch/ros2_ws3/ros2_ws/install/person_msgs/share/person_msgs/environment/pythonpath.dsv
[3.425s] -- Up-to-date: /home/dynepanch/ros2_ws3/ros2_ws/install/person_msgs/local/lib/python3.10/dist-packages/person_msgs-0.0.0-py3.10.egg-info
[3.425s] -- Installing: /home/dynepanch/ros2_ws3/ros2_ws/install/person_msgs/local/lib/python3.10/dist-packages/person_msgs-0.0.0-py3.10.egg-info/top_level.txt
[3.425s] -- Installing: /home/dynepanch/ros2_ws3/ros2_ws/install/person_msgs/local/lib/python3.10/dist-packages/person_msgs-0.0.0-py3.10.egg-info/dependency_links.txt
[3.425s] -- Installing: /home/dynepanch/ros2_ws3/ros2_ws/install/person_msgs/local/lib/python3.10/dist-packages/person_msgs-0.0.0-py3.10.egg-info/SOURCES.txt
[3.425s] -- Installing: /home/dynepanch/ros2_ws3/ros2_ws/install/person_msgs/local/lib/python3.10/dist-packages/person_msgs-0.0.0-py3.10.egg-info/PKG-INFO
[3.425s] -- Up-to-date: /home/dynepanch/ros2_ws3/ros2_ws/install/person_msgs/local/lib/python3.10/dist-packages/person_msgs
[3.425s] -- Installing: /home/dynepanch/ros2_ws3/ros2_ws/install/person_msgs/local/lib/python3.10/dist-packages/person_msgs/srv
[3.426s] -- Installing: /home/dynepanch/ros2_ws3/ros2_ws/install/person_msgs/local/lib/python3.10/dist-packages/person_msgs/srv/_query_s.c
[3.426s] -- Installing: /home/dynepanch/ros2_ws3/ros2_ws/install/person_msgs/local/lib/python3.10/dist-packages/person_msgs/srv/_query.py
[3.426s] -- Installing: /home/dynepanch/ros2_ws3/ros2_ws/install/person_msgs/local/lib/python3.10/dist-packages/person_msgs/srv/__init__.py
[3.426s] -- Installing: /home/dynepanch/ros2_ws3/ros2_ws/install/person_msgs/local/lib/python3.10/dist-packages/person_msgs/libperson_msgs__rosidl_generator_py.so
[3.426s] -- Installing: /home/dynepanch/ros2_ws3/ros2_ws/install/person_msgs/local/lib/python3.10/dist-packages/person_msgs/_person_msgs_s.ep.rosidl_typesupport_introspection_c.c
[3.426s] -- Installing: /home/dynepanch/ros2_ws3/ros2_ws/install/person_msgs/local/lib/python3.10/dist-packages/person_msgs/_person_msgs_s.ep.rosidl_typesupport_c.c
[3.426s] -- Installing: /home/dynepanch/ros2_ws3/ros2_ws/install/person_msgs/local/lib/python3.10/dist-packages/person_msgs/person_msgs_s__rosidl_typesupport_fastrtps_c.cpython-310-x86_64-linux-gnu.so
[3.426s] -- Up-to-date: /home/dynepanch/ros2_ws3/ros2_ws/install/person_msgs/local/lib/python3.10/dist-packages/person_msgs/msg
[3.426s] -- Installing: /home/dynepanch/ros2_ws3/ros2_ws/install/person_msgs/local/lib/python3.10/dist-packages/person_msgs/msg/_person.py
[3.426s] -- Installing: /home/dynepanch/ros2_ws3/ros2_ws/install/person_msgs/local/lib/python3.10/dist-packages/person_msgs/msg/_person_s.c
[3.426s] -- Installing: /home/dynepanch/ros2_ws3/ros2_ws/install/person_msgs/local/lib/python3.10/dist-packages/person_msgs/msg/__init__.py
[3.426s] -- Installing: /home/dynepanch/ros2_ws3/ros2_ws/install/person_msgs/local/lib/python3.10/dist-packages/person_msgs/person_msgs_s__rosidl_typesupport_introspection_c.cpython-310-x86_64-linux-gnu.so
[3.426s] -- Installing: /home/dynepanch/ros2_ws3/ros2_ws/install/person_msgs/local/lib/python3.10/dist-packages/person_msgs/person_msgs_s__rosidl_typesupport_c.cpython-310-x86_64-linux-gnu.so
[3.426s] -- Installing: /home/dynepanch/ros2_ws3/ros2_ws/install/person_msgs/local/lib/python3.10/dist-packages/person_msgs/_person_msgs_s.ep.rosidl_typesupport_fastrtps_c.c
[3.426s] -- Installing: /home/dynepanch/ros2_ws3/ros2_ws/install/person_msgs/local/lib/python3.10/dist-packages/person_msgs/__init__.py
[3.450s] Listing '/home/dynepanch/ros2_ws3/ros2_ws/install/person_msgs/local/lib/python3.10/dist-packages/person_msgs'...
[3.450s] Compiling '/home/dynepanch/ros2_ws3/ros2_ws/install/person_msgs/local/lib/python3.10/dist-packages/person_msgs/__init__.py'...
[3.450s] Listing '/home/dynepanch/ros2_ws3/ros2_ws/install/person_msgs/local/lib/python3.10/dist-packages/person_msgs/msg'...
[3.450s] Compiling '/home/dynepanch/ros2_ws3/ros2_ws/install/person_msgs/local/lib/python3.10/dist-packages/person_msgs/msg/__init__.py'...
[3.450s] Compiling '/home/dynepanch/ros2_ws3/ros2_ws/install/person_msgs/local/lib/python3.10/dist-packages/person_msgs/msg/_person.py'...
[3.450s] Listing '/home/dynepanch/ros2_ws3/ros2_ws/install/person_msgs/local/lib/python3.10/dist-packages/person_msgs/srv'...
[3.450s] Compiling '/home/dynepanch/ros2_ws3/ros2_ws/install/person_msgs/local/lib/python3.10/dist-packages/person_msgs/srv/__init__.py'...
[3.450s] Compiling '/home/dynepanch/ros2_ws3/ros2_ws/install/person_msgs/local/lib/python3.10/dist-packages/person_msgs/srv/_query.py'...
[3.454s] -- Installing: /home/dynepanch/ros2_ws3/ros2_ws/install/person_msgs/local/lib/python3.10/dist-packages/person_msgs/person_msgs_s__rosidl_typesupport_fastrtps_c.cpython-310-x86_64-linux-gnu.so
[3.454s] -- Set runtime path of "/home/dynepanch/ros2_ws3/ros2_ws/install/person_msgs/local/lib/python3.10/dist-packages/person_msgs/person_msgs_s__rosidl_typesupport_fastrtps_c.cpython-310-x86_64-linux-gnu.so" to ""
[3.454s] -- Installing: /home/dynepanch/ros2_ws3/ros2_ws/install/person_msgs/local/lib/python3.10/dist-packages/person_msgs/person_msgs_s__rosidl_typesupport_introspection_c.cpython-310-x86_64-linux-gnu.so
[3.454s] -- Set runtime path of "/home/dynepanch/ros2_ws3/ros2_ws/install/person_msgs/local/lib/python3.10/dist-packages/person_msgs/person_msgs_s__rosidl_typesupport_introspection_c.cpython-310-x86_64-linux-gnu.so" to ""
[3.454s] -- Installing: /home/dynepanch/ros2_ws3/ros2_ws/install/person_msgs/local/lib/python3.10/dist-packages/person_msgs/person_msgs_s__rosidl_typesupport_c.cpython-310-x86_64-linux-gnu.so
[3.454s] -- Set runtime path of "/home/dynepanch/ros2_ws3/ros2_ws/install/person_msgs/local/lib/python3.10/dist-packages/person_msgs/person_msgs_s__rosidl_typesupport_c.cpython-310-x86_64-linux-gnu.so" to ""
[3.455s] -- Installing: /home/dynepanch/ros2_ws3/ros2_ws/install/person_msgs/lib/libperson_msgs__rosidl_generator_py.so
[3.455s] -- Set runtime path of "/home/dynepanch/ros2_ws3/ros2_ws/install/person_msgs/lib/libperson_msgs__rosidl_generator_py.so" to ""
[3.455s] -- Up-to-date: /home/dynepanch/ros2_ws3/ros2_ws/install/person_msgs/share/person_msgs/msg/Person.idl
[3.455s] -- Installing: /home/dynepanch/ros2_ws3/ros2_ws/install/person_msgs/share/person_msgs/srv/Query.idl
[3.455s] -- Up-to-date: /home/dynepanch/ros2_ws3/ros2_ws/install/person_msgs/share/person_msgs/msg/Person.msg
[3.456s] -- Installing: /home/dynepanch/ros2_ws3/ros2_ws/install/person_msgs/share/person_msgs/srv/Query.srv
[3.456s] -- Installing: /home/dynepanch/ros2_ws3/ros2_ws/install/person_msgs/share/person_msgs/srv/Query_Request.msg
[3.456s] -- Installing: /home/dynepanch/ros2_ws3/ros2_ws/install/person_msgs/share/person_msgs/srv/Query_Response.msg
[3.456s] -- Up-to-date: /home/dynepanch/ros2_ws3/ros2_ws/install/person_msgs/share/ament_index/resource_index/package_run_dependencies/person_msgs
[3.456s] -- Installing: /home/dynepanch/ros2_ws3/ros2_ws/install/person_msgs/share/ament_index/resource_index/parent_prefix_path/person_msgs
[3.456s] -- Installing: /home/dynepanch/ros2_ws3/ros2_ws/install/person_msgs/share/person_msgs/environment/ament_prefix_path.sh
[3.457s] -- Installing: /home/dynepanch/ros2_ws3/ros2_ws/install/person_msgs/share/person_msgs/environment/ament_prefix_path.dsv
[3.457s] -- Installing: /home/dynepanch/ros2_ws3/ros2_ws/install/person_msgs/share/person_msgs/environment/path.sh
[3.457s] -- Installing: /home/dynepanch/ros2_ws3/ros2_ws/install/person_msgs/share/person_msgs/environment/path.dsv
[3.457s] -- Up-to-date: /home/dynepanch/ros2_ws3/ros2_ws/install/person_msgs/share/person_msgs/local_setup.bash
[3.457s] -- Up-to-date: /home/dynepanch/ros2_ws3/ros2_ws/install/person_msgs/share/person_msgs/local_setup.sh
[3.457s] -- Up-to-date: /home/dynepanch/ros2_ws3/ros2_ws/install/person_msgs/share/person_msgs/local_setup.zsh
[3.457s] -- Installing: /home/dynepanch/ros2_ws3/ros2_ws/install/person_msgs/share/person_msgs/local_setup.dsv
[3.458s] -- Installing: /home/dynepanch/ros2_ws3/ros2_ws/install/person_msgs/share/person_msgs/package.dsv
[3.458s] -- Up-to-date: /home/dynepanch/ros2_ws3/ros2_ws/install/person_msgs/share/ament_index/resource_index/packages/person_msgs
[3.458s] -- Up-to-date: /home/dynepanch/ros2_ws3/ros2_ws/install/person_msgs/share/person_msgs/cmake/export_person_msgs__rosidl_generator_cExport.cmake
[3.458s] -- Up-to-date: /home/dynepanch/ros2_ws3/ros2_ws/install/person_msgs/share/person_msgs/cmake/export_person_msgs__rosidl_generator_cExport-noconfig.cmake
[3.458s] -- Up-to-date: /home/dynepanch/ros2_ws3/ros2_ws/install/person_msgs/share/person_msgs/cmake/export_person_msgs__rosidl_typesupport_fastrtps_cExport.cmake
[3.458s] -- Up-to-date: /home/dynepanch/ros2_ws3/ros2_ws/install/person_msgs/share/person_msgs/cmake/export_person_msgs__rosidl_typesupport_fastrtps_cExport-noconfig.cmake
[3.458s] -- Up-to-date: /home/dynepanch/ros2_ws3/ros2_ws/install/person_msgs/share/person_msgs/cmake/person_msgs__rosidl_typesupport_introspection_cExport.cmake
[3.459s] -- Up-to-date: /home/dynepanch/ros2_ws3/ros2_ws/install/person_msgs/share/person_msgs/cmake/person_msgs__rosidl_typesupport_introspection_cExport-noconfig.cmake
[3.459s] -- Up-to-date: /home/dynepanch/ros2_ws3/ros2_ws/install/person_msgs/share/person_msgs/cmake/person_msgs__rosidl_typesupport_cExport.cmake
[3.459s] -- Up-to-date: /home/dynepanch/ros2_ws3/ros2_ws/install/person_msgs/share/person_msgs/cmake/person_msgs__rosidl_typesupport_cExport-noconfig.cmake
[3.459s] -- Up-to-date: /home/dynepanch/ros2_ws3/ros2_ws/install/person_msgs/share/person_msgs/cmake/export_person_msgs__rosidl_generator_cppExport.cmake
[3.459s] -- Up-to-date: /home/dynepanch/ros2_ws3/ros2_ws/install/person_msgs/share/person_msgs/cmake/export_person_msgs__rosidl_typesupport_fastrtps_cppExport.cmake
[3.459s] -- Up-to-date: /home/dynepanch/ros2_ws3/ros2_ws/install/person_msgs/share/person_msgs/cmake/export_person_msgs__rosidl_typesupport_fastrtps_cppExport-noconfig.cmake
[3.459s] -- Up-to-date: /home/dynepanch/ros2_ws3/ros2_ws/install/person_msgs/share/person_msgs/cmake/person_msgs__rosidl_typesupport_introspection_cppExport.cmake
[3.459s] -- Up-to-date: /home/dynepanch/ros2_ws3/ros2_ws/install/person_msgs/share/person_msgs/cmake/person_msgs__rosidl_typesupport_introspection_cppExport-noconfig.cmake
[3.459s] -- Up-to-date: /home/dynepanch/ros2_ws3/ros2_ws/install/person_msgs/share/person_msgs/cmake/person_msgs__rosidl_typesupport_cppExport.cmake
[3.459s] -- Up-to-date: /home/dynepanch/ros2_ws3/ros2_ws/install/person_msgs/share/person_msgs/cmake/person_msgs__rosidl_typesupport_cppExport-noconfig.cmake
[3.459s] -- Up-to-date: /home/dynepanch/ros2_ws3/ros2_ws/install/person_msgs/share/person_msgs/cmake/export_person_msgs__rosidl_generator_pyExport.cmake
[3.459s] -- Up-to-date: /home/dynepanch/ros2_ws3/ros2_ws/install/person_msgs/share/person_msgs/cmake/export_person_msgs__rosidl_generator_pyExport-noconfig.cmake
[3.459s] -- Installing: /home/dynepanch/ros2_ws3/ros2_ws/install/person_msgs/share/person_msgs/cmake/rosidl_cmake-extras.cmake
[3.459s] -- Up-to-date: /home/dynepanch/ros2_ws3/ros2_ws/install/person_msgs/share/person_msgs/cmake/ament_cmake_export_include_directories-extras.cmake
[3.459s] -- Up-to-date: /home/dynepanch/ros2_ws3/ros2_ws/install/person_msgs/share/person_msgs/cmake/ament_cmake_export_libraries-extras.cmake
[3.460s] -- Up-to-date: /home/dynepanch/ros2_ws3/ros2_ws/install/person_msgs/share/person_msgs/cmake/ament_cmake_export_targets-extras.cmake
[3.460s] -- Up-to-date: /home/dynepanch/ros2_ws3/ros2_ws/install/person_msgs/share/person_msgs/cmake/rosidl_cmake_export_typesupport_targets-extras.cmake
[3.460s] -- Up-to-date: /home/dynepanch/ros2_ws3/ros2_ws/install/person_msgs/share/person_msgs/cmake/ament_cmake_export_dependencies-extras.cmake
[3.460s] -- Up-to-date: /home/dynepanch/ros2_ws3/ros2_ws/install/person_msgs/share/person_msgs/cmake/rosidl_cmake_export_typesupport_libraries-extras.cmake
[3.460s] -- Up-to-date: /home/dynepanch/ros2_ws3/ros2_ws/install/person_msgs/share/person_msgs/cmake/person_msgsConfig.cmake
[3.460s] -- Up-to-date: /home/dynepanch/ros2_ws3/ros2_ws/install/person_msgs/share/person_msgs/cmake/person_msgsConfig-version.cmake
[3.461s] -- Up-to-date: /home/dynepanch/ros2_ws3/ros2_ws/install/person_msgs/share/person_msgs/package.xml
[3.461s] Invoked command in '/home/dynepanch/ros2_ws3/ros2_ws/build/person_msgs' returned '0': CMAKE_PREFIX_PATH=${CMAKE_PREFIX_PATH}:/home/dynepanch/ros2_ws3/ros2_ws/install/mypkg:/opt/ros/humble /usr/bin/cmake --install /home/dynepanch/ros2_ws3/ros2_ws/build/person_msgs
