[0.669s] Invoking command in '/home/dynepanch/ros2_ws/src/mypkg': PYTHONPATH=/home/dynepanch/ros2_ws/src/mypkg/install/mypkg/lib/python3.10/site-packages:${PYTHONPATH} /usr/bin/python3 setup.py egg_info --egg-base build/mypkg build --build-base /home/dynepanch/ros2_ws/src/mypkg/build/mypkg/build install --prefix /home/dynepanch/ros2_ws/src/mypkg/install/mypkg --record /home/dynepanch/ros2_ws/src/mypkg/build/mypkg/install.log --single-version-externally-managed
[0.855s] running egg_info
[0.856s] writing build/mypkg/mypkg.egg-info/PKG-INFO
[0.856s] writing dependency_links to build/mypkg/mypkg.egg-info/dependency_links.txt
[0.857s] writing entry points to build/mypkg/mypkg.egg-info/entry_points.txt
[0.858s] writing requirements to build/mypkg/mypkg.egg-info/requires.txt
[0.859s] writing top-level names to build/mypkg/mypkg.egg-info/top_level.txt
[0.860s] reading manifest file 'build/mypkg/mypkg.egg-info/SOURCES.txt'
[0.861s] writing manifest file 'build/mypkg/mypkg.egg-info/SOURCES.txt'
[0.861s] running build
[0.861s] running build_py
[0.862s] copying mypkg/listener.py -> /home/dynepanch/ros2_ws/src/mypkg/build/mypkg/build/lib/mypkg
[0.862s] running install
[0.862s] /usr/lib/python3/dist-packages/setuptools/command/install.py:34: SetuptoolsDeprecationWarning: setup.py install is deprecated. Use build and pip and other standards-based tools.
[0.863s]   warnings.warn(
[0.863s] running install_lib
[0.863s] copying /home/dynepanch/ros2_ws/src/mypkg/build/mypkg/build/lib/mypkg/listener.py -> /home/dynepanch/ros2_ws/src/mypkg/install/mypkg/lib/python3.10/site-packages/mypkg
[0.864s] byte-compiling /home/dynepanch/ros2_ws/src/mypkg/install/mypkg/lib/python3.10/site-packages/mypkg/listener.py to listener.cpython-310.pyc
[0.864s] running install_data
[0.865s] copying package.xml -> /home/dynepanch/ros2_ws/src/mypkg/install/mypkg/share/mypkg
[0.865s] copying launch/talk_listen.launch.py -> /home/dynepanch/ros2_ws/src/mypkg/install/mypkg/share/mypkg
[0.865s] running install_egg_info
[0.866s] removing '/home/dynepanch/ros2_ws/src/mypkg/install/mypkg/lib/python3.10/site-packages/mypkg-0.0.0-py3.10.egg-info' (and everything under it)
[0.868s] Copying build/mypkg/mypkg.egg-info to /home/dynepanch/ros2_ws/src/mypkg/install/mypkg/lib/python3.10/site-packages/mypkg-0.0.0-py3.10.egg-info
[0.869s] running install_scripts
[0.885s] Installing listener script to /home/dynepanch/ros2_ws/src/mypkg/install/mypkg/lib/mypkg
[0.885s] Installing talker script to /home/dynepanch/ros2_ws/src/mypkg/install/mypkg/lib/mypkg
[0.885s] writing list of installed files to '/home/dynepanch/ros2_ws/src/mypkg/build/mypkg/install.log'
[0.902s] Invoked command in '/home/dynepanch/ros2_ws/src/mypkg' returned '0': PYTHONPATH=/home/dynepanch/ros2_ws/src/mypkg/install/mypkg/lib/python3.10/site-packages:${PYTHONPATH} /usr/bin/python3 setup.py egg_info --egg-base build/mypkg build --build-base /home/dynepanch/ros2_ws/src/mypkg/build/mypkg/build install --prefix /home/dynepanch/ros2_ws/src/mypkg/install/mypkg --record /home/dynepanch/ros2_ws/src/mypkg/build/mypkg/install.log --single-version-externally-managed
