[0.490s] Invoking command in '/home/dynepanch/ros2_ws3/ros2_ws/src/mypkg': PYTHONPATH=/home/dynepanch/ros2_ws3/ros2_ws/install/mypkg/lib/python3.10/site-packages:${PYTHONPATH} /usr/bin/python3 setup.py egg_info --egg-base ../../build/mypkg build --build-base /home/dynepanch/ros2_ws3/ros2_ws/build/mypkg/build install --prefix /home/dynepanch/ros2_ws3/ros2_ws/install/mypkg --record /home/dynepanch/ros2_ws3/ros2_ws/build/mypkg/install.log --single-version-externally-managed
[0.738s] running egg_info
[0.739s] writing ../../build/mypkg/mypkg.egg-info/PKG-INFO
[0.739s] writing dependency_links to ../../build/mypkg/mypkg.egg-info/dependency_links.txt
[0.739s] writing entry points to ../../build/mypkg/mypkg.egg-info/entry_points.txt
[0.740s] writing requirements to ../../build/mypkg/mypkg.egg-info/requires.txt
[0.740s] writing top-level names to ../../build/mypkg/mypkg.egg-info/top_level.txt
[0.742s] reading manifest file '../../build/mypkg/mypkg.egg-info/SOURCES.txt'
[0.743s] writing manifest file '../../build/mypkg/mypkg.egg-info/SOURCES.txt'
[0.743s] running build
[0.743s] running build_py
[0.743s] running install
[0.743s] /usr/lib/python3/dist-packages/setuptools/command/install.py:34: SetuptoolsDeprecationWarning: setup.py install is deprecated. Use build and pip and other standards-based tools.
[0.743s]   warnings.warn(
[0.744s] running install_lib
[0.745s] running install_data
[0.746s] running install_egg_info
[0.748s] removing '/home/dynepanch/ros2_ws3/ros2_ws/install/mypkg/lib/python3.10/site-packages/mypkg-0.0.0-py3.10.egg-info' (and everything under it)
[0.748s] Copying ../../build/mypkg/mypkg.egg-info to /home/dynepanch/ros2_ws3/ros2_ws/install/mypkg/lib/python3.10/site-packages/mypkg-0.0.0-py3.10.egg-info
[0.749s] running install_scripts
[0.767s] Installing listener script to /home/dynepanch/ros2_ws3/ros2_ws/install/mypkg/lib/mypkg
[0.768s] Installing talker script to /home/dynepanch/ros2_ws3/ros2_ws/install/mypkg/lib/mypkg
[0.768s] writing list of installed files to '/home/dynepanch/ros2_ws3/ros2_ws/build/mypkg/install.log'
[0.795s] Invoked command in '/home/dynepanch/ros2_ws3/ros2_ws/src/mypkg' returned '0': PYTHONPATH=/home/dynepanch/ros2_ws3/ros2_ws/install/mypkg/lib/python3.10/site-packages:${PYTHONPATH} /usr/bin/python3 setup.py egg_info --egg-base ../../build/mypkg build --build-base /home/dynepanch/ros2_ws3/ros2_ws/build/mypkg/build install --prefix /home/dynepanch/ros2_ws3/ros2_ws/install/mypkg --record /home/dynepanch/ros2_ws3/ros2_ws/build/mypkg/install.log --single-version-externally-managed
