[0.559s] Invoking command in '/home/dynepanch/ros2_ws/src/mypkg': PYTHONPATH=/home/dynepanch/ros2_ws/src/install/mypkg/lib/python3.10/site-packages:${PYTHONPATH} /usr/bin/python3 setup.py egg_info --egg-base ../build/mypkg build --build-base /home/dynepanch/ros2_ws/src/build/mypkg/build install --prefix /home/dynepanch/ros2_ws/src/install/mypkg --record /home/dynepanch/ros2_ws/src/build/mypkg/install.log --single-version-externally-managed
[0.739s] running egg_info
[0.739s] creating ../build/mypkg/mypkg.egg-info
[0.739s] writing ../build/mypkg/mypkg.egg-info/PKG-INFO
[0.740s] writing dependency_links to ../build/mypkg/mypkg.egg-info/dependency_links.txt
[0.740s] writing entry points to ../build/mypkg/mypkg.egg-info/entry_points.txt
[0.740s] writing requirements to ../build/mypkg/mypkg.egg-info/requires.txt
[0.740s] writing top-level names to ../build/mypkg/mypkg.egg-info/top_level.txt
[0.740s] writing manifest file '../build/mypkg/mypkg.egg-info/SOURCES.txt'
[0.742s] reading manifest file '../build/mypkg/mypkg.egg-info/SOURCES.txt'
[0.742s] writing manifest file '../build/mypkg/mypkg.egg-info/SOURCES.txt'
[0.742s] running build
[0.742s] running build_py
[0.743s] creating /home/dynepanch/ros2_ws/src/build/mypkg/build
[0.743s] creating /home/dynepanch/ros2_ws/src/build/mypkg/build/lib
[0.743s] creating /home/dynepanch/ros2_ws/src/build/mypkg/build/lib/mypkg
[0.743s] copying mypkg/__init__.py -> /home/dynepanch/ros2_ws/src/build/mypkg/build/lib/mypkg
[0.743s] running install
[0.744s] /usr/lib/python3/dist-packages/setuptools/command/install.py:34: SetuptoolsDeprecationWarning: setup.py install is deprecated. Use build and pip and other standards-based tools.
[0.744s]   warnings.warn(
[0.744s] running install_lib
[0.745s] creating /home/dynepanch/ros2_ws/src/install/mypkg/lib/python3.10/site-packages/mypkg
[0.745s] copying /home/dynepanch/ros2_ws/src/build/mypkg/build/lib/mypkg/__init__.py -> /home/dynepanch/ros2_ws/src/install/mypkg/lib/python3.10/site-packages/mypkg
[0.745s] byte-compiling /home/dynepanch/ros2_ws/src/install/mypkg/lib/python3.10/site-packages/mypkg/__init__.py to __init__.cpython-310.pyc
[0.745s] running install_data
[0.746s] creating /home/dynepanch/ros2_ws/src/install/mypkg/share/ament_index
[0.746s] creating /home/dynepanch/ros2_ws/src/install/mypkg/share/ament_index/resource_index
[0.746s] creating /home/dynepanch/ros2_ws/src/install/mypkg/share/ament_index/resource_index/packages
[0.747s] copying resource/mypkg -> /home/dynepanch/ros2_ws/src/install/mypkg/share/ament_index/resource_index/packages
[0.747s] copying package.xml -> /home/dynepanch/ros2_ws/src/install/mypkg/share/mypkg
[0.747s] running install_egg_info
[0.748s] Copying ../build/mypkg/mypkg.egg-info to /home/dynepanch/ros2_ws/src/install/mypkg/lib/python3.10/site-packages/mypkg-0.0.0-py3.10.egg-info
[0.750s] running install_scripts
[0.765s] writing list of installed files to '/home/dynepanch/ros2_ws/src/build/mypkg/install.log'
[0.783s] Invoked command in '/home/dynepanch/ros2_ws/src/mypkg' returned '0': PYTHONPATH=/home/dynepanch/ros2_ws/src/install/mypkg/lib/python3.10/site-packages:${PYTHONPATH} /usr/bin/python3 setup.py egg_info --egg-base ../build/mypkg build --build-base /home/dynepanch/ros2_ws/src/build/mypkg/build install --prefix /home/dynepanch/ros2_ws/src/install/mypkg --record /home/dynepanch/ros2_ws/src/build/mypkg/install.log --single-version-externally-managed
