[0.313s] DEBUG:colcon:Command line arguments: ['/usr/bin/colcon', 'build']
[0.314s] DEBUG:colcon:Parsed command line arguments: Namespace(log_base=None, log_level=None, verb_name='build', build_base='build', install_base='install', merge_install=False, symlink_install=False, test_result_base=None, continue_on_error=False, executor='parallel', parallel_workers=12, event_handlers=None, ignore_user_meta=False, metas=['./colcon.meta'], base_paths=['.'], packages_ignore=None, packages_ignore_regex=None, paths=None, packages_up_to=None, packages_up_to_regex=None, packages_above=None, packages_above_and_dependencies=None, packages_above_depth=None, packages_select_by_dep=None, packages_skip_by_dep=None, packages_skip_up_to=None, packages_select_build_failed=False, packages_skip_build_finished=False, packages_select_test_failures=False, packages_skip_test_passed=False, packages_select=None, packages_skip=None, packages_select_regex=None, packages_skip_regex=None, packages_start=None, packages_end=None, allow_overriding=[], cmake_args=None, cmake_target=None, cmake_target_skip_unavailable=False, cmake_clean_cache=False, cmake_clean_first=False, cmake_force_configure=False, ament_cmake_args=None, catkin_cmake_args=None, catkin_skip_building_tests=False, verb_parser=<colcon_defaults.argument_parser.defaults.DefaultArgumentsDecorator object at 0x7f3825089cf0>, verb_extension=<colcon_core.verb.build.BuildVerb object at 0x7f38259c01c0>, main=<bound method BuildVerb.main of <colcon_core.verb.build.BuildVerb object at 0x7f38259c01c0>>)
[0.333s] Level 1:colcon.colcon_core.package_discovery:discover_packages(colcon_meta) check parameters
[0.333s] Level 1:colcon.colcon_core.package_discovery:discover_packages(recursive) check parameters
[0.333s] Level 1:colcon.colcon_core.package_discovery:discover_packages(ignore) check parameters
[0.333s] Level 1:colcon.colcon_core.package_discovery:discover_packages(path) check parameters
[0.333s] Level 1:colcon.colcon_core.package_discovery:discover_packages(colcon_meta) discover
[0.333s] Level 1:colcon.colcon_core.package_discovery:discover_packages(recursive) discover
[0.333s] INFO:colcon.colcon_core.package_discovery:Crawling recursively for packages in '/home/dynepanch/ros2_ws3/ros2_ws'
[0.333s] Level 1:colcon.colcon_core.package_identification:_identify(.) by extensions ['ignore', 'ignore_ament_install']
[0.333s] Level 1:colcon.colcon_core.package_identification:_identify(.) by extension 'ignore'
[0.333s] Level 1:colcon.colcon_core.package_identification:_identify(.) by extension 'ignore_ament_install'
[0.333s] Level 1:colcon.colcon_core.package_identification:_identify(.) by extensions ['colcon_pkg']
[0.333s] Level 1:colcon.colcon_core.package_identification:_identify(.) by extension 'colcon_pkg'
[0.333s] Level 1:colcon.colcon_core.package_identification:_identify(.) by extensions ['colcon_meta']
[0.333s] Level 1:colcon.colcon_core.package_identification:_identify(.) by extension 'colcon_meta'
[0.333s] Level 1:colcon.colcon_core.package_identification:_identify(.) by extensions ['ros']
[0.333s] Level 1:colcon.colcon_core.package_identification:_identify(.) by extension 'ros'
[0.350s] Level 1:colcon.colcon_core.package_identification:_identify(.) by extensions ['cmake', 'python']
[0.350s] Level 1:colcon.colcon_core.package_identification:_identify(.) by extension 'cmake'
[0.350s] Level 1:colcon.colcon_core.package_identification:_identify(.) by extension 'python'
[0.350s] Level 1:colcon.colcon_core.package_identification:_identify(.) by extensions ['python_setup_py']
[0.351s] Level 1:colcon.colcon_core.package_identification:_identify(.) by extension 'python_setup_py'
[0.351s] Level 1:colcon.colcon_core.package_identification:_identify(build) by extensions ['ignore', 'ignore_ament_install']
[0.351s] Level 1:colcon.colcon_core.package_identification:_identify(build) by extension 'ignore'
[0.351s] Level 1:colcon.colcon_core.package_identification:_identify(build) ignored
[0.351s] Level 1:colcon.colcon_core.package_identification:_identify(install) by extensions ['ignore', 'ignore_ament_install']
[0.351s] Level 1:colcon.colcon_core.package_identification:_identify(install) by extension 'ignore'
[0.351s] Level 1:colcon.colcon_core.package_identification:_identify(install) ignored
[0.351s] Level 1:colcon.colcon_core.package_identification:_identify(log) by extensions ['ignore', 'ignore_ament_install']
[0.351s] Level 1:colcon.colcon_core.package_identification:_identify(log) by extension 'ignore'
[0.351s] Level 1:colcon.colcon_core.package_identification:_identify(log) ignored
[0.351s] Level 1:colcon.colcon_core.package_identification:_identify(person_msgs) by extensions ['ignore', 'ignore_ament_install']
[0.351s] Level 1:colcon.colcon_core.package_identification:_identify(person_msgs) by extension 'ignore'
[0.351s] Level 1:colcon.colcon_core.package_identification:_identify(person_msgs) by extension 'ignore_ament_install'
[0.351s] Level 1:colcon.colcon_core.package_identification:_identify(person_msgs) by extensions ['colcon_pkg']
[0.351s] Level 1:colcon.colcon_core.package_identification:_identify(person_msgs) by extension 'colcon_pkg'
[0.352s] Level 1:colcon.colcon_core.package_identification:_identify(person_msgs) by extensions ['colcon_meta']
[0.352s] Level 1:colcon.colcon_core.package_identification:_identify(person_msgs) by extension 'colcon_meta'
[0.352s] Level 1:colcon.colcon_core.package_identification:_identify(person_msgs) by extensions ['ros']
[0.352s] Level 1:colcon.colcon_core.package_identification:_identify(person_msgs) by extension 'ros'
[0.354s] DEBUG:colcon.colcon_core.package_identification:Package 'person_msgs' with type 'ros.ament_cmake' and name 'person_msgs'
[0.354s] Level 1:colcon.colcon_core.package_identification:_identify(src) by extensions ['ignore', 'ignore_ament_install']
[0.354s] Level 1:colcon.colcon_core.package_identification:_identify(src) by extension 'ignore'
[0.354s] Level 1:colcon.colcon_core.package_identification:_identify(src) by extension 'ignore_ament_install'
[0.354s] Level 1:colcon.colcon_core.package_identification:_identify(src) by extensions ['colcon_pkg']
[0.354s] Level 1:colcon.colcon_core.package_identification:_identify(src) by extension 'colcon_pkg'
[0.354s] Level 1:colcon.colcon_core.package_identification:_identify(src) by extensions ['colcon_meta']
[0.354s] Level 1:colcon.colcon_core.package_identification:_identify(src) by extension 'colcon_meta'
[0.354s] Level 1:colcon.colcon_core.package_identification:_identify(src) by extensions ['ros']
[0.354s] Level 1:colcon.colcon_core.package_identification:_identify(src) by extension 'ros'
[0.354s] Level 1:colcon.colcon_core.package_identification:_identify(src) by extensions ['cmake', 'python']
[0.354s] Level 1:colcon.colcon_core.package_identification:_identify(src) by extension 'cmake'
[0.354s] Level 1:colcon.colcon_core.package_identification:_identify(src) by extension 'python'
[0.354s] Level 1:colcon.colcon_core.package_identification:_identify(src) by extensions ['python_setup_py']
[0.354s] Level 1:colcon.colcon_core.package_identification:_identify(src) by extension 'python_setup_py'
[0.354s] Level 1:colcon.colcon_core.package_identification:_identify(src/build) by extensions ['ignore', 'ignore_ament_install']
[0.354s] Level 1:colcon.colcon_core.package_identification:_identify(src/build) by extension 'ignore'
[0.354s] Level 1:colcon.colcon_core.package_identification:_identify(src/build) ignored
[0.355s] Level 1:colcon.colcon_core.package_identification:_identify(src/install) by extensions ['ignore', 'ignore_ament_install']
[0.355s] Level 1:colcon.colcon_core.package_identification:_identify(src/install) by extension 'ignore'
[0.355s] Level 1:colcon.colcon_core.package_identification:_identify(src/install) ignored
[0.355s] Level 1:colcon.colcon_core.package_identification:_identify(src/log) by extensions ['ignore', 'ignore_ament_install']
[0.355s] Level 1:colcon.colcon_core.package_identification:_identify(src/log) by extension 'ignore'
[0.355s] Level 1:colcon.colcon_core.package_identification:_identify(src/log) ignored
[0.355s] Level 1:colcon.colcon_core.package_identification:_identify(src/mypkg) by extensions ['ignore', 'ignore_ament_install']
[0.355s] Level 1:colcon.colcon_core.package_identification:_identify(src/mypkg) by extension 'ignore'
[0.355s] Level 1:colcon.colcon_core.package_identification:_identify(src/mypkg) by extension 'ignore_ament_install'
[0.355s] Level 1:colcon.colcon_core.package_identification:_identify(src/mypkg) by extensions ['colcon_pkg']
[0.355s] Level 1:colcon.colcon_core.package_identification:_identify(src/mypkg) by extension 'colcon_pkg'
[0.355s] Level 1:colcon.colcon_core.package_identification:_identify(src/mypkg) by extensions ['colcon_meta']
[0.355s] Level 1:colcon.colcon_core.package_identification:_identify(src/mypkg) by extension 'colcon_meta'
[0.355s] Level 1:colcon.colcon_core.package_identification:_identify(src/mypkg) by extensions ['ros']
[0.355s] Level 1:colcon.colcon_core.package_identification:_identify(src/mypkg) by extension 'ros'
[0.356s] DEBUG:colcon.colcon_core.package_identification:Package 'src/mypkg' with type 'ros.ament_python' and name 'mypkg'
[0.356s] Level 1:colcon.colcon_core.package_identification:_identify(src/mypkg - コピー) by extensions ['ignore', 'ignore_ament_install']
[0.356s] Level 1:colcon.colcon_core.package_identification:_identify(src/mypkg - コピー) by extension 'ignore'
[0.356s] Level 1:colcon.colcon_core.package_identification:_identify(src/mypkg - コピー) by extension 'ignore_ament_install'
[0.356s] Level 1:colcon.colcon_core.package_identification:_identify(src/mypkg - コピー) by extensions ['colcon_pkg']
[0.356s] Level 1:colcon.colcon_core.package_identification:_identify(src/mypkg - コピー) by extension 'colcon_pkg'
[0.356s] Level 1:colcon.colcon_core.package_identification:_identify(src/mypkg - コピー) by extensions ['colcon_meta']
[0.356s] Level 1:colcon.colcon_core.package_identification:_identify(src/mypkg - コピー) by extension 'colcon_meta'
[0.356s] Level 1:colcon.colcon_core.package_identification:_identify(src/mypkg - コピー) by extensions ['ros']
[0.356s] Level 1:colcon.colcon_core.package_identification:_identify(src/mypkg - コピー) by extension 'ros'
[0.356s] Level 1:colcon.colcon_core.package_identification:_identify(src/mypkg - コピー) by extensions ['cmake', 'python']
[0.356s] Level 1:colcon.colcon_core.package_identification:_identify(src/mypkg - コピー) by extension 'cmake'
[0.356s] Level 1:colcon.colcon_core.package_identification:_identify(src/mypkg - コピー) by extension 'python'
[0.356s] Level 1:colcon.colcon_core.package_identification:_identify(src/mypkg - コピー) by extensions ['python_setup_py']
[0.356s] Level 1:colcon.colcon_core.package_identification:_identify(src/mypkg - コピー) by extension 'python_setup_py'
[0.356s] Level 1:colcon.colcon_core.package_identification:_identify(src/mypkg - コピー/mypkg) by extensions ['ignore', 'ignore_ament_install']
[0.356s] Level 1:colcon.colcon_core.package_identification:_identify(src/mypkg - コピー/mypkg) by extension 'ignore'
[0.357s] Level 1:colcon.colcon_core.package_identification:_identify(src/mypkg - コピー/mypkg) by extension 'ignore_ament_install'
[0.357s] Level 1:colcon.colcon_core.package_identification:_identify(src/mypkg - コピー/mypkg) by extensions ['colcon_pkg']
[0.357s] Level 1:colcon.colcon_core.package_identification:_identify(src/mypkg - コピー/mypkg) by extension 'colcon_pkg'
[0.357s] Level 1:colcon.colcon_core.package_identification:_identify(src/mypkg - コピー/mypkg) by extensions ['colcon_meta']
[0.357s] Level 1:colcon.colcon_core.package_identification:_identify(src/mypkg - コピー/mypkg) by extension 'colcon_meta'
[0.357s] Level 1:colcon.colcon_core.package_identification:_identify(src/mypkg - コピー/mypkg) by extensions ['ros']
[0.357s] Level 1:colcon.colcon_core.package_identification:_identify(src/mypkg - コピー/mypkg) by extension 'ros'
[0.357s] Level 1:colcon.colcon_core.package_identification:_identify(src/mypkg - コピー/mypkg) by extensions ['cmake', 'python']
[0.357s] Level 1:colcon.colcon_core.package_identification:_identify(src/mypkg - コピー/mypkg) by extension 'cmake'
[0.357s] Level 1:colcon.colcon_core.package_identification:_identify(src/mypkg - コピー/mypkg) by extension 'python'
[0.357s] Level 1:colcon.colcon_core.package_identification:_identify(src/mypkg - コピー/mypkg) by extensions ['python_setup_py']
[0.357s] Level 1:colcon.colcon_core.package_identification:_identify(src/mypkg - コピー/mypkg) by extension 'python_setup_py'
[0.358s] Level 1:colcon.colcon_core.package_identification:_identify(src/mypkg - コピー/mypkg/log) by extensions ['ignore', 'ignore_ament_install']
[0.358s] Level 1:colcon.colcon_core.package_identification:_identify(src/mypkg - コピー/mypkg/log) by extension 'ignore'
[0.358s] Level 1:colcon.colcon_core.package_identification:_identify(src/mypkg - コピー/mypkg/log) by extension 'ignore_ament_install'
[0.358s] Level 1:colcon.colcon_core.package_identification:_identify(src/mypkg - コピー/mypkg/log) by extensions ['colcon_pkg']
[0.358s] Level 1:colcon.colcon_core.package_identification:_identify(src/mypkg - コピー/mypkg/log) by extension 'colcon_pkg'
[0.358s] Level 1:colcon.colcon_core.package_identification:_identify(src/mypkg - コピー/mypkg/log) by extensions ['colcon_meta']
[0.358s] Level 1:colcon.colcon_core.package_identification:_identify(src/mypkg - コピー/mypkg/log) by extension 'colcon_meta'
[0.358s] Level 1:colcon.colcon_core.package_identification:_identify(src/mypkg - コピー/mypkg/log) by extensions ['ros']
[0.358s] Level 1:colcon.colcon_core.package_identification:_identify(src/mypkg - コピー/mypkg/log) by extension 'ros'
[0.358s] Level 1:colcon.colcon_core.package_identification:_identify(src/mypkg - コピー/mypkg/log) by extensions ['cmake', 'python']
[0.358s] Level 1:colcon.colcon_core.package_identification:_identify(src/mypkg - コピー/mypkg/log) by extension 'cmake'
[0.358s] Level 1:colcon.colcon_core.package_identification:_identify(src/mypkg - コピー/mypkg/log) by extension 'python'
[0.358s] Level 1:colcon.colcon_core.package_identification:_identify(src/mypkg - コピー/mypkg/log) by extensions ['python_setup_py']
[0.358s] Level 1:colcon.colcon_core.package_identification:_identify(src/mypkg - コピー/mypkg/log) by extension 'python_setup_py'
[0.358s] Level 1:colcon.colcon_core.package_discovery:discover_packages(recursive) using defaults
[0.358s] Level 1:colcon.colcon_core.package_discovery:discover_packages(ignore) discover
[0.358s] Level 1:colcon.colcon_core.package_discovery:discover_packages(ignore) using defaults
[0.359s] Level 1:colcon.colcon_core.package_discovery:discover_packages(path) discover
[0.359s] Level 1:colcon.colcon_core.package_discovery:discover_packages(path) using defaults
[0.379s] Level 1:colcon.colcon_core.package_discovery:discover_packages(prefix_path) check parameters
[0.379s] Level 1:colcon.colcon_core.package_discovery:discover_packages(prefix_path) discover
[0.381s] DEBUG:colcon.colcon_installed_package_information.package_discovery:Found 2 installed packages in /home/dynepanch/ros2_ws3/ros2_ws/install
[0.382s] DEBUG:colcon.colcon_installed_package_information.package_discovery:Found 270 installed packages in /opt/ros/humble
[0.383s] Level 1:colcon.colcon_core.package_discovery:discover_packages(prefix_path) using defaults
[0.433s] Level 5:colcon.colcon_core.verb:set package 'mypkg' build argument 'cmake_args' from command line to 'None'
[0.433s] Level 5:colcon.colcon_core.verb:set package 'mypkg' build argument 'cmake_target' from command line to 'None'
[0.433s] Level 5:colcon.colcon_core.verb:set package 'mypkg' build argument 'cmake_target_skip_unavailable' from command line to 'False'
[0.433s] Level 5:colcon.colcon_core.verb:set package 'mypkg' build argument 'cmake_clean_cache' from command line to 'False'
[0.433s] Level 5:colcon.colcon_core.verb:set package 'mypkg' build argument 'cmake_clean_first' from command line to 'False'
[0.433s] Level 5:colcon.colcon_core.verb:set package 'mypkg' build argument 'cmake_force_configure' from command line to 'False'
[0.433s] Level 5:colcon.colcon_core.verb:set package 'mypkg' build argument 'ament_cmake_args' from command line to 'None'
[0.433s] Level 5:colcon.colcon_core.verb:set package 'mypkg' build argument 'catkin_cmake_args' from command line to 'None'
[0.433s] Level 5:colcon.colcon_core.verb:set package 'mypkg' build argument 'catkin_skip_building_tests' from command line to 'False'
[0.433s] DEBUG:colcon.colcon_core.verb:Building package 'mypkg' with the following arguments: {'ament_cmake_args': None, 'build_base': '/home/dynepanch/ros2_ws3/ros2_ws/build/mypkg', 'catkin_cmake_args': None, 'catkin_skip_building_tests': False, 'cmake_args': None, 'cmake_clean_cache': False, 'cmake_clean_first': False, 'cmake_force_configure': False, 'cmake_target': None, 'cmake_target_skip_unavailable': False, 'install_base': '/home/dynepanch/ros2_ws3/ros2_ws/install/mypkg', 'merge_install': False, 'path': '/home/dynepanch/ros2_ws3/ros2_ws/src/mypkg', 'symlink_install': False, 'test_result_base': None}
[0.434s] Level 5:colcon.colcon_core.verb:set package 'person_msgs' build argument 'cmake_args' from command line to 'None'
[0.434s] Level 5:colcon.colcon_core.verb:set package 'person_msgs' build argument 'cmake_target' from command line to 'None'
[0.434s] Level 5:colcon.colcon_core.verb:set package 'person_msgs' build argument 'cmake_target_skip_unavailable' from command line to 'False'
[0.434s] Level 5:colcon.colcon_core.verb:set package 'person_msgs' build argument 'cmake_clean_cache' from command line to 'False'
[0.434s] Level 5:colcon.colcon_core.verb:set package 'person_msgs' build argument 'cmake_clean_first' from command line to 'False'
[0.434s] Level 5:colcon.colcon_core.verb:set package 'person_msgs' build argument 'cmake_force_configure' from command line to 'False'
[0.434s] Level 5:colcon.colcon_core.verb:set package 'person_msgs' build argument 'ament_cmake_args' from command line to 'None'
[0.434s] Level 5:colcon.colcon_core.verb:set package 'person_msgs' build argument 'catkin_cmake_args' from command line to 'None'
[0.434s] Level 5:colcon.colcon_core.verb:set package 'person_msgs' build argument 'catkin_skip_building_tests' from command line to 'False'
[0.434s] DEBUG:colcon.colcon_core.verb:Building package 'person_msgs' with the following arguments: {'ament_cmake_args': None, 'build_base': '/home/dynepanch/ros2_ws3/ros2_ws/build/person_msgs', 'catkin_cmake_args': None, 'catkin_skip_building_tests': False, 'cmake_args': None, 'cmake_clean_cache': False, 'cmake_clean_first': False, 'cmake_force_configure': False, 'cmake_target': None, 'cmake_target_skip_unavailable': False, 'install_base': '/home/dynepanch/ros2_ws3/ros2_ws/install/person_msgs', 'merge_install': False, 'path': '/home/dynepanch/ros2_ws3/ros2_ws/person_msgs', 'symlink_install': False, 'test_result_base': None}
[0.434s] INFO:colcon.colcon_core.executor:Executing jobs using 'parallel' executor
[0.438s] DEBUG:colcon.colcon_parallel_executor.executor.parallel:run_until_complete
[0.439s] INFO:colcon.colcon_ros.task.ament_python.build:Building ROS package in '/home/dynepanch/ros2_ws3/ros2_ws/src/mypkg' with build type 'ament_python'
[0.439s] Level 1:colcon.colcon_core.shell:create_environment_hook('mypkg', 'ament_prefix_path')
[0.443s] INFO:colcon.colcon_core.plugin_system:Skipping extension 'colcon_core.shell.bat': Not used on non-Windows systems
[0.443s] INFO:colcon.colcon_core.shell:Creating environment hook '/home/dynepanch/ros2_ws3/ros2_ws/install/mypkg/share/mypkg/hook/ament_prefix_path.ps1'
[0.443s] INFO:colcon.colcon_core.shell:Creating environment descriptor '/home/dynepanch/ros2_ws3/ros2_ws/install/mypkg/share/mypkg/hook/ament_prefix_path.dsv'
[0.444s] INFO:colcon.colcon_core.shell:Creating environment hook '/home/dynepanch/ros2_ws3/ros2_ws/install/mypkg/share/mypkg/hook/ament_prefix_path.sh'
[0.445s] INFO:colcon.colcon_core.shell:Skip shell extension 'powershell' for command environment: Not usable outside of PowerShell
[0.445s] DEBUG:colcon.colcon_core.shell:Skip shell extension 'dsv' for command environment
[0.448s] INFO:colcon.colcon_ros.task.ament_cmake.build:Building ROS package in '/home/dynepanch/ros2_ws3/ros2_ws/person_msgs' with build type 'ament_cmake'
[0.449s] INFO:colcon.colcon_cmake.task.cmake.build:Building CMake package in '/home/dynepanch/ros2_ws3/ros2_ws/person_msgs'
[0.450s] INFO:colcon.colcon_core.shell:Skip shell extension 'powershell' for command environment: Not usable outside of PowerShell
[0.450s] DEBUG:colcon.colcon_core.shell:Skip shell extension 'dsv' for command environment
[0.653s] INFO:colcon.colcon_core.task.python.build:Building Python package in '/home/dynepanch/ros2_ws3/ros2_ws/src/mypkg'
[0.655s] INFO:colcon.colcon_core.shell:Skip shell extension 'powershell' for command environment: Not usable outside of PowerShell
[0.655s] DEBUG:colcon.colcon_core.shell:Skip shell extension 'dsv' for command environment
[0.665s] DEBUG:colcon.colcon_core.event_handler.log_command:Invoking command in '/home/dynepanch/ros2_ws3/ros2_ws/build/person_msgs': CMAKE_PREFIX_PATH=${CMAKE_PREFIX_PATH}:/home/dynepanch/ros2_ws3/ros2_ws/install/mypkg:/opt/ros/humble /usr/bin/cmake --build /home/dynepanch/ros2_ws3/ros2_ws/build/person_msgs -- -j12 -l12
[0.940s] DEBUG:colcon.colcon_core.event_handler.log_command:Invoked command in '/home/dynepanch/ros2_ws3/ros2_ws/build/person_msgs' returned '0': CMAKE_PREFIX_PATH=${CMAKE_PREFIX_PATH}:/home/dynepanch/ros2_ws3/ros2_ws/install/mypkg:/opt/ros/humble /usr/bin/cmake --build /home/dynepanch/ros2_ws3/ros2_ws/build/person_msgs -- -j12 -l12
[0.949s] DEBUG:colcon.colcon_core.event_handler.log_command:Invoking command in '/home/dynepanch/ros2_ws3/ros2_ws/src/mypkg': PYTHONPATH=/home/dynepanch/ros2_ws3/ros2_ws/install/mypkg/lib/python3.10/site-packages:${PYTHONPATH} /usr/bin/python3 setup.py egg_info --egg-base ../../build/mypkg build --build-base /home/dynepanch/ros2_ws3/ros2_ws/build/mypkg/build install --prefix /home/dynepanch/ros2_ws3/ros2_ws/install/mypkg --record /home/dynepanch/ros2_ws3/ros2_ws/build/mypkg/install.log --single-version-externally-managed
[0.994s] DEBUG:colcon.colcon_core.event_handler.log_command:Invoking command in '/home/dynepanch/ros2_ws3/ros2_ws/build/person_msgs': CMAKE_PREFIX_PATH=${CMAKE_PREFIX_PATH}:/home/dynepanch/ros2_ws3/ros2_ws/install/mypkg:/opt/ros/humble /usr/bin/cmake --install /home/dynepanch/ros2_ws3/ros2_ws/build/person_msgs
[1.045s] Level 1:colcon.colcon_core.environment:create_environment_scripts_only(person_msgs)
[1.046s] DEBUG:colcon.colcon_core.event_handler.log_command:Invoked command in '/home/dynepanch/ros2_ws3/ros2_ws/build/person_msgs' returned '0': CMAKE_PREFIX_PATH=${CMAKE_PREFIX_PATH}:/home/dynepanch/ros2_ws3/ros2_ws/install/mypkg:/opt/ros/humble /usr/bin/cmake --install /home/dynepanch/ros2_ws3/ros2_ws/build/person_msgs
[1.049s] Level 1:colcon.colcon_core.environment:checking '/home/dynepanch/ros2_ws3/ros2_ws/install/person_msgs' for CMake module files
[1.049s] Level 1:colcon.colcon_core.environment:checking '/home/dynepanch/ros2_ws3/ros2_ws/install/person_msgs' for CMake config files
[1.050s] Level 1:colcon.colcon_core.shell:create_environment_hook('person_msgs', 'cmake_prefix_path')
[1.051s] INFO:colcon.colcon_core.shell:Creating environment hook '/home/dynepanch/ros2_ws3/ros2_ws/install/person_msgs/share/person_msgs/hook/cmake_prefix_path.ps1'
[1.051s] INFO:colcon.colcon_core.shell:Creating environment descriptor '/home/dynepanch/ros2_ws3/ros2_ws/install/person_msgs/share/person_msgs/hook/cmake_prefix_path.dsv'
[1.051s] INFO:colcon.colcon_core.shell:Creating environment hook '/home/dynepanch/ros2_ws3/ros2_ws/install/person_msgs/share/person_msgs/hook/cmake_prefix_path.sh'
[1.052s] Level 1:colcon.colcon_core.environment:checking '/home/dynepanch/ros2_ws3/ros2_ws/install/person_msgs/lib'
[1.052s] Level 1:colcon.colcon_core.shell:create_environment_hook('person_msgs', 'ld_library_path_lib')
[1.053s] INFO:colcon.colcon_core.shell:Creating environment hook '/home/dynepanch/ros2_ws3/ros2_ws/install/person_msgs/share/person_msgs/hook/ld_library_path_lib.ps1'
[1.053s] INFO:colcon.colcon_core.shell:Creating environment descriptor '/home/dynepanch/ros2_ws3/ros2_ws/install/person_msgs/share/person_msgs/hook/ld_library_path_lib.dsv'
[1.053s] INFO:colcon.colcon_core.shell:Creating environment hook '/home/dynepanch/ros2_ws3/ros2_ws/install/person_msgs/share/person_msgs/hook/ld_library_path_lib.sh'
[1.054s] Level 1:colcon.colcon_core.environment:checking '/home/dynepanch/ros2_ws3/ros2_ws/install/person_msgs/bin'
[1.054s] Level 1:colcon.colcon_core.environment:checking '/home/dynepanch/ros2_ws3/ros2_ws/install/person_msgs/lib/pkgconfig/person_msgs.pc'
[1.054s] Level 1:colcon.colcon_core.environment:checking '/home/dynepanch/ros2_ws3/ros2_ws/install/person_msgs/lib/python3.10/site-packages'
[1.054s] Level 1:colcon.colcon_core.environment:checking '/home/dynepanch/ros2_ws3/ros2_ws/install/person_msgs/bin'
[1.055s] INFO:colcon.colcon_core.shell:Creating package script '/home/dynepanch/ros2_ws3/ros2_ws/install/person_msgs/share/person_msgs/package.ps1'
[1.056s] INFO:colcon.colcon_core.shell:Creating package descriptor '/home/dynepanch/ros2_ws3/ros2_ws/install/person_msgs/share/person_msgs/package.dsv'
[1.056s] INFO:colcon.colcon_core.shell:Creating package script '/home/dynepanch/ros2_ws3/ros2_ws/install/person_msgs/share/person_msgs/package.sh'
[1.057s] INFO:colcon.colcon_core.shell:Creating package script '/home/dynepanch/ros2_ws3/ros2_ws/install/person_msgs/share/person_msgs/package.bash'
[1.058s] INFO:colcon.colcon_core.shell:Creating package script '/home/dynepanch/ros2_ws3/ros2_ws/install/person_msgs/share/person_msgs/package.zsh'
[1.058s] Level 1:colcon.colcon_core.environment:create_file_with_runtime_dependencies(/home/dynepanch/ros2_ws3/ros2_ws/install/person_msgs/share/colcon-core/packages/person_msgs)
[1.105s] Level 1:colcon.colcon_core.environment:create_environment_scripts_only(person_msgs)
[1.106s] Level 1:colcon.colcon_core.environment:checking '/home/dynepanch/ros2_ws3/ros2_ws/install/person_msgs' for CMake module files
[1.107s] Level 1:colcon.colcon_core.environment:checking '/home/dynepanch/ros2_ws3/ros2_ws/install/person_msgs' for CMake config files
[1.107s] Level 1:colcon.colcon_core.shell:create_environment_hook('person_msgs', 'cmake_prefix_path')
[1.108s] INFO:colcon.colcon_core.shell:Creating environment hook '/home/dynepanch/ros2_ws3/ros2_ws/install/person_msgs/share/person_msgs/hook/cmake_prefix_path.ps1'
[1.108s] INFO:colcon.colcon_core.shell:Creating environment descriptor '/home/dynepanch/ros2_ws3/ros2_ws/install/person_msgs/share/person_msgs/hook/cmake_prefix_path.dsv'
[1.109s] INFO:colcon.colcon_core.shell:Creating environment hook '/home/dynepanch/ros2_ws3/ros2_ws/install/person_msgs/share/person_msgs/hook/cmake_prefix_path.sh'
[1.109s] Level 1:colcon.colcon_core.environment:checking '/home/dynepanch/ros2_ws3/ros2_ws/install/person_msgs/lib'
[1.109s] Level 1:colcon.colcon_core.shell:create_environment_hook('person_msgs', 'ld_library_path_lib')
[1.110s] INFO:colcon.colcon_core.shell:Creating environment hook '/home/dynepanch/ros2_ws3/ros2_ws/install/person_msgs/share/person_msgs/hook/ld_library_path_lib.ps1'
[1.110s] INFO:colcon.colcon_core.shell:Creating environment descriptor '/home/dynepanch/ros2_ws3/ros2_ws/install/person_msgs/share/person_msgs/hook/ld_library_path_lib.dsv'
[1.111s] INFO:colcon.colcon_core.shell:Creating environment hook '/home/dynepanch/ros2_ws3/ros2_ws/install/person_msgs/share/person_msgs/hook/ld_library_path_lib.sh'
[1.111s] Level 1:colcon.colcon_core.environment:checking '/home/dynepanch/ros2_ws3/ros2_ws/install/person_msgs/bin'
[1.111s] Level 1:colcon.colcon_core.environment:checking '/home/dynepanch/ros2_ws3/ros2_ws/install/person_msgs/lib/pkgconfig/person_msgs.pc'
[1.111s] Level 1:colcon.colcon_core.environment:checking '/home/dynepanch/ros2_ws3/ros2_ws/install/person_msgs/lib/python3.10/site-packages'
[1.111s] Level 1:colcon.colcon_core.environment:checking '/home/dynepanch/ros2_ws3/ros2_ws/install/person_msgs/bin'
[1.112s] INFO:colcon.colcon_core.shell:Creating package script '/home/dynepanch/ros2_ws3/ros2_ws/install/person_msgs/share/person_msgs/package.ps1'
[1.113s] INFO:colcon.colcon_core.shell:Creating package descriptor '/home/dynepanch/ros2_ws3/ros2_ws/install/person_msgs/share/person_msgs/package.dsv'
[1.113s] INFO:colcon.colcon_core.shell:Creating package script '/home/dynepanch/ros2_ws3/ros2_ws/install/person_msgs/share/person_msgs/package.sh'
[1.113s] INFO:colcon.colcon_core.shell:Creating package script '/home/dynepanch/ros2_ws3/ros2_ws/install/person_msgs/share/person_msgs/package.bash'
[1.114s] INFO:colcon.colcon_core.shell:Creating package script '/home/dynepanch/ros2_ws3/ros2_ws/install/person_msgs/share/person_msgs/package.zsh'
[1.114s] Level 1:colcon.colcon_core.environment:create_file_with_runtime_dependencies(/home/dynepanch/ros2_ws3/ros2_ws/install/person_msgs/share/colcon-core/packages/person_msgs)
[1.188s] Level 1:colcon.colcon_core.environment:checking '/home/dynepanch/ros2_ws3/ros2_ws/install/mypkg' for CMake module files
[1.189s] DEBUG:colcon.colcon_core.event_handler.log_command:Invoked command in '/home/dynepanch/ros2_ws3/ros2_ws/src/mypkg' returned '0': PYTHONPATH=/home/dynepanch/ros2_ws3/ros2_ws/install/mypkg/lib/python3.10/site-packages:${PYTHONPATH} /usr/bin/python3 setup.py egg_info --egg-base ../../build/mypkg build --build-base /home/dynepanch/ros2_ws3/ros2_ws/build/mypkg/build install --prefix /home/dynepanch/ros2_ws3/ros2_ws/install/mypkg --record /home/dynepanch/ros2_ws3/ros2_ws/build/mypkg/install.log --single-version-externally-managed
[1.189s] Level 1:colcon.colcon_core.environment:checking '/home/dynepanch/ros2_ws3/ros2_ws/install/mypkg' for CMake config files
[1.190s] Level 1:colcon.colcon_core.environment:checking '/home/dynepanch/ros2_ws3/ros2_ws/install/mypkg/lib'
[1.190s] Level 1:colcon.colcon_core.environment:checking '/home/dynepanch/ros2_ws3/ros2_ws/install/mypkg/bin'
[1.190s] Level 1:colcon.colcon_core.environment:checking '/home/dynepanch/ros2_ws3/ros2_ws/install/mypkg/lib/pkgconfig/mypkg.pc'
[1.190s] Level 1:colcon.colcon_core.environment:checking '/home/dynepanch/ros2_ws3/ros2_ws/install/mypkg/lib/python3.10/site-packages'
[1.190s] Level 1:colcon.colcon_core.shell:create_environment_hook('mypkg', 'pythonpath')
[1.191s] INFO:colcon.colcon_core.shell:Creating environment hook '/home/dynepanch/ros2_ws3/ros2_ws/install/mypkg/share/mypkg/hook/pythonpath.ps1'
[1.191s] INFO:colcon.colcon_core.shell:Creating environment descriptor '/home/dynepanch/ros2_ws3/ros2_ws/install/mypkg/share/mypkg/hook/pythonpath.dsv'
[1.192s] INFO:colcon.colcon_core.shell:Creating environment hook '/home/dynepanch/ros2_ws3/ros2_ws/install/mypkg/share/mypkg/hook/pythonpath.sh'
[1.192s] Level 1:colcon.colcon_core.environment:checking '/home/dynepanch/ros2_ws3/ros2_ws/install/mypkg/bin'
[1.192s] Level 1:colcon.colcon_core.environment:create_environment_scripts_only(mypkg)
[1.193s] INFO:colcon.colcon_core.shell:Creating package script '/home/dynepanch/ros2_ws3/ros2_ws/install/mypkg/share/mypkg/package.ps1'
[1.194s] INFO:colcon.colcon_core.shell:Creating package descriptor '/home/dynepanch/ros2_ws3/ros2_ws/install/mypkg/share/mypkg/package.dsv'
[1.194s] INFO:colcon.colcon_core.shell:Creating package script '/home/dynepanch/ros2_ws3/ros2_ws/install/mypkg/share/mypkg/package.sh'
[1.194s] INFO:colcon.colcon_core.shell:Creating package script '/home/dynepanch/ros2_ws3/ros2_ws/install/mypkg/share/mypkg/package.bash'
[1.194s] INFO:colcon.colcon_core.shell:Creating package script '/home/dynepanch/ros2_ws3/ros2_ws/install/mypkg/share/mypkg/package.zsh'
[1.195s] Level 1:colcon.colcon_core.environment:create_file_with_runtime_dependencies(/home/dynepanch/ros2_ws3/ros2_ws/install/mypkg/share/colcon-core/packages/mypkg)
[1.195s] DEBUG:colcon.colcon_parallel_executor.executor.parallel:closing loop
[1.195s] DEBUG:colcon.colcon_parallel_executor.executor.parallel:loop closed
[1.196s] DEBUG:colcon.colcon_parallel_executor.executor.parallel:run_until_complete finished with '0'
[1.196s] DEBUG:colcon.colcon_core.event_reactor:joining thread
[1.231s] INFO:colcon.colcon_core.plugin_system:Skipping extension 'colcon_notification.desktop_notification.notify_send': Could not find 'notify-send'
[1.231s] INFO:colcon.colcon_core.plugin_system:Skipping extension 'colcon_notification.desktop_notification.terminal_notifier': Not used on non-Darwin systems
[1.231s] INFO:colcon.colcon_core.plugin_system:Skipping extension 'colcon_notification.desktop_notification.win32': Not used on non-Windows systems
[1.232s] INFO:colcon.colcon_notification.desktop_notification:Sending desktop notification using 'notify2'
[1.232s] DEBUG:colcon.colcon_notification.desktop_notification.notify2:Failed to initialize notify2: org.freedesktop.DBus.Error.NotSupported: Unable to autolaunch a dbus-daemon without a $DISPLAY for X11
[1.232s] DEBUG:colcon.colcon_core.event_reactor:joined thread
[1.233s] INFO:colcon.colcon_core.shell:Creating prefix script '/home/dynepanch/ros2_ws3/ros2_ws/install/local_setup.ps1'
[1.234s] INFO:colcon.colcon_core.shell:Creating prefix util module '/home/dynepanch/ros2_ws3/ros2_ws/install/_local_setup_util_ps1.py'
[1.235s] INFO:colcon.colcon_core.shell:Creating prefix chain script '/home/dynepanch/ros2_ws3/ros2_ws/install/setup.ps1'
[1.236s] INFO:colcon.colcon_core.shell:Creating prefix script '/home/dynepanch/ros2_ws3/ros2_ws/install/local_setup.sh'
[1.236s] INFO:colcon.colcon_core.shell:Creating prefix util module '/home/dynepanch/ros2_ws3/ros2_ws/install/_local_setup_util_sh.py'
[1.236s] INFO:colcon.colcon_core.shell:Creating prefix chain script '/home/dynepanch/ros2_ws3/ros2_ws/install/setup.sh'
[1.237s] INFO:colcon.colcon_core.shell:Creating prefix script '/home/dynepanch/ros2_ws3/ros2_ws/install/local_setup.bash'
[1.238s] INFO:colcon.colcon_core.shell:Creating prefix chain script '/home/dynepanch/ros2_ws3/ros2_ws/install/setup.bash'
[1.239s] INFO:colcon.colcon_core.shell:Creating prefix script '/home/dynepanch/ros2_ws3/ros2_ws/install/local_setup.zsh'
[1.239s] INFO:colcon.colcon_core.shell:Creating prefix chain script '/home/dynepanch/ros2_ws3/ros2_ws/install/setup.zsh'
