[0.571s] Invoking command in '/home/dynepanch/ros2_ws3/ros2_ws/src/mypkg': PYTHONPATH=/home/dynepanch/ros2_ws3/ros2_ws/install/mypkg/lib/python3.10/site-packages:${PYTHONPATH} /usr/bin/python3 setup.py egg_info --egg-base ../../build/mypkg build --build-base /home/dynepanch/ros2_ws3/ros2_ws/build/mypkg/build install --prefix /home/dynepanch/ros2_ws3/ros2_ws/install/mypkg --record /home/dynepanch/ros2_ws3/ros2_ws/build/mypkg/install.log --single-version-externally-managed
[0.765s] running egg_info
[0.765s] writing ../../build/mypkg/mypkg.egg-info/PKG-INFO
[0.766s] writing dependency_links to ../../build/mypkg/mypkg.egg-info/dependency_links.txt
[0.766s] writing entry points to ../../build/mypkg/mypkg.egg-info/entry_points.txt
[0.766s] writing requirements to ../../build/mypkg/mypkg.egg-info/requires.txt
[0.766s] writing top-level names to ../../build/mypkg/mypkg.egg-info/top_level.txt
[0.767s] reading manifest file '../../build/mypkg/mypkg.egg-info/SOURCES.txt'
[0.768s] writing manifest file '../../build/mypkg/mypkg.egg-info/SOURCES.txt'
[0.769s] running build
[0.769s] running build_py
[0.769s] copying mypkg/listener.py -> /home/dynepanch/ros2_ws3/ros2_ws/build/mypkg/build/lib/mypkg
[0.769s] running install
[0.770s] /usr/lib/python3/dist-packages/setuptools/command/install.py:34: SetuptoolsDeprecationWarning: setup.py install is deprecated. Use build and pip and other standards-based tools.
[0.770s]   warnings.warn(
[0.770s] running install_lib
[0.770s] copying /home/dynepanch/ros2_ws3/ros2_ws/build/mypkg/build/lib/mypkg/listener.py -> /home/dynepanch/ros2_ws3/ros2_ws/install/mypkg/lib/python3.10/site-packages/mypkg
[0.771s] byte-compiling /home/dynepanch/ros2_ws3/ros2_ws/install/mypkg/lib/python3.10/site-packages/mypkg/listener.py to listener.cpython-310.pyc
[0.772s]   File "/home/dynepanch/ros2_ws3/ros2_ws/install/mypkg/lib/python3.10/site-packages/mypkg/listener.py", line 18
[0.772s]     if future,done():
[0.772s]              ^
[0.772s] SyntaxError: invalid syntax
[0.772s] 
[0.772s] running install_data
[0.772s] running install_egg_info
[0.773s] removing '/home/dynepanch/ros2_ws3/ros2_ws/install/mypkg/lib/python3.10/site-packages/mypkg-0.0.0-py3.10.egg-info' (and everything under it)
[0.774s] Copying ../../build/mypkg/mypkg.egg-info to /home/dynepanch/ros2_ws3/ros2_ws/install/mypkg/lib/python3.10/site-packages/mypkg-0.0.0-py3.10.egg-info
[0.775s] running install_scripts
[0.793s] Installing listener script to /home/dynepanch/ros2_ws3/ros2_ws/install/mypkg/lib/mypkg
[0.793s] Installing talker script to /home/dynepanch/ros2_ws3/ros2_ws/install/mypkg/lib/mypkg
[0.793s] writing list of installed files to '/home/dynepanch/ros2_ws3/ros2_ws/build/mypkg/install.log'
[0.816s] Invoked command in '/home/dynepanch/ros2_ws3/ros2_ws/src/mypkg' returned '0': PYTHONPATH=/home/dynepanch/ros2_ws3/ros2_ws/install/mypkg/lib/python3.10/site-packages:${PYTHONPATH} /usr/bin/python3 setup.py egg_info --egg-base ../../build/mypkg build --build-base /home/dynepanch/ros2_ws3/ros2_ws/build/mypkg/build install --prefix /home/dynepanch/ros2_ws3/ros2_ws/install/mypkg --record /home/dynepanch/ros2_ws3/ros2_ws/build/mypkg/install.log --single-version-externally-managed
