[0.496s] Invoking command in '/home/dynepanch/ros2_ws/src/mypkg': PYTHONPATH=/home/dynepanch/ros2_ws/install/mypkg/lib/python3.10/site-packages:${PYTHONPATH} /usr/bin/python3 setup.py egg_info --egg-base ../../build/mypkg build --build-base /home/dynepanch/ros2_ws/build/mypkg/build install --prefix /home/dynepanch/ros2_ws/install/mypkg --record /home/dynepanch/ros2_ws/build/mypkg/install.log --single-version-externally-managed
[0.680s] running egg_info
[0.681s] writing ../../build/mypkg/mypkg.egg-info/PKG-INFO
[0.683s] writing dependency_links to ../../build/mypkg/mypkg.egg-info/dependency_links.txt
[0.684s] writing entry points to ../../build/mypkg/mypkg.egg-info/entry_points.txt
[0.684s] writing requirements to ../../build/mypkg/mypkg.egg-info/requires.txt
[0.684s] writing top-level names to ../../build/mypkg/mypkg.egg-info/top_level.txt
[0.685s] reading manifest file '../../build/mypkg/mypkg.egg-info/SOURCES.txt'
[0.686s] writing manifest file '../../build/mypkg/mypkg.egg-info/SOURCES.txt'
[0.687s] running build
[0.687s] running build_py
[0.687s] running install
[0.687s] running install_lib
[0.688s] /usr/lib/python3/dist-packages/setuptools/command/install.py:34: SetuptoolsDeprecationWarning: setup.py install is deprecated. Use build and pip and other standards-based tools.
[0.688s]   warnings.warn(
[0.689s] byte-compiling /home/dynepanch/ros2_ws/install/mypkg/lib/python3.10/site-packages/mypkg/listener.py to listener.cpython-310.pyc
[0.689s]   File "/home/dynepanch/ros2_ws/install/mypkg/lib/python3.10/site-packages/mypkg/listener.py", line 2
[0.689s]     rt rclpy
[0.689s]        ^^^^^
[0.689s] SyntaxError: invalid syntax
[0.689s] 
[0.689s] running install_data
[0.689s] running install_egg_info
[0.690s] removing '/home/dynepanch/ros2_ws/install/mypkg/lib/python3.10/site-packages/mypkg-0.0.0-py3.10.egg-info' (and everything under it)
[0.691s] Copying ../../build/mypkg/mypkg.egg-info to /home/dynepanch/ros2_ws/install/mypkg/lib/python3.10/site-packages/mypkg-0.0.0-py3.10.egg-info
[0.691s] running install_scripts
[0.712s] Installing talker script to /home/dynepanch/ros2_ws/install/mypkg/lib/mypkg
[0.712s] writing list of installed files to '/home/dynepanch/ros2_ws/build/mypkg/install.log'
[0.734s] Invoked command in '/home/dynepanch/ros2_ws/src/mypkg' returned '0': PYTHONPATH=/home/dynepanch/ros2_ws/install/mypkg/lib/python3.10/site-packages:${PYTHONPATH} /usr/bin/python3 setup.py egg_info --egg-base ../../build/mypkg build --build-base /home/dynepanch/ros2_ws/build/mypkg/build install --prefix /home/dynepanch/ros2_ws/install/mypkg --record /home/dynepanch/ros2_ws/build/mypkg/install.log --single-version-externally-managed
