[0.496s] Invoking command in '/home/dynepanch/ros2_ws3/ros2_ws/src/mypkg': PYTHONPATH=/home/dynepanch/ros2_ws3/ros2_ws/install/mypkg/lib/python3.10/site-packages:${PYTHONPATH} /usr/bin/python3 setup.py egg_info --egg-base ../../build/mypkg build --build-base /home/dynepanch/ros2_ws3/ros2_ws/build/mypkg/build install --prefix /home/dynepanch/ros2_ws3/ros2_ws/install/mypkg --record /home/dynepanch/ros2_ws3/ros2_ws/build/mypkg/install.log --single-version-externally-managed
[0.678s] running egg_info
[0.679s] writing ../../build/mypkg/mypkg.egg-info/PKG-INFO
[0.679s] writing dependency_links to ../../build/mypkg/mypkg.egg-info/dependency_links.txt
[0.679s] writing entry points to ../../build/mypkg/mypkg.egg-info/entry_points.txt
[0.679s] writing requirements to ../../build/mypkg/mypkg.egg-info/requires.txt
[0.679s] writing top-level names to ../../build/mypkg/mypkg.egg-info/top_level.txt
[0.680s] reading manifest file '../../build/mypkg/mypkg.egg-info/SOURCES.txt'
[0.681s] writing manifest file '../../build/mypkg/mypkg.egg-info/SOURCES.txt'
[0.681s] running build
[0.681s] running build_py
[0.682s] running install
[0.682s] /usr/lib/python3/dist-packages/setuptools/command/install.py:34: SetuptoolsDeprecationWarning: setup.py install is deprecated. Use build and pip and other standards-based tools.
[0.682s]   warnings.warn(
[0.682s] running install_lib
[0.683s] running install_data
[0.684s] running install_egg_info
[0.685s] removing '/home/dynepanch/ros2_ws3/ros2_ws/install/mypkg/lib/python3.10/site-packages/mypkg-0.0.0-py3.10.egg-info' (and everything under it)
[0.685s] Copying ../../build/mypkg/mypkg.egg-info to /home/dynepanch/ros2_ws3/ros2_ws/install/mypkg/lib/python3.10/site-packages/mypkg-0.0.0-py3.10.egg-info
[0.686s] running install_scripts
[0.702s] Installing listener script to /home/dynepanch/ros2_ws3/ros2_ws/install/mypkg/lib/mypkg
[0.702s] Installing talker script to /home/dynepanch/ros2_ws3/ros2_ws/install/mypkg/lib/mypkg
[0.702s] writing list of installed files to '/home/dynepanch/ros2_ws3/ros2_ws/build/mypkg/install.log'
