[0.279s] Invoking command in '/home/dynepanch/ros2_ws3/ros2_ws/build/person_msgs': CMAKE_PREFIX_PATH=${CMAKE_PREFIX_PATH}:/home/dynepanch/ros2_ws3/ros2_ws/install/mypkg:/opt/ros/humble /usr/bin/cmake --build /home/dynepanch/ros2_ws3/ros2_ws/build/person_msgs -- -j12 -l12
[0.312s] [  9%] Built target person_msgs__cpp
[0.312s] [ 12%] Built target person_msgs__rosidl_generator_c
[0.320s] [ 12%] Built target ament_cmake_python_copy_person_msgs
[0.329s] [ 22%] Built target person_msgs__rosidl_typesupport_cpp
[0.330s] [ 41%] Built target person_msgs__rosidl_typesupport_fastrtps_c
[0.330s] [ 51%] Built target person_msgs__rosidl_typesupport_c
[0.330s] [ 51%] Built target person_msgs__rosidl_typesupport_introspection_cpp
[0.331s] [ 61%] Built target person_msgs__rosidl_typesupport_introspection_c
[0.334s] [ 70%] Built target person_msgs__rosidl_typesupport_fastrtps_cpp
[0.347s] [ 70%] Built target person_msgs
[0.362s] [ 74%] Built target person_msgs__py
[0.376s] [ 80%] Built target person_msgs__rosidl_generator_py
[0.391s] [ 93%] Built target person_msgs__rosidl_typesupport_fastrtps_c__pyext
[0.391s] [ 93%] Built target person_msgs__rosidl_typesupport_introspection_c__pyext
[0.394s] [100%] Built target person_msgs__rosidl_typesupport_c__pyext
[0.531s] running egg_info
[0.532s] writing person_msgs.egg-info/PKG-INFO
[0.532s] writing dependency_links to person_msgs.egg-info/dependency_links.txt
[0.532s] writing top-level names to person_msgs.egg-info/top_level.txt
[0.534s] reading manifest file 'person_msgs.egg-info/SOURCES.txt'
[0.534s] writing manifest file 'person_msgs.egg-info/SOURCES.txt'
[0.558s] [100%] Built target ament_cmake_python_build_person_msgs_egg
[0.570s] Invoked command in '/home/dynepanch/ros2_ws3/ros2_ws/build/person_msgs' returned '0': CMAKE_PREFIX_PATH=${CMAKE_PREFIX_PATH}:/home/dynepanch/ros2_ws3/ros2_ws/install/mypkg:/opt/ros/humble /usr/bin/cmake --build /home/dynepanch/ros2_ws3/ros2_ws/build/person_msgs -- -j12 -l12
[0.614s] Invoking command in '/home/dynepanch/ros2_ws3/ros2_ws/build/person_msgs': CMAKE_PREFIX_PATH=${CMAKE_PREFIX_PATH}:/home/dynepanch/ros2_ws3/ros2_ws/install/mypkg:/opt/ros/humble /usr/bin/cmake --install /home/dynepanch/ros2_ws3/ros2_ws/build/person_msgs
[0.620s] -- Install configuration: ""
[0.620s] -- Up-to-date: /home/dynepanch/ros2_ws3/ros2_ws/install/person_msgs/share/ament_index/resource_index/rosidl_interfaces/person_msgs
[0.620s] -- Up-to-date: /home/dynepanch/ros2_ws3/ros2_ws/install/person_msgs/include/person_msgs/person_msgs
[0.620s] -- Up-to-date: /home/dynepanch/ros2_ws3/ros2_ws/install/person_msgs/include/person_msgs/person_msgs/msg
[0.620s] -- Up-to-date: /home/dynepanch/ros2_ws3/ros2_ws/install/person_msgs/include/person_msgs/person_msgs/msg/person.h
[0.621s] -- Up-to-date: /home/dynepanch/ros2_ws3/ros2_ws/install/person_msgs/include/person_msgs/person_msgs/msg/rosidl_generator_c__visibility_control.h
[0.621s] -- Up-to-date: /home/dynepanch/ros2_ws3/ros2_ws/install/person_msgs/include/person_msgs/person_msgs/msg/detail
[0.621s] -- Up-to-date: /home/dynepanch/ros2_ws3/ros2_ws/install/person_msgs/include/person_msgs/person_msgs/msg/detail/person__functions.c
[0.621s] -- Up-to-date: /home/dynepanch/ros2_ws3/ros2_ws/install/person_msgs/include/person_msgs/person_msgs/msg/detail/person__type_support.h
[0.621s] -- Up-to-date: /home/dynepanch/ros2_ws3/ros2_ws/install/person_msgs/include/person_msgs/person_msgs/msg/detail/person__functions.h
[0.621s] -- Up-to-date: /home/dynepanch/ros2_ws3/ros2_ws/install/person_msgs/include/person_msgs/person_msgs/msg/detail/person__struct.h
[0.622s] -- Up-to-date: /home/dynepanch/ros2_ws3/ros2_ws/install/person_msgs/share/person_msgs/environment/library_path.sh
[0.622s] -- Up-to-date: /home/dynepanch/ros2_ws3/ros2_ws/install/person_msgs/share/person_msgs/environment/library_path.dsv
[0.622s] -- Up-to-date: /home/dynepanch/ros2_ws3/ros2_ws/install/person_msgs/lib/libperson_msgs__rosidl_generator_c.so
[0.622s] -- Up-to-date: /home/dynepanch/ros2_ws3/ros2_ws/install/person_msgs/include/person_msgs/person_msgs
[0.622s] -- Up-to-date: /home/dynepanch/ros2_ws3/ros2_ws/install/person_msgs/include/person_msgs/person_msgs/msg
[0.623s] -- Up-to-date: /home/dynepanch/ros2_ws3/ros2_ws/install/person_msgs/include/person_msgs/person_msgs/msg/rosidl_typesupport_fastrtps_c__visibility_control.h
[0.623s] -- Up-to-date: /home/dynepanch/ros2_ws3/ros2_ws/install/person_msgs/include/person_msgs/person_msgs/msg/detail
[0.623s] -- Up-to-date: /home/dynepanch/ros2_ws3/ros2_ws/install/person_msgs/include/person_msgs/person_msgs/msg/detail/person__rosidl_typesupport_fastrtps_c.h
[0.623s] -- Up-to-date: /home/dynepanch/ros2_ws3/ros2_ws/install/person_msgs/lib/libperson_msgs__rosidl_typesupport_fastrtps_c.so
[0.623s] -- Up-to-date: /home/dynepanch/ros2_ws3/ros2_ws/install/person_msgs/include/person_msgs/person_msgs
[0.623s] -- Up-to-date: /home/dynepanch/ros2_ws3/ros2_ws/install/person_msgs/include/person_msgs/person_msgs/msg
[0.624s] -- Up-to-date: /home/dynepanch/ros2_ws3/ros2_ws/install/person_msgs/include/person_msgs/person_msgs/msg/rosidl_typesupport_introspection_c__visibility_control.h
[0.624s] -- Up-to-date: /home/dynepanch/ros2_ws3/ros2_ws/install/person_msgs/include/person_msgs/person_msgs/msg/detail
[0.624s] -- Up-to-date: /home/dynepanch/ros2_ws3/ros2_ws/install/person_msgs/include/person_msgs/person_msgs/msg/detail/person__type_support.c
[0.624s] -- Up-to-date: /home/dynepanch/ros2_ws3/ros2_ws/install/person_msgs/include/person_msgs/person_msgs/msg/detail/person__rosidl_typesupport_introspection_c.h
[0.624s] -- Up-to-date: /home/dynepanch/ros2_ws3/ros2_ws/install/person_msgs/lib/libperson_msgs__rosidl_typesupport_introspection_c.so
[0.624s] -- Up-to-date: /home/dynepanch/ros2_ws3/ros2_ws/install/person_msgs/lib/libperson_msgs__rosidl_typesupport_c.so
[0.624s] -- Up-to-date: /home/dynepanch/ros2_ws3/ros2_ws/install/person_msgs/include/person_msgs/person_msgs
[0.624s] -- Up-to-date: /home/dynepanch/ros2_ws3/ros2_ws/install/person_msgs/include/person_msgs/person_msgs/msg
[0.624s] -- Up-to-date: /home/dynepanch/ros2_ws3/ros2_ws/install/person_msgs/include/person_msgs/person_msgs/msg/person.hpp
[0.624s] -- Up-to-date: /home/dynepanch/ros2_ws3/ros2_ws/install/person_msgs/include/person_msgs/person_msgs/msg/detail
[0.625s] -- Up-to-date: /home/dynepanch/ros2_ws3/ros2_ws/install/person_msgs/include/person_msgs/person_msgs/msg/detail/person__builder.hpp
[0.625s] -- Up-to-date: /home/dynepanch/ros2_ws3/ros2_ws/install/person_msgs/include/person_msgs/person_msgs/msg/detail/person__traits.hpp
[0.625s] -- Up-to-date: /home/dynepanch/ros2_ws3/ros2_ws/install/person_msgs/include/person_msgs/person_msgs/msg/detail/person__struct.hpp
[0.625s] -- Up-to-date: /home/dynepanch/ros2_ws3/ros2_ws/install/person_msgs/include/person_msgs/person_msgs
[0.625s] -- Up-to-date: /home/dynepanch/ros2_ws3/ros2_ws/install/person_msgs/include/person_msgs/person_msgs/msg
[0.625s] -- Up-to-date: /home/dynepanch/ros2_ws3/ros2_ws/install/person_msgs/include/person_msgs/person_msgs/msg/rosidl_typesupport_fastrtps_cpp__visibility_control.h
[0.625s] -- Up-to-date: /home/dynepanch/ros2_ws3/ros2_ws/install/person_msgs/include/person_msgs/person_msgs/msg/detail
[0.625s] -- Up-to-date: /home/dynepanch/ros2_ws3/ros2_ws/install/person_msgs/include/person_msgs/person_msgs/msg/detail/dds_fastrtps
[0.625s] -- Up-to-date: /home/dynepanch/ros2_ws3/ros2_ws/install/person_msgs/include/person_msgs/person_msgs/msg/detail/person__rosidl_typesupport_fastrtps_cpp.hpp
[0.625s] -- Up-to-date: /home/dynepanch/ros2_ws3/ros2_ws/install/person_msgs/lib/libperson_msgs__rosidl_typesupport_fastrtps_cpp.so
[0.625s] -- Up-to-date: /home/dynepanch/ros2_ws3/ros2_ws/install/person_msgs/include/person_msgs/person_msgs
[0.625s] -- Up-to-date: /home/dynepanch/ros2_ws3/ros2_ws/install/person_msgs/include/person_msgs/person_msgs/msg
[0.625s] -- Up-to-date: /home/dynepanch/ros2_ws3/ros2_ws/install/person_msgs/include/person_msgs/person_msgs/msg/detail
[0.625s] -- Up-to-date: /home/dynepanch/ros2_ws3/ros2_ws/install/person_msgs/include/person_msgs/person_msgs/msg/detail/person__rosidl_typesupport_introspection_cpp.hpp
[0.625s] -- Up-to-date: /home/dynepanch/ros2_ws3/ros2_ws/install/person_msgs/include/person_msgs/person_msgs/msg/detail/person__type_support.cpp
[0.625s] -- Up-to-date: /home/dynepanch/ros2_ws3/ros2_ws/install/person_msgs/lib/libperson_msgs__rosidl_typesupport_introspection_cpp.so
[0.625s] -- Up-to-date: /home/dynepanch/ros2_ws3/ros2_ws/install/person_msgs/lib/libperson_msgs__rosidl_typesupport_cpp.so
[0.625s] -- Up-to-date: /home/dynepanch/ros2_ws3/ros2_ws/install/person_msgs/share/person_msgs/environment/pythonpath.sh
[0.625s] -- Up-to-date: /home/dynepanch/ros2_ws3/ros2_ws/install/person_msgs/share/person_msgs/environment/pythonpath.dsv
[0.625s] -- Up-to-date: /home/dynepanch/ros2_ws3/ros2_ws/install/person_msgs/local/lib/python3.10/dist-packages/person_msgs-0.0.0-py3.10.egg-info
[0.626s] -- Installing: /home/dynepanch/ros2_ws3/ros2_ws/install/person_msgs/local/lib/python3.10/dist-packages/person_msgs-0.0.0-py3.10.egg-info/top_level.txt
[0.626s] -- Installing: /home/dynepanch/ros2_ws3/ros2_ws/install/person_msgs/local/lib/python3.10/dist-packages/person_msgs-0.0.0-py3.10.egg-info/dependency_links.txt
[0.626s] -- Installing: /home/dynepanch/ros2_ws3/ros2_ws/install/person_msgs/local/lib/python3.10/dist-packages/person_msgs-0.0.0-py3.10.egg-info/SOURCES.txt
[0.626s] -- Installing: /home/dynepanch/ros2_ws3/ros2_ws/install/person_msgs/local/lib/python3.10/dist-packages/person_msgs-0.0.0-py3.10.egg-info/PKG-INFO
[0.626s] -- Up-to-date: /home/dynepanch/ros2_ws3/ros2_ws/install/person_msgs/local/lib/python3.10/dist-packages/person_msgs
[0.626s] -- Up-to-date: /home/dynepanch/ros2_ws3/ros2_ws/install/person_msgs/local/lib/python3.10/dist-packages/person_msgs/libperson_msgs__rosidl_generator_py.so
[0.626s] -- Up-to-date: /home/dynepanch/ros2_ws3/ros2_ws/install/person_msgs/local/lib/python3.10/dist-packages/person_msgs/_person_msgs_s.ep.rosidl_typesupport_introspection_c.c
[0.626s] -- Up-to-date: /home/dynepanch/ros2_ws3/ros2_ws/install/person_msgs/local/lib/python3.10/dist-packages/person_msgs/_person_msgs_s.ep.rosidl_typesupport_c.c
[0.626s] -- Up-to-date: /home/dynepanch/ros2_ws3/ros2_ws/install/person_msgs/local/lib/python3.10/dist-packages/person_msgs/person_msgs_s__rosidl_typesupport_fastrtps_c.cpython-310-x86_64-linux-gnu.so
[0.626s] -- Up-to-date: /home/dynepanch/ros2_ws3/ros2_ws/install/person_msgs/local/lib/python3.10/dist-packages/person_msgs/msg
[0.626s] -- Up-to-date: /home/dynepanch/ros2_ws3/ros2_ws/install/person_msgs/local/lib/python3.10/dist-packages/person_msgs/msg/_person.py
[0.626s] -- Up-to-date: /home/dynepanch/ros2_ws3/ros2_ws/install/person_msgs/local/lib/python3.10/dist-packages/person_msgs/msg/_person_s.c
[0.626s] -- Up-to-date: /home/dynepanch/ros2_ws3/ros2_ws/install/person_msgs/local/lib/python3.10/dist-packages/person_msgs/msg/__init__.py
[0.626s] -- Up-to-date: /home/dynepanch/ros2_ws3/ros2_ws/install/person_msgs/local/lib/python3.10/dist-packages/person_msgs/person_msgs_s__rosidl_typesupport_introspection_c.cpython-310-x86_64-linux-gnu.so
[0.626s] -- Up-to-date: /home/dynepanch/ros2_ws3/ros2_ws/install/person_msgs/local/lib/python3.10/dist-packages/person_msgs/person_msgs_s__rosidl_typesupport_c.cpython-310-x86_64-linux-gnu.so
[0.626s] -- Up-to-date: /home/dynepanch/ros2_ws3/ros2_ws/install/person_msgs/local/lib/python3.10/dist-packages/person_msgs/_person_msgs_s.ep.rosidl_typesupport_fastrtps_c.c
[0.626s] -- Up-to-date: /home/dynepanch/ros2_ws3/ros2_ws/install/person_msgs/local/lib/python3.10/dist-packages/person_msgs/__init__.py
[0.653s] Listing '/home/dynepanch/ros2_ws3/ros2_ws/install/person_msgs/local/lib/python3.10/dist-packages/person_msgs'...
[0.653s] Listing '/home/dynepanch/ros2_ws3/ros2_ws/install/person_msgs/local/lib/python3.10/dist-packages/person_msgs/msg'...
[0.658s] -- Up-to-date: /home/dynepanch/ros2_ws3/ros2_ws/install/person_msgs/local/lib/python3.10/dist-packages/person_msgs/person_msgs_s__rosidl_typesupport_fastrtps_c.cpython-310-x86_64-linux-gnu.so
[0.658s] -- Up-to-date: /home/dynepanch/ros2_ws3/ros2_ws/install/person_msgs/local/lib/python3.10/dist-packages/person_msgs/person_msgs_s__rosidl_typesupport_introspection_c.cpython-310-x86_64-linux-gnu.so
[0.659s] -- Up-to-date: /home/dynepanch/ros2_ws3/ros2_ws/install/person_msgs/local/lib/python3.10/dist-packages/person_msgs/person_msgs_s__rosidl_typesupport_c.cpython-310-x86_64-linux-gnu.so
[0.659s] -- Up-to-date: /home/dynepanch/ros2_ws3/ros2_ws/install/person_msgs/lib/libperson_msgs__rosidl_generator_py.so
[0.659s] -- Up-to-date: /home/dynepanch/ros2_ws3/ros2_ws/install/person_msgs/share/person_msgs/msg/Person.idl
[0.659s] -- Up-to-date: /home/dynepanch/ros2_ws3/ros2_ws/install/person_msgs/share/person_msgs/msg/Person.msg
[0.659s] -- Up-to-date: /home/dynepanch/ros2_ws3/ros2_ws/install/person_msgs/share/ament_index/resource_index/package_run_dependencies/person_msgs
[0.660s] -- Up-to-date: /home/dynepanch/ros2_ws3/ros2_ws/install/person_msgs/share/ament_index/resource_index/parent_prefix_path/person_msgs
[0.660s] -- Up-to-date: /home/dynepanch/ros2_ws3/ros2_ws/install/person_msgs/share/person_msgs/environment/ament_prefix_path.sh
[0.660s] -- Up-to-date: /home/dynepanch/ros2_ws3/ros2_ws/install/person_msgs/share/person_msgs/environment/ament_prefix_path.dsv
[0.660s] -- Up-to-date: /home/dynepanch/ros2_ws3/ros2_ws/install/person_msgs/share/person_msgs/environment/path.sh
[0.661s] -- Up-to-date: /home/dynepanch/ros2_ws3/ros2_ws/install/person_msgs/share/person_msgs/environment/path.dsv
[0.661s] -- Up-to-date: /home/dynepanch/ros2_ws3/ros2_ws/install/person_msgs/share/person_msgs/local_setup.bash
[0.661s] -- Up-to-date: /home/dynepanch/ros2_ws3/ros2_ws/install/person_msgs/share/person_msgs/local_setup.sh
[0.661s] -- Up-to-date: /home/dynepanch/ros2_ws3/ros2_ws/install/person_msgs/share/person_msgs/local_setup.zsh
[0.661s] -- Up-to-date: /home/dynepanch/ros2_ws3/ros2_ws/install/person_msgs/share/person_msgs/local_setup.dsv
[0.661s] -- Installing: /home/dynepanch/ros2_ws3/ros2_ws/install/person_msgs/share/person_msgs/package.dsv
[0.662s] -- Up-to-date: /home/dynepanch/ros2_ws3/ros2_ws/install/person_msgs/share/ament_index/resource_index/packages/person_msgs
[0.662s] -- Up-to-date: /home/dynepanch/ros2_ws3/ros2_ws/install/person_msgs/share/person_msgs/cmake/export_person_msgs__rosidl_generator_cExport.cmake
[0.662s] -- Up-to-date: /home/dynepanch/ros2_ws3/ros2_ws/install/person_msgs/share/person_msgs/cmake/export_person_msgs__rosidl_generator_cExport-noconfig.cmake
[0.662s] -- Up-to-date: /home/dynepanch/ros2_ws3/ros2_ws/install/person_msgs/share/person_msgs/cmake/export_person_msgs__rosidl_typesupport_fastrtps_cExport.cmake
[0.662s] -- Up-to-date: /home/dynepanch/ros2_ws3/ros2_ws/install/person_msgs/share/person_msgs/cmake/export_person_msgs__rosidl_typesupport_fastrtps_cExport-noconfig.cmake
[0.662s] -- Up-to-date: /home/dynepanch/ros2_ws3/ros2_ws/install/person_msgs/share/person_msgs/cmake/person_msgs__rosidl_typesupport_introspection_cExport.cmake
[0.662s] -- Up-to-date: /home/dynepanch/ros2_ws3/ros2_ws/install/person_msgs/share/person_msgs/cmake/person_msgs__rosidl_typesupport_introspection_cExport-noconfig.cmake
[0.662s] -- Up-to-date: /home/dynepanch/ros2_ws3/ros2_ws/install/person_msgs/share/person_msgs/cmake/person_msgs__rosidl_typesupport_cExport.cmake
[0.662s] -- Up-to-date: /home/dynepanch/ros2_ws3/ros2_ws/install/person_msgs/share/person_msgs/cmake/person_msgs__rosidl_typesupport_cExport-noconfig.cmake
[0.663s] -- Up-to-date: /home/dynepanch/ros2_ws3/ros2_ws/install/person_msgs/share/person_msgs/cmake/export_person_msgs__rosidl_generator_cppExport.cmake
[0.663s] -- Up-to-date: /home/dynepanch/ros2_ws3/ros2_ws/install/person_msgs/share/person_msgs/cmake/export_person_msgs__rosidl_typesupport_fastrtps_cppExport.cmake
[0.663s] -- Up-to-date: /home/dynepanch/ros2_ws3/ros2_ws/install/person_msgs/share/person_msgs/cmake/export_person_msgs__rosidl_typesupport_fastrtps_cppExport-noconfig.cmake
[0.663s] -- Up-to-date: /home/dynepanch/ros2_ws3/ros2_ws/install/person_msgs/share/person_msgs/cmake/person_msgs__rosidl_typesupport_introspection_cppExport.cmake
[0.664s] -- Up-to-date: /home/dynepanch/ros2_ws3/ros2_ws/install/person_msgs/share/person_msgs/cmake/person_msgs__rosidl_typesupport_introspection_cppExport-noconfig.cmake
[0.664s] -- Up-to-date: /home/dynepanch/ros2_ws3/ros2_ws/install/person_msgs/share/person_msgs/cmake/person_msgs__rosidl_typesupport_cppExport.cmake
[0.664s] -- Up-to-date: /home/dynepanch/ros2_ws3/ros2_ws/install/person_msgs/share/person_msgs/cmake/person_msgs__rosidl_typesupport_cppExport-noconfig.cmake
[0.664s] -- Up-to-date: /home/dynepanch/ros2_ws3/ros2_ws/install/person_msgs/share/person_msgs/cmake/export_person_msgs__rosidl_generator_pyExport.cmake
[0.665s] -- Up-to-date: /home/dynepanch/ros2_ws3/ros2_ws/install/person_msgs/share/person_msgs/cmake/export_person_msgs__rosidl_generator_pyExport-noconfig.cmake
[0.666s] -- Up-to-date: /home/dynepanch/ros2_ws3/ros2_ws/install/person_msgs/share/person_msgs/cmake/rosidl_cmake-extras.cmake
[0.666s] -- Up-to-date: /home/dynepanch/ros2_ws3/ros2_ws/install/person_msgs/share/person_msgs/cmake/ament_cmake_export_include_directories-extras.cmake
[0.666s] -- Up-to-date: /home/dynepanch/ros2_ws3/ros2_ws/install/person_msgs/share/person_msgs/cmake/ament_cmake_export_libraries-extras.cmake
[0.666s] -- Up-to-date: /home/dynepanch/ros2_ws3/ros2_ws/install/person_msgs/share/person_msgs/cmake/ament_cmake_export_targets-extras.cmake
[0.666s] -- Up-to-date: /home/dynepanch/ros2_ws3/ros2_ws/install/person_msgs/share/person_msgs/cmake/rosidl_cmake_export_typesupport_targets-extras.cmake
[0.667s] -- Up-to-date: /home/dynepanch/ros2_ws3/ros2_ws/install/person_msgs/share/person_msgs/cmake/ament_cmake_export_dependencies-extras.cmake
[0.667s] -- Up-to-date: /home/dynepanch/ros2_ws3/ros2_ws/install/person_msgs/share/person_msgs/cmake/rosidl_cmake_export_typesupport_libraries-extras.cmake
[0.668s] -- Up-to-date: /home/dynepanch/ros2_ws3/ros2_ws/install/person_msgs/share/person_msgs/cmake/person_msgsConfig.cmake
[0.668s] -- Up-to-date: /home/dynepanch/ros2_ws3/ros2_ws/install/person_msgs/share/person_msgs/cmake/person_msgsConfig-version.cmake
[0.669s] -- Up-to-date: /home/dynepanch/ros2_ws3/ros2_ws/install/person_msgs/share/person_msgs/package.xml
[0.669s] Invoked command in '/home/dynepanch/ros2_ws3/ros2_ws/build/person_msgs' returned '0': CMAKE_PREFIX_PATH=${CMAKE_PREFIX_PATH}:/home/dynepanch/ros2_ws3/ros2_ws/install/mypkg:/opt/ros/humble /usr/bin/cmake --install /home/dynepanch/ros2_ws3/ros2_ws/build/person_msgs
