[0.505s] Invoking command in '/home/dynepanch/ros2_ws3/ros2_ws/src/mypkg': PYTHONPATH=/home/dynepanch/ros2_ws3/ros2_ws/install/mypkg/lib/python3.10/site-packages:${PYTHONPATH} /usr/bin/python3 setup.py egg_info --egg-base ../../build/mypkg build --build-base /home/dynepanch/ros2_ws3/ros2_ws/build/mypkg/build install --prefix /home/dynepanch/ros2_ws3/ros2_ws/install/mypkg --record /home/dynepanch/ros2_ws3/ros2_ws/build/mypkg/install.log --single-version-externally-managed
[0.693s] running egg_info
[0.693s] writing ../../build/mypkg/mypkg.egg-info/PKG-INFO
[0.693s] writing dependency_links to ../../build/mypkg/mypkg.egg-info/dependency_links.txt
[0.694s] writing entry points to ../../build/mypkg/mypkg.egg-info/entry_points.txt
[0.694s] writing requirements to ../../build/mypkg/mypkg.egg-info/requires.txt
[0.694s] writing top-level names to ../../build/mypkg/mypkg.egg-info/top_level.txt
[0.695s] reading manifest file '../../build/mypkg/mypkg.egg-info/SOURCES.txt'
[0.696s] writing manifest file '../../build/mypkg/mypkg.egg-info/SOURCES.txt'
[0.696s] running build
[0.697s] running build_py
[0.697s] /usr/lib/python3/dist-packages/setuptools/command/install.py:34: SetuptoolsDeprecationWarning: setup.py install is deprecated. Use build and pip and other standards-based tools.
[0.697s]   warnings.warn(
[0.697s] running install
[0.697s] running install_lib
[0.698s] running install_data
[0.699s] running install_egg_info
[0.700s] removing '/home/dynepanch/ros2_ws3/ros2_ws/install/mypkg/lib/python3.10/site-packages/mypkg-0.0.0-py3.10.egg-info' (and everything under it)
[0.700s] Copying ../../build/mypkg/mypkg.egg-info to /home/dynepanch/ros2_ws3/ros2_ws/install/mypkg/lib/python3.10/site-packages/mypkg-0.0.0-py3.10.egg-info
[0.701s] running install_scripts
[0.717s] Installing listener script to /home/dynepanch/ros2_ws3/ros2_ws/install/mypkg/lib/mypkg
[0.717s] Installing talker script to /home/dynepanch/ros2_ws3/ros2_ws/install/mypkg/lib/mypkg
[0.717s] writing list of installed files to '/home/dynepanch/ros2_ws3/ros2_ws/build/mypkg/install.log'
