[0.626s] Invoking command in '/home/dynepanch/ros2_ws/src/mypkg': PYTHONPATH=/home/dynepanch/ros2_ws/src/mypkg/install/mypkg/lib/python3.10/site-packages:${PYTHONPATH} /usr/bin/python3 setup.py egg_info --egg-base build/mypkg build --build-base /home/dynepanch/ros2_ws/src/mypkg/build/mypkg/build install --prefix /home/dynepanch/ros2_ws/src/mypkg/install/mypkg --record /home/dynepanch/ros2_ws/src/mypkg/build/mypkg/install.log --single-version-externally-managed
[0.815s] running egg_info
[0.816s] creating build/mypkg/mypkg.egg-info
[0.816s] writing build/mypkg/mypkg.egg-info/PKG-INFO
[0.816s] writing dependency_links to build/mypkg/mypkg.egg-info/dependency_links.txt
[0.816s] writing entry points to build/mypkg/mypkg.egg-info/entry_points.txt
[0.816s] writing requirements to build/mypkg/mypkg.egg-info/requires.txt
[0.817s] writing top-level names to build/mypkg/mypkg.egg-info/top_level.txt
[0.817s] writing manifest file 'build/mypkg/mypkg.egg-info/SOURCES.txt'
[0.818s] reading manifest file 'build/mypkg/mypkg.egg-info/SOURCES.txt'
[0.819s] writing manifest file 'build/mypkg/mypkg.egg-info/SOURCES.txt'
[0.819s] running build
[0.819s] running build_py
[0.819s] creating /home/dynepanch/ros2_ws/src/mypkg/build/mypkg/build
[0.819s] creating /home/dynepanch/ros2_ws/src/mypkg/build/mypkg/build/lib
[0.819s] creating /home/dynepanch/ros2_ws/src/mypkg/build/mypkg/build/lib/mypkg
[0.820s] copying mypkg/talker.py -> /home/dynepanch/ros2_ws/src/mypkg/build/mypkg/build/lib/mypkg
[0.820s] copying mypkg/__init__.py -> /home/dynepanch/ros2_ws/src/mypkg/build/mypkg/build/lib/mypkg
[0.820s] running install
[0.821s] /usr/lib/python3/dist-packages/setuptools/command/install.py:34: SetuptoolsDeprecationWarning: setup.py install is deprecated. Use build and pip and other standards-based tools.
[0.821s]   warnings.warn(
[0.821s] running install_lib
[0.822s] creating /home/dynepanch/ros2_ws/src/mypkg/install/mypkg/lib/python3.10/site-packages/mypkg
[0.822s] copying /home/dynepanch/ros2_ws/src/mypkg/build/mypkg/build/lib/mypkg/talker.py -> /home/dynepanch/ros2_ws/src/mypkg/install/mypkg/lib/python3.10/site-packages/mypkg
[0.822s] copying /home/dynepanch/ros2_ws/src/mypkg/build/mypkg/build/lib/mypkg/__init__.py -> /home/dynepanch/ros2_ws/src/mypkg/install/mypkg/lib/python3.10/site-packages/mypkg
[0.822s] byte-compiling /home/dynepanch/ros2_ws/src/mypkg/install/mypkg/lib/python3.10/site-packages/mypkg/talker.py to talker.cpython-310.pyc
[0.823s] byte-compiling /home/dynepanch/ros2_ws/src/mypkg/install/mypkg/lib/python3.10/site-packages/mypkg/__init__.py to __init__.cpython-310.pyc
[0.823s] running install_data
[0.824s] creating /home/dynepanch/ros2_ws/src/mypkg/install/mypkg/share/ament_index
[0.824s] creating /home/dynepanch/ros2_ws/src/mypkg/install/mypkg/share/ament_index/resource_index
[0.824s] creating /home/dynepanch/ros2_ws/src/mypkg/install/mypkg/share/ament_index/resource_index/packages
[0.824s] copying resource/mypkg -> /home/dynepanch/ros2_ws/src/mypkg/install/mypkg/share/ament_index/resource_index/packages
[0.824s] copying package.xml -> /home/dynepanch/ros2_ws/src/mypkg/install/mypkg/share/mypkg
[0.824s] running install_egg_info
[0.825s] Copying build/mypkg/mypkg.egg-info to /home/dynepanch/ros2_ws/src/mypkg/install/mypkg/lib/python3.10/site-packages/mypkg-0.0.0-py3.10.egg-info
[0.827s] running install_scripts
[0.844s] Installing talker script to /home/dynepanch/ros2_ws/src/mypkg/install/mypkg/lib/mypkg
[0.844s] writing list of installed files to '/home/dynepanch/ros2_ws/src/mypkg/build/mypkg/install.log'
[0.862s] Invoked command in '/home/dynepanch/ros2_ws/src/mypkg' returned '0': PYTHONPATH=/home/dynepanch/ros2_ws/src/mypkg/install/mypkg/lib/python3.10/site-packages:${PYTHONPATH} /usr/bin/python3 setup.py egg_info --egg-base build/mypkg build --build-base /home/dynepanch/ros2_ws/src/mypkg/build/mypkg/build install --prefix /home/dynepanch/ros2_ws/src/mypkg/install/mypkg --record /home/dynepanch/ros2_ws/src/mypkg/build/mypkg/install.log --single-version-externally-managed
