[0.481s] Invoking command in '/home/dynepanch/ros2_ws3/ros2_ws/src/mypkg': PYTHONPATH=/home/dynepanch/ros2_ws3/ros2_ws/install/mypkg/lib/python3.10/site-packages:${PYTHONPATH} /usr/bin/python3 setup.py egg_info --egg-base ../../build/mypkg build --build-base /home/dynepanch/ros2_ws3/ros2_ws/build/mypkg/build install --prefix /home/dynepanch/ros2_ws3/ros2_ws/install/mypkg --record /home/dynepanch/ros2_ws3/ros2_ws/build/mypkg/install.log --single-version-externally-managed
[0.665s] running egg_info
[0.666s] writing ../../build/mypkg/mypkg.egg-info/PKG-INFO
[0.666s] writing dependency_links to ../../build/mypkg/mypkg.egg-info/dependency_links.txt
[0.666s] writing entry points to ../../build/mypkg/mypkg.egg-info/entry_points.txt
[0.666s] writing requirements to ../../build/mypkg/mypkg.egg-info/requires.txt
[0.666s] writing top-level names to ../../build/mypkg/mypkg.egg-info/top_level.txt
[0.667s] reading manifest file '../../build/mypkg/mypkg.egg-info/SOURCES.txt'
[0.668s] writing manifest file '../../build/mypkg/mypkg.egg-info/SOURCES.txt'
[0.668s] running build
[0.668s] running build_py
[0.668s] copying mypkg/talker.py -> /home/dynepanch/ros2_ws3/ros2_ws/build/mypkg/build/lib/mypkg
[0.669s] /usr/lib/python3/dist-packages/setuptools/command/install.py:34: SetuptoolsDeprecationWarning: setup.py install is deprecated. Use build and pip and other standards-based tools.
[0.669s]   warnings.warn(
[0.669s] running install
[0.669s] running install_lib
[0.669s] copying /home/dynepanch/ros2_ws3/ros2_ws/build/mypkg/build/lib/mypkg/talker.py -> /home/dynepanch/ros2_ws3/ros2_ws/install/mypkg/lib/python3.10/site-packages/mypkg
[0.670s] byte-compiling /home/dynepanch/ros2_ws3/ros2_ws/install/mypkg/lib/python3.10/site-packages/mypkg/talker.py to talker.cpython-310.pyc
[0.671s] running install_data
[0.671s] running install_egg_info
[0.672s] removing '/home/dynepanch/ros2_ws3/ros2_ws/install/mypkg/lib/python3.10/site-packages/mypkg-0.0.0-py3.10.egg-info' (and everything under it)
[0.672s] Copying ../../build/mypkg/mypkg.egg-info to /home/dynepanch/ros2_ws3/ros2_ws/install/mypkg/lib/python3.10/site-packages/mypkg-0.0.0-py3.10.egg-info
[0.673s] running install_scripts
[0.688s] Installing listener script to /home/dynepanch/ros2_ws3/ros2_ws/install/mypkg/lib/mypkg
[0.688s] Installing talker script to /home/dynepanch/ros2_ws3/ros2_ws/install/mypkg/lib/mypkg
[0.688s] writing list of installed files to '/home/dynepanch/ros2_ws3/ros2_ws/build/mypkg/install.log'
[0.706s] Invoked command in '/home/dynepanch/ros2_ws3/ros2_ws/src/mypkg' returned '0': PYTHONPATH=/home/dynepanch/ros2_ws3/ros2_ws/install/mypkg/lib/python3.10/site-packages:${PYTHONPATH} /usr/bin/python3 setup.py egg_info --egg-base ../../build/mypkg build --build-base /home/dynepanch/ros2_ws3/ros2_ws/build/mypkg/build install --prefix /home/dynepanch/ros2_ws3/ros2_ws/install/mypkg --record /home/dynepanch/ros2_ws3/ros2_ws/build/mypkg/install.log --single-version-externally-managed
