[0.214s] Invoking command in '/home/dynepanch/ros2_ws3/ros2_ws/build/person_msgs': CMAKE_PREFIX_PATH=${CMAKE_PREFIX_PATH}:/home/dynepanch/ros2_ws3/ros2_ws/install/mypkg:/opt/ros/humble /usr/bin/cmake --build /home/dynepanch/ros2_ws3/ros2_ws/build/person_msgs -- -j12 -l12
[0.244s] [  9%] Built target person_msgs__rosidl_generator_c
[0.248s] [ 12%] Built target person_msgs__cpp
[0.252s] [ 12%] Built target ament_cmake_python_copy_person_msgs
[0.261s] [ 22%] Built target person_msgs__rosidl_typesupport_introspection_c
[0.263s] [ 32%] Built target person_msgs__rosidl_typesupport_c
[0.264s] [ 41%] Built target person_msgs__rosidl_typesupport_fastrtps_c
[0.267s] [ 51%] Built target person_msgs__rosidl_typesupport_cpp
[0.267s] [ 61%] Built target person_msgs__rosidl_typesupport_fastrtps_cpp
[0.268s] [ 70%] Built target person_msgs__rosidl_typesupport_introspection_cpp
[0.281s] [ 70%] Built target person_msgs
[0.295s] [ 74%] Built target person_msgs__py
[0.312s] [ 80%] Built target person_msgs__rosidl_generator_py
[0.327s] [ 93%] Built target person_msgs__rosidl_typesupport_fastrtps_c__pyext
[0.328s] [ 93%] Built target person_msgs__rosidl_typesupport_introspection_c__pyext
[0.328s] [100%] Built target person_msgs__rosidl_typesupport_c__pyext
[0.450s] running egg_info
[0.450s] writing person_msgs.egg-info/PKG-INFO
[0.451s] writing dependency_links to person_msgs.egg-info/dependency_links.txt
[0.451s] writing top-level names to person_msgs.egg-info/top_level.txt
[0.453s] reading manifest file 'person_msgs.egg-info/SOURCES.txt'
[0.453s] writing manifest file 'person_msgs.egg-info/SOURCES.txt'
[0.473s] [100%] Built target ament_cmake_python_build_person_msgs_egg
[0.481s] Invoked command in '/home/dynepanch/ros2_ws3/ros2_ws/build/person_msgs' returned '0': CMAKE_PREFIX_PATH=${CMAKE_PREFIX_PATH}:/home/dynepanch/ros2_ws3/ros2_ws/install/mypkg:/opt/ros/humble /usr/bin/cmake --build /home/dynepanch/ros2_ws3/ros2_ws/build/person_msgs -- -j12 -l12
[0.525s] Invoking command in '/home/dynepanch/ros2_ws3/ros2_ws/build/person_msgs': CMAKE_PREFIX_PATH=${CMAKE_PREFIX_PATH}:/home/dynepanch/ros2_ws3/ros2_ws/install/mypkg:/opt/ros/humble /usr/bin/cmake --install /home/dynepanch/ros2_ws3/ros2_ws/build/person_msgs
[0.530s] -- Install configuration: ""
[0.531s] -- Up-to-date: /home/dynepanch/ros2_ws3/ros2_ws/install/person_msgs/share/ament_index/resource_index/rosidl_interfaces/person_msgs
[0.531s] -- Up-to-date: /home/dynepanch/ros2_ws3/ros2_ws/install/person_msgs/include/person_msgs/person_msgs
[0.531s] -- Up-to-date: /home/dynepanch/ros2_ws3/ros2_ws/install/person_msgs/include/person_msgs/person_msgs/msg
[0.531s] -- Up-to-date: /home/dynepanch/ros2_ws3/ros2_ws/install/person_msgs/include/person_msgs/person_msgs/msg/person.h
[0.531s] -- Up-to-date: /home/dynepanch/ros2_ws3/ros2_ws/install/person_msgs/include/person_msgs/person_msgs/msg/rosidl_generator_c__visibility_control.h
[0.532s] -- Up-to-date: /home/dynepanch/ros2_ws3/ros2_ws/install/person_msgs/include/person_msgs/person_msgs/msg/detail
[0.532s] -- Up-to-date: /home/dynepanch/ros2_ws3/ros2_ws/install/person_msgs/include/person_msgs/person_msgs/msg/detail/person__functions.c
[0.532s] -- Up-to-date: /home/dynepanch/ros2_ws3/ros2_ws/install/person_msgs/include/person_msgs/person_msgs/msg/detail/person__type_support.h
[0.532s] -- Up-to-date: /home/dynepanch/ros2_ws3/ros2_ws/install/person_msgs/include/person_msgs/person_msgs/msg/detail/person__functions.h
[0.532s] -- Up-to-date: /home/dynepanch/ros2_ws3/ros2_ws/install/person_msgs/include/person_msgs/person_msgs/msg/detail/person__struct.h
[0.533s] -- Up-to-date: /home/dynepanch/ros2_ws3/ros2_ws/install/person_msgs/share/person_msgs/environment/library_path.sh
[0.533s] -- Up-to-date: /home/dynepanch/ros2_ws3/ros2_ws/install/person_msgs/share/person_msgs/environment/library_path.dsv
[0.533s] -- Up-to-date: /home/dynepanch/ros2_ws3/ros2_ws/install/person_msgs/lib/libperson_msgs__rosidl_generator_c.so
[0.533s] -- Up-to-date: /home/dynepanch/ros2_ws3/ros2_ws/install/person_msgs/include/person_msgs/person_msgs
[0.533s] -- Up-to-date: /home/dynepanch/ros2_ws3/ros2_ws/install/person_msgs/include/person_msgs/person_msgs/msg
[0.534s] -- Up-to-date: /home/dynepanch/ros2_ws3/ros2_ws/install/person_msgs/include/person_msgs/person_msgs/msg/rosidl_typesupport_fastrtps_c__visibility_control.h
[0.534s] -- Up-to-date: /home/dynepanch/ros2_ws3/ros2_ws/install/person_msgs/include/person_msgs/person_msgs/msg/detail
[0.534s] -- Up-to-date: /home/dynepanch/ros2_ws3/ros2_ws/install/person_msgs/include/person_msgs/person_msgs/msg/detail/person__rosidl_typesupport_fastrtps_c.h
[0.534s] -- Up-to-date: /home/dynepanch/ros2_ws3/ros2_ws/install/person_msgs/lib/libperson_msgs__rosidl_typesupport_fastrtps_c.so
[0.534s] -- Up-to-date: /home/dynepanch/ros2_ws3/ros2_ws/install/person_msgs/include/person_msgs/person_msgs
[0.534s] -- Up-to-date: /home/dynepanch/ros2_ws3/ros2_ws/install/person_msgs/include/person_msgs/person_msgs/msg
[0.535s] -- Up-to-date: /home/dynepanch/ros2_ws3/ros2_ws/install/person_msgs/include/person_msgs/person_msgs/msg/rosidl_typesupport_introspection_c__visibility_control.h
[0.535s] -- Up-to-date: /home/dynepanch/ros2_ws3/ros2_ws/install/person_msgs/include/person_msgs/person_msgs/msg/detail
[0.535s] -- Up-to-date: /home/dynepanch/ros2_ws3/ros2_ws/install/person_msgs/include/person_msgs/person_msgs/msg/detail/person__type_support.c
[0.535s] -- Up-to-date: /home/dynepanch/ros2_ws3/ros2_ws/install/person_msgs/include/person_msgs/person_msgs/msg/detail/person__rosidl_typesupport_introspection_c.h
[0.535s] -- Up-to-date: /home/dynepanch/ros2_ws3/ros2_ws/install/person_msgs/lib/libperson_msgs__rosidl_typesupport_introspection_c.so
[0.535s] -- Up-to-date: /home/dynepanch/ros2_ws3/ros2_ws/install/person_msgs/lib/libperson_msgs__rosidl_typesupport_c.so
[0.535s] -- Up-to-date: /home/dynepanch/ros2_ws3/ros2_ws/install/person_msgs/include/person_msgs/person_msgs
[0.536s] -- Up-to-date: /home/dynepanch/ros2_ws3/ros2_ws/install/person_msgs/include/person_msgs/person_msgs/msg
[0.536s] -- Up-to-date: /home/dynepanch/ros2_ws3/ros2_ws/install/person_msgs/include/person_msgs/person_msgs/msg/person.hpp
[0.536s] -- Up-to-date: /home/dynepanch/ros2_ws3/ros2_ws/install/person_msgs/include/person_msgs/person_msgs/msg/detail
[0.536s] -- Up-to-date: /home/dynepanch/ros2_ws3/ros2_ws/install/person_msgs/include/person_msgs/person_msgs/msg/detail/person__builder.hpp
[0.536s] -- Up-to-date: /home/dynepanch/ros2_ws3/ros2_ws/install/person_msgs/include/person_msgs/person_msgs/msg/detail/person__traits.hpp
[0.536s] -- Up-to-date: /home/dynepanch/ros2_ws3/ros2_ws/install/person_msgs/include/person_msgs/person_msgs/msg/detail/person__struct.hpp
[0.536s] -- Up-to-date: /home/dynepanch/ros2_ws3/ros2_ws/install/person_msgs/include/person_msgs/person_msgs
[0.536s] -- Up-to-date: /home/dynepanch/ros2_ws3/ros2_ws/install/person_msgs/include/person_msgs/person_msgs/msg
[0.536s] -- Up-to-date: /home/dynepanch/ros2_ws3/ros2_ws/install/person_msgs/include/person_msgs/person_msgs/msg/rosidl_typesupport_fastrtps_cpp__visibility_control.h
[0.536s] -- Up-to-date: /home/dynepanch/ros2_ws3/ros2_ws/install/person_msgs/include/person_msgs/person_msgs/msg/detail
[0.536s] -- Up-to-date: /home/dynepanch/ros2_ws3/ros2_ws/install/person_msgs/include/person_msgs/person_msgs/msg/detail/dds_fastrtps
[0.536s] -- Up-to-date: /home/dynepanch/ros2_ws3/ros2_ws/install/person_msgs/include/person_msgs/person_msgs/msg/detail/person__rosidl_typesupport_fastrtps_cpp.hpp
[0.536s] -- Up-to-date: /home/dynepanch/ros2_ws3/ros2_ws/install/person_msgs/lib/libperson_msgs__rosidl_typesupport_fastrtps_cpp.so
[0.536s] -- Up-to-date: /home/dynepanch/ros2_ws3/ros2_ws/install/person_msgs/include/person_msgs/person_msgs
[0.536s] -- Up-to-date: /home/dynepanch/ros2_ws3/ros2_ws/install/person_msgs/include/person_msgs/person_msgs/msg
[0.536s] -- Up-to-date: /home/dynepanch/ros2_ws3/ros2_ws/install/person_msgs/include/person_msgs/person_msgs/msg/detail
[0.536s] -- Up-to-date: /home/dynepanch/ros2_ws3/ros2_ws/install/person_msgs/include/person_msgs/person_msgs/msg/detail/person__rosidl_typesupport_introspection_cpp.hpp
[0.536s] -- Up-to-date: /home/dynepanch/ros2_ws3/ros2_ws/install/person_msgs/include/person_msgs/person_msgs/msg/detail/person__type_support.cpp
[0.536s] -- Up-to-date: /home/dynepanch/ros2_ws3/ros2_ws/install/person_msgs/lib/libperson_msgs__rosidl_typesupport_introspection_cpp.so
[0.537s] -- Up-to-date: /home/dynepanch/ros2_ws3/ros2_ws/install/person_msgs/lib/libperson_msgs__rosidl_typesupport_cpp.so
[0.537s] -- Up-to-date: /home/dynepanch/ros2_ws3/ros2_ws/install/person_msgs/share/person_msgs/environment/pythonpath.sh
[0.537s] -- Up-to-date: /home/dynepanch/ros2_ws3/ros2_ws/install/person_msgs/share/person_msgs/environment/pythonpath.dsv
[0.537s] -- Up-to-date: /home/dynepanch/ros2_ws3/ros2_ws/install/person_msgs/local/lib/python3.10/dist-packages/person_msgs-0.0.0-py3.10.egg-info
[0.537s] -- Installing: /home/dynepanch/ros2_ws3/ros2_ws/install/person_msgs/local/lib/python3.10/dist-packages/person_msgs-0.0.0-py3.10.egg-info/top_level.txt
[0.537s] -- Installing: /home/dynepanch/ros2_ws3/ros2_ws/install/person_msgs/local/lib/python3.10/dist-packages/person_msgs-0.0.0-py3.10.egg-info/dependency_links.txt
[0.537s] -- Installing: /home/dynepanch/ros2_ws3/ros2_ws/install/person_msgs/local/lib/python3.10/dist-packages/person_msgs-0.0.0-py3.10.egg-info/SOURCES.txt
[0.537s] -- Installing: /home/dynepanch/ros2_ws3/ros2_ws/install/person_msgs/local/lib/python3.10/dist-packages/person_msgs-0.0.0-py3.10.egg-info/PKG-INFO
[0.537s] -- Up-to-date: /home/dynepanch/ros2_ws3/ros2_ws/install/person_msgs/local/lib/python3.10/dist-packages/person_msgs
[0.537s] -- Up-to-date: /home/dynepanch/ros2_ws3/ros2_ws/install/person_msgs/local/lib/python3.10/dist-packages/person_msgs/libperson_msgs__rosidl_generator_py.so
[0.537s] -- Up-to-date: /home/dynepanch/ros2_ws3/ros2_ws/install/person_msgs/local/lib/python3.10/dist-packages/person_msgs/_person_msgs_s.ep.rosidl_typesupport_introspection_c.c
[0.537s] -- Up-to-date: /home/dynepanch/ros2_ws3/ros2_ws/install/person_msgs/local/lib/python3.10/dist-packages/person_msgs/_person_msgs_s.ep.rosidl_typesupport_c.c
[0.537s] -- Up-to-date: /home/dynepanch/ros2_ws3/ros2_ws/install/person_msgs/local/lib/python3.10/dist-packages/person_msgs/person_msgs_s__rosidl_typesupport_fastrtps_c.cpython-310-x86_64-linux-gnu.so
[0.537s] -- Up-to-date: /home/dynepanch/ros2_ws3/ros2_ws/install/person_msgs/local/lib/python3.10/dist-packages/person_msgs/msg
[0.537s] -- Up-to-date: /home/dynepanch/ros2_ws3/ros2_ws/install/person_msgs/local/lib/python3.10/dist-packages/person_msgs/msg/_person.py
[0.537s] -- Up-to-date: /home/dynepanch/ros2_ws3/ros2_ws/install/person_msgs/local/lib/python3.10/dist-packages/person_msgs/msg/_person_s.c
[0.537s] -- Up-to-date: /home/dynepanch/ros2_ws3/ros2_ws/install/person_msgs/local/lib/python3.10/dist-packages/person_msgs/msg/__init__.py
[0.537s] -- Up-to-date: /home/dynepanch/ros2_ws3/ros2_ws/install/person_msgs/local/lib/python3.10/dist-packages/person_msgs/person_msgs_s__rosidl_typesupport_introspection_c.cpython-310-x86_64-linux-gnu.so
[0.537s] -- Up-to-date: /home/dynepanch/ros2_ws3/ros2_ws/install/person_msgs/local/lib/python3.10/dist-packages/person_msgs/person_msgs_s__rosidl_typesupport_c.cpython-310-x86_64-linux-gnu.so
[0.537s] -- Up-to-date: /home/dynepanch/ros2_ws3/ros2_ws/install/person_msgs/local/lib/python3.10/dist-packages/person_msgs/_person_msgs_s.ep.rosidl_typesupport_fastrtps_c.c
[0.538s] -- Up-to-date: /home/dynepanch/ros2_ws3/ros2_ws/install/person_msgs/local/lib/python3.10/dist-packages/person_msgs/__init__.py
[0.558s] Listing '/home/dynepanch/ros2_ws3/ros2_ws/install/person_msgs/local/lib/python3.10/dist-packages/person_msgs'...
[0.558s] Listing '/home/dynepanch/ros2_ws3/ros2_ws/install/person_msgs/local/lib/python3.10/dist-packages/person_msgs/msg'...
[0.562s] -- Up-to-date: /home/dynepanch/ros2_ws3/ros2_ws/install/person_msgs/local/lib/python3.10/dist-packages/person_msgs/person_msgs_s__rosidl_typesupport_fastrtps_c.cpython-310-x86_64-linux-gnu.so
[0.562s] -- Up-to-date: /home/dynepanch/ros2_ws3/ros2_ws/install/person_msgs/local/lib/python3.10/dist-packages/person_msgs/person_msgs_s__rosidl_typesupport_introspection_c.cpython-310-x86_64-linux-gnu.so
[0.562s] -- Up-to-date: /home/dynepanch/ros2_ws3/ros2_ws/install/person_msgs/local/lib/python3.10/dist-packages/person_msgs/person_msgs_s__rosidl_typesupport_c.cpython-310-x86_64-linux-gnu.so
[0.563s] -- Up-to-date: /home/dynepanch/ros2_ws3/ros2_ws/install/person_msgs/lib/libperson_msgs__rosidl_generator_py.so
[0.563s] -- Up-to-date: /home/dynepanch/ros2_ws3/ros2_ws/install/person_msgs/share/person_msgs/msg/Person.idl
[0.563s] -- Up-to-date: /home/dynepanch/ros2_ws3/ros2_ws/install/person_msgs/share/person_msgs/msg/Person.msg
[0.564s] -- Up-to-date: /home/dynepanch/ros2_ws3/ros2_ws/install/person_msgs/share/ament_index/resource_index/package_run_dependencies/person_msgs
[0.564s] -- Up-to-date: /home/dynepanch/ros2_ws3/ros2_ws/install/person_msgs/share/ament_index/resource_index/parent_prefix_path/person_msgs
[0.564s] -- Up-to-date: /home/dynepanch/ros2_ws3/ros2_ws/install/person_msgs/share/person_msgs/environment/ament_prefix_path.sh
[0.564s] -- Up-to-date: /home/dynepanch/ros2_ws3/ros2_ws/install/person_msgs/share/person_msgs/environment/ament_prefix_path.dsv
[0.565s] -- Up-to-date: /home/dynepanch/ros2_ws3/ros2_ws/install/person_msgs/share/person_msgs/environment/path.sh
[0.565s] -- Up-to-date: /home/dynepanch/ros2_ws3/ros2_ws/install/person_msgs/share/person_msgs/environment/path.dsv
[0.565s] -- Up-to-date: /home/dynepanch/ros2_ws3/ros2_ws/install/person_msgs/share/person_msgs/local_setup.bash
[0.565s] -- Up-to-date: /home/dynepanch/ros2_ws3/ros2_ws/install/person_msgs/share/person_msgs/local_setup.sh
[0.566s] -- Up-to-date: /home/dynepanch/ros2_ws3/ros2_ws/install/person_msgs/share/person_msgs/local_setup.zsh
[0.566s] -- Up-to-date: /home/dynepanch/ros2_ws3/ros2_ws/install/person_msgs/share/person_msgs/local_setup.dsv
[0.566s] -- Installing: /home/dynepanch/ros2_ws3/ros2_ws/install/person_msgs/share/person_msgs/package.dsv
[0.566s] -- Up-to-date: /home/dynepanch/ros2_ws3/ros2_ws/install/person_msgs/share/ament_index/resource_index/packages/person_msgs
[0.566s] -- Up-to-date: /home/dynepanch/ros2_ws3/ros2_ws/install/person_msgs/share/person_msgs/cmake/export_person_msgs__rosidl_generator_cExport.cmake
[0.567s] -- Up-to-date: /home/dynepanch/ros2_ws3/ros2_ws/install/person_msgs/share/person_msgs/cmake/export_person_msgs__rosidl_generator_cExport-noconfig.cmake
[0.567s] -- Up-to-date: /home/dynepanch/ros2_ws3/ros2_ws/install/person_msgs/share/person_msgs/cmake/export_person_msgs__rosidl_typesupport_fastrtps_cExport.cmake
[0.567s] -- Up-to-date: /home/dynepanch/ros2_ws3/ros2_ws/install/person_msgs/share/person_msgs/cmake/export_person_msgs__rosidl_typesupport_fastrtps_cExport-noconfig.cmake
[0.567s] -- Up-to-date: /home/dynepanch/ros2_ws3/ros2_ws/install/person_msgs/share/person_msgs/cmake/person_msgs__rosidl_typesupport_introspection_cExport.cmake
[0.567s] -- Up-to-date: /home/dynepanch/ros2_ws3/ros2_ws/install/person_msgs/share/person_msgs/cmake/person_msgs__rosidl_typesupport_introspection_cExport-noconfig.cmake
[0.567s] -- Up-to-date: /home/dynepanch/ros2_ws3/ros2_ws/install/person_msgs/share/person_msgs/cmake/person_msgs__rosidl_typesupport_cExport.cmake
[0.567s] -- Up-to-date: /home/dynepanch/ros2_ws3/ros2_ws/install/person_msgs/share/person_msgs/cmake/person_msgs__rosidl_typesupport_cExport-noconfig.cmake
[0.567s] -- Up-to-date: /home/dynepanch/ros2_ws3/ros2_ws/install/person_msgs/share/person_msgs/cmake/export_person_msgs__rosidl_generator_cppExport.cmake
[0.567s] -- Up-to-date: /home/dynepanch/ros2_ws3/ros2_ws/install/person_msgs/share/person_msgs/cmake/export_person_msgs__rosidl_typesupport_fastrtps_cppExport.cmake
[0.567s] -- Up-to-date: /home/dynepanch/ros2_ws3/ros2_ws/install/person_msgs/share/person_msgs/cmake/export_person_msgs__rosidl_typesupport_fastrtps_cppExport-noconfig.cmake
[0.567s] -- Up-to-date: /home/dynepanch/ros2_ws3/ros2_ws/install/person_msgs/share/person_msgs/cmake/person_msgs__rosidl_typesupport_introspection_cppExport.cmake
[0.567s] -- Up-to-date: /home/dynepanch/ros2_ws3/ros2_ws/install/person_msgs/share/person_msgs/cmake/person_msgs__rosidl_typesupport_introspection_cppExport-noconfig.cmake
[0.567s] -- Up-to-date: /home/dynepanch/ros2_ws3/ros2_ws/install/person_msgs/share/person_msgs/cmake/person_msgs__rosidl_typesupport_cppExport.cmake
[0.567s] -- Up-to-date: /home/dynepanch/ros2_ws3/ros2_ws/install/person_msgs/share/person_msgs/cmake/person_msgs__rosidl_typesupport_cppExport-noconfig.cmake
[0.567s] -- Up-to-date: /home/dynepanch/ros2_ws3/ros2_ws/install/person_msgs/share/person_msgs/cmake/export_person_msgs__rosidl_generator_pyExport.cmake
[0.567s] -- Up-to-date: /home/dynepanch/ros2_ws3/ros2_ws/install/person_msgs/share/person_msgs/cmake/export_person_msgs__rosidl_generator_pyExport-noconfig.cmake
[0.568s] -- Up-to-date: /home/dynepanch/ros2_ws3/ros2_ws/install/person_msgs/share/person_msgs/cmake/rosidl_cmake-extras.cmake
[0.568s] -- Up-to-date: /home/dynepanch/ros2_ws3/ros2_ws/install/person_msgs/share/person_msgs/cmake/ament_cmake_export_include_directories-extras.cmake
[0.569s] -- Up-to-date: /home/dynepanch/ros2_ws3/ros2_ws/install/person_msgs/share/person_msgs/cmake/ament_cmake_export_libraries-extras.cmake
[0.569s] -- Up-to-date: /home/dynepanch/ros2_ws3/ros2_ws/install/person_msgs/share/person_msgs/cmake/ament_cmake_export_targets-extras.cmake
[0.569s] -- Up-to-date: /home/dynepanch/ros2_ws3/ros2_ws/install/person_msgs/share/person_msgs/cmake/rosidl_cmake_export_typesupport_targets-extras.cmake
[0.569s] -- Up-to-date: /home/dynepanch/ros2_ws3/ros2_ws/install/person_msgs/share/person_msgs/cmake/ament_cmake_export_dependencies-extras.cmake
[0.569s] -- Up-to-date: /home/dynepanch/ros2_ws3/ros2_ws/install/person_msgs/share/person_msgs/cmake/rosidl_cmake_export_typesupport_libraries-extras.cmake
[0.570s] -- Up-to-date: /home/dynepanch/ros2_ws3/ros2_ws/install/person_msgs/share/person_msgs/cmake/person_msgsConfig.cmake
[0.570s] -- Up-to-date: /home/dynepanch/ros2_ws3/ros2_ws/install/person_msgs/share/person_msgs/cmake/person_msgsConfig-version.cmake
[0.570s] -- Up-to-date: /home/dynepanch/ros2_ws3/ros2_ws/install/person_msgs/share/person_msgs/package.xml
[0.571s] Invoked command in '/home/dynepanch/ros2_ws3/ros2_ws/build/person_msgs' returned '0': CMAKE_PREFIX_PATH=${CMAKE_PREFIX_PATH}:/home/dynepanch/ros2_ws3/ros2_ws/install/mypkg:/opt/ros/humble /usr/bin/cmake --install /home/dynepanch/ros2_ws3/ros2_ws/build/person_msgs
