[0.498s] Invoking command in '/home/dynepanch/ros2_ws/src/mypkg': PYTHONPATH=/home/dynepanch/ros2_ws/install/mypkg/lib/python3.10/site-packages:${PYTHONPATH} /usr/bin/python3 setup.py egg_info --egg-base ../../build/mypkg build --build-base /home/dynepanch/ros2_ws/build/mypkg/build install --prefix /home/dynepanch/ros2_ws/install/mypkg --record /home/dynepanch/ros2_ws/build/mypkg/install.log --single-version-externally-managed
[0.691s] running egg_info
[0.692s] writing ../../build/mypkg/mypkg.egg-info/PKG-INFO
[0.695s] writing dependency_links to ../../build/mypkg/mypkg.egg-info/dependency_links.txt
[0.696s] writing entry points to ../../build/mypkg/mypkg.egg-info/entry_points.txt
[0.696s] writing requirements to ../../build/mypkg/mypkg.egg-info/requires.txt
[0.696s] writing top-level names to ../../build/mypkg/mypkg.egg-info/top_level.txt
[0.698s] reading manifest file '../../build/mypkg/mypkg.egg-info/SOURCES.txt'
[0.699s] writing manifest file '../../build/mypkg/mypkg.egg-info/SOURCES.txt'
[0.699s] running build
[0.699s] running build_py
[0.699s] copying mypkg/listener.py -> /home/dynepanch/ros2_ws/build/mypkg/build/lib/mypkg
[0.699s] running install
[0.699s] /usr/lib/python3/dist-packages/setuptools/command/install.py:34: SetuptoolsDeprecationWarning: setup.py install is deprecated. Use build and pip and other standards-based tools.
[0.700s]   warnings.warn(
[0.700s] running install_lib
[0.700s] copying /home/dynepanch/ros2_ws/build/mypkg/build/lib/mypkg/listener.py -> /home/dynepanch/ros2_ws/install/mypkg/lib/python3.10/site-packages/mypkg
[0.701s] byte-compiling /home/dynepanch/ros2_ws/install/mypkg/lib/python3.10/site-packages/mypkg/listener.py to listener.cpython-310.pyc
[0.701s]   File "/home/dynepanch/ros2_ws/install/mypkg/lib/python3.10/site-packages/mypkg/listener.py", line 2
[0.701s]     rt rclpy
[0.701s]        ^^^^^
[0.702s] SyntaxError: invalid syntax
[0.702s] 
[0.702s] running install_data
[0.702s] copying package.xml -> /home/dynepanch/ros2_ws/install/mypkg/share/mypkg
[0.703s] copying launch/talk_listen.launch.py -> /home/dynepanch/ros2_ws/install/mypkg/share/mypkg
[0.703s] running install_egg_info
[0.704s] removing '/home/dynepanch/ros2_ws/install/mypkg/lib/python3.10/site-packages/mypkg-0.0.0-py3.10.egg-info' (and everything under it)
[0.705s] Copying ../../build/mypkg/mypkg.egg-info to /home/dynepanch/ros2_ws/install/mypkg/lib/python3.10/site-packages/mypkg-0.0.0-py3.10.egg-info
[0.706s] running install_scripts
[0.723s] Installing listener script to /home/dynepanch/ros2_ws/install/mypkg/lib/mypkg
[0.723s] Installing talker script to /home/dynepanch/ros2_ws/install/mypkg/lib/mypkg
[0.724s] writing list of installed files to '/home/dynepanch/ros2_ws/build/mypkg/install.log'
[0.745s] Invoked command in '/home/dynepanch/ros2_ws/src/mypkg' returned '0': PYTHONPATH=/home/dynepanch/ros2_ws/install/mypkg/lib/python3.10/site-packages:${PYTHONPATH} /usr/bin/python3 setup.py egg_info --egg-base ../../build/mypkg build --build-base /home/dynepanch/ros2_ws/build/mypkg/build install --prefix /home/dynepanch/ros2_ws/install/mypkg --record /home/dynepanch/ros2_ws/build/mypkg/install.log --single-version-externally-managed
