[0.476s] Invoking command in '/home/dynepanch/ros2_ws/src/mypkg': PYTHONPATH=/home/dynepanch/ros2_ws/src/mypkg/install/mypkg/lib/python3.10/site-packages:${PYTHONPATH} /usr/bin/python3 setup.py egg_info --egg-base build/mypkg build --build-base /home/dynepanch/ros2_ws/src/mypkg/build/mypkg/build install --prefix /home/dynepanch/ros2_ws/src/mypkg/install/mypkg --record /home/dynepanch/ros2_ws/src/mypkg/build/mypkg/install.log --single-version-externally-managed
[0.656s] running egg_info
[0.656s] writing build/mypkg/mypkg.egg-info/PKG-INFO
[0.657s] writing dependency_links to build/mypkg/mypkg.egg-info/dependency_links.txt
[0.657s] writing entry points to build/mypkg/mypkg.egg-info/entry_points.txt
[0.657s] writing requirements to build/mypkg/mypkg.egg-info/requires.txt
[0.657s] writing top-level names to build/mypkg/mypkg.egg-info/top_level.txt
[0.659s] reading manifest file 'build/mypkg/mypkg.egg-info/SOURCES.txt'
[0.659s] writing manifest file 'build/mypkg/mypkg.egg-info/SOURCES.txt'
[0.660s] running build
[0.660s] running build_py
[0.660s] copying mypkg/listener.py -> /home/dynepanch/ros2_ws/src/mypkg/build/mypkg/build/lib/mypkg
[0.660s] running install
[0.660s] /usr/lib/python3/dist-packages/setuptools/command/install.py:34: SetuptoolsDeprecationWarning: setup.py install is deprecated. Use build and pip and other standards-based tools.
[0.660s]   warnings.warn(
[0.660s] running install_lib
[0.661s] copying /home/dynepanch/ros2_ws/src/mypkg/build/mypkg/build/lib/mypkg/listener.py -> /home/dynepanch/ros2_ws/src/mypkg/install/mypkg/lib/python3.10/site-packages/mypkg
[0.661s] byte-compiling /home/dynepanch/ros2_ws/src/mypkg/install/mypkg/lib/python3.10/site-packages/mypkg/listener.py to listener.cpython-310.pyc
[0.662s]   File "/home/dynepanch/ros2_ws/src/mypkg/install/mypkg/lib/python3.10/site-packages/mypkg/listener.py", line 2
[0.662s]     from rclpy,node import Node
[0.662s]               ^
[0.662s] SyntaxError: invalid syntax
[0.662s] 
[0.662s] running install_data
[0.663s] running install_egg_info
[0.663s] removing '/home/dynepanch/ros2_ws/src/mypkg/install/mypkg/lib/python3.10/site-packages/mypkg-0.0.0-py3.10.egg-info' (and everything under it)
[0.664s] Copying build/mypkg/mypkg.egg-info to /home/dynepanch/ros2_ws/src/mypkg/install/mypkg/lib/python3.10/site-packages/mypkg-0.0.0-py3.10.egg-info
[0.664s] running install_scripts
[0.680s] Installing listener script to /home/dynepanch/ros2_ws/src/mypkg/install/mypkg/lib/mypkg
[0.680s] Installing talker script to /home/dynepanch/ros2_ws/src/mypkg/install/mypkg/lib/mypkg
[0.680s] writing list of installed files to '/home/dynepanch/ros2_ws/src/mypkg/build/mypkg/install.log'
[0.699s] Invoked command in '/home/dynepanch/ros2_ws/src/mypkg' returned '0': PYTHONPATH=/home/dynepanch/ros2_ws/src/mypkg/install/mypkg/lib/python3.10/site-packages:${PYTHONPATH} /usr/bin/python3 setup.py egg_info --egg-base build/mypkg build --build-base /home/dynepanch/ros2_ws/src/mypkg/build/mypkg/build install --prefix /home/dynepanch/ros2_ws/src/mypkg/install/mypkg --record /home/dynepanch/ros2_ws/src/mypkg/build/mypkg/install.log --single-version-externally-managed
